<?xml version="1.0" encoding="UTF-8"?>
<coverage generated="1752096621943" clover="3.2.0">
  <project timestamp="1752096621943" name="All files">
    <metrics statements="298" coveredstatements="287" conditionals="193" coveredconditionals="169" methods="82" coveredmethods="77" elements="573" coveredelements="533" complexity="0" loc="298" ncloc="298" packages="2" files="5" classes="5"/>
    <package name="src">
      <metrics statements="226" coveredstatements="215" conditionals="150" coveredconditionals="128" methods="73" coveredmethods="68"/>
      <file name="TemporalUtils.ts" path="/Users/jdavidoa91/Documents/GitHub/atemporal/src/TemporalUtils.ts">
        <metrics statements="55" coveredstatements="48" conditionals="41" coveredconditionals="33" methods="13" coveredmethods="11"/>
        <line num="9" count="10" type="stmt"/>
        <line num="12" count="10" type="stmt"/>
        <line num="14" count="10" type="stmt"/>
        <line num="15" count="10" type="stmt"/>
        <line num="21" count="19" type="stmt"/>
        <line num="28" count="42" type="stmt"/>
        <line num="36" count="5" type="stmt"/>
        <line num="39" count="5" type="stmt"/>
        <line num="40" count="4" type="stmt"/>
        <line num="42" count="1" type="stmt"/>
        <line num="50" count="653" type="stmt"/>
        <line num="59" count="616" type="cond" truecount="2" falsecount="0"/>
        <line num="61" count="616" type="cond" truecount="3" falsecount="1"/>
        <line num="62" count="0" type="stmt"/>
        <line num="66" count="616" type="cond" truecount="2" falsecount="0"/>
        <line num="67" count="295" type="cond" truecount="2" falsecount="2"/>
        <line num="69" count="321" type="cond" truecount="5" falsecount="0"/>
        <line num="70" count="250" type="stmt"/>
        <line num="71" count="250" type="cond" truecount="3" falsecount="1"/>
        <line num="73" count="71" type="cond" truecount="2" falsecount="0"/>
        <line num="74" count="1" type="stmt"/>
        <line num="78" count="70" type="cond" truecount="1" falsecount="1"/>
        <line num="79" count="0" type="stmt"/>
        <line num="83" count="70" type="cond" truecount="2" falsecount="0"/>
        <line num="84" count="60" type="stmt"/>
        <line num="88" count="60" type="stmt"/>
        <line num="89" count="16" type="stmt"/>
        <line num="91" count="16" type="cond" truecount="3" falsecount="1"/>
        <line num="93" count="44" type="stmt"/>
        <line num="96" count="44" type="stmt"/>
        <line num="97" count="22" type="stmt"/>
        <line num="100" count="22" type="stmt"/>
        <line num="106" count="10" type="cond" truecount="2" falsecount="0"/>
        <line num="107" count="8" type="stmt"/>
        <line num="111" count="2" type="stmt"/>
        <line num="118" count="2" type="stmt"/>
        <line num="125" count="231" type="stmt"/>
        <line num="126" count="231" type="stmt"/>
        <line num="131" count="230" type="stmt"/>
        <line num="138" count="1" type="stmt"/>
        <line num="145" count="1" type="stmt"/>
        <line num="152" count="8" type="stmt"/>
        <line num="153" count="8" type="stmt"/>
        <line num="154" count="7" type="stmt"/>
        <line num="156" count="6" type="stmt"/>
        <line num="157" count="6" type="stmt"/>
        <line num="159" count="6" type="cond" truecount="2" falsecount="0"/>
        <line num="163" count="6" type="cond" truecount="2" falsecount="0"/>
        <line num="167" count="6" type="cond" truecount="2" falsecount="0"/>
        <line num="174" count="0" type="stmt"/>
        <line num="181" count="2" type="stmt"/>
        <line num="188" count="0" type="stmt"/>
        <line num="189" count="0" type="stmt"/>
        <line num="190" count="0" type="stmt"/>
        <line num="192" count="0" type="stmt"/>
      </file>
      <file name="TemporalWrapper.ts" path="/Users/jdavidoa91/Documents/GitHub/atemporal/src/TemporalWrapper.ts">
        <metrics statements="149" coveredstatements="145" conditionals="101" coveredconditionals="87" methods="57" coveredmethods="55"/>
        <line num="8" count="10" type="stmt"/>
        <line num="16" count="47" type="cond" truecount="2" falsecount="0"/>
        <line num="17" count="44" type="stmt"/>
        <line num="25" count="10" type="stmt"/>
        <line num="28" count="24" type="cond" truecount="2" falsecount="0"/>
        <line num="29" count="2" type="stmt"/>
        <line num="31" count="22" type="stmt"/>
        <line num="32" count="17" type="stmt"/>
        <line num="33" count="1" type="stmt"/>
        <line num="34" count="17" type="stmt"/>
        <line num="35" count="1" type="stmt"/>
        <line num="36" count="17" type="stmt"/>
        <line num="37" count="1" type="stmt"/>
        <line num="38" count="16" type="stmt"/>
        <line num="39" count="1" type="stmt"/>
        <line num="40" count="16" type="stmt"/>
        <line num="41" count="1" type="stmt"/>
        <line num="42" count="10" type="stmt"/>
        <line num="43" count="1" type="stmt"/>
        <line num="44" count="4" type="stmt"/>
        <line num="45" count="2" type="stmt"/>
        <line num="46" count="0" type="cond" truecount="0" falsecount="2"/>
        <line num="48" count="4" type="stmt"/>
        <line num="49" count="0" type="stmt"/>
        <line num="50" count="2" type="stmt"/>
        <line num="52" count="22" type="stmt"/>
        <line num="53" count="22" type="stmt"/>
        <line num="56" count="10" type="stmt"/>
        <line num="64" count="116" type="stmt"/>
        <line num="65" count="116" type="stmt"/>
        <line num="66" count="99" type="stmt"/>
        <line num="68" count="17" type="stmt"/>
        <line num="69" count="17" type="stmt"/>
        <line num="77" count="109" type="stmt"/>
        <line num="85" count="5" type="stmt"/>
        <line num="86" count="5" type="stmt"/>
        <line num="95" count="58" type="stmt"/>
        <line num="96" count="58" type="stmt"/>
        <line num="97" count="58" type="stmt"/>
        <line num="98" count="58" type="stmt"/>
        <line num="106" count="58" type="stmt"/>
        <line num="110" count="1633" type="stmt"/>
        <line num="114" count="1020" type="cond" truecount="4" falsecount="0"/>
        <line num="115" count="1" type="stmt"/>
        <line num="117" count="1019" type="stmt"/>
        <line num="121" count="2" type="cond" truecount="1" falsecount="1"/>
        <line num="124" count="2" type="stmt"/>
        <line num="128" count="23" type="cond" truecount="2" falsecount="0"/>
        <line num="129" count="22" type="stmt"/>
        <line num="130" count="22" type="stmt"/>
        <line num="131" count="22" type="stmt"/>
        <line num="135" count="26" type="cond" truecount="2" falsecount="0"/>
        <line num="136" count="25" type="stmt"/>
        <line num="137" count="25" type="stmt"/>
        <line num="138" count="25" type="stmt"/>
        <line num="142" count="1" type="cond" truecount="1" falsecount="1"/>
        <line num="143" count="1" type="stmt"/>
        <line num="144" count="1" type="stmt"/>
        <line num="152" count="10" type="cond" truecount="2" falsecount="0"/>
        <line num="153" count="9" type="cond" truecount="7" falsecount="0"/>
        <line num="155" count="2" type="stmt"/>
        <line num="156" count="2" type="stmt"/>
        <line num="159" count="2" type="stmt"/>
        <line num="160" count="2" type="stmt"/>
        <line num="164" count="1" type="stmt"/>
        <line num="165" count="1" type="stmt"/>
        <line num="166" count="1" type="stmt"/>
        <line num="167" count="1" type="stmt"/>
        <line num="170" count="1" type="stmt"/>
        <line num="174" count="3" type="stmt"/>
        <line num="175" count="3" type="stmt"/>
        <line num="180" count="3" type="cond" truecount="1" falsecount="1"/>
        <line num="181" count="3" type="stmt"/>
        <line num="182" count="3" type="stmt"/>
        <line num="183" count="3" type="stmt"/>
        <line num="187" count="2" type="cond" truecount="2" falsecount="0"/>
        <line num="188" count="1" type="stmt"/>
        <line num="192" count="2" type="cond" truecount="1" falsecount="1"/>
        <line num="193" count="2" type="stmt"/>
        <line num="197" count="26" type="cond" truecount="2" falsecount="0"/>
        <line num="198" count="26" type="cond" truecount="2" falsecount="0"/>
        <line num="199" count="25" type="cond" truecount="2" falsecount="0"/>
        <line num="201" count="2" type="cond" truecount="1" falsecount="1"/>
        <line num="202" count="2" type="stmt"/>
        <line num="203" count="2" type="stmt"/>
        <line num="205" count="23" type="cond" truecount="2" falsecount="0"/>
        <line num="206" count="20" type="cond" truecount="2" falsecount="0"/>
        <line num="207" count="14" type="cond" truecount="2" falsecount="0"/>
        <line num="208" count="6" type="cond" truecount="2" falsecount="0"/>
        <line num="209" count="1" type="cond" truecount="1" falsecount="1"/>
        <line num="210" count="1" type="cond" truecount="1" falsecount="1"/>
        <line num="216" count="27" type="cond" truecount="2" falsecount="0"/>
        <line num="217" count="1" type="stmt"/>
        <line num="220" count="26" type="cond" truecount="2" falsecount="0"/>
        <line num="221" count="24" type="stmt"/>
        <line num="222" count="24" type="stmt"/>
        <line num="225" count="24" type="stmt"/>
        <line num="227" count="24" type="stmt"/>
        <line num="229" count="112" type="cond" truecount="2" falsecount="0"/>
        <line num="230" count="1" type="stmt"/>
        <line num="234" count="111" type="cond" truecount="1" falsecount="1"/>
        <line num="235" count="111" type="stmt"/>
        <line num="239" count="0" type="stmt"/>
        <line num="243" count="2" type="stmt"/>
        <line num="244" count="2" type="cond" truecount="1" falsecount="1"/>
        <line num="248" count="2" type="cond" truecount="5" falsecount="0"/>
        <line num="250" count="1" type="stmt"/>
        <line num="257" count="1" type="stmt"/>
        <line num="262" count="1" type="stmt"/>
        <line num="271" count="232" type="cond" truecount="2" falsecount="0"/>
        <line num="272" count="231" type="stmt"/>
        <line num="273" count="231" type="stmt"/>
        <line num="275" count="1" type="stmt"/>
        <line num="280" count="2" type="cond" truecount="1" falsecount="1"/>
        <line num="281" count="2" type="stmt"/>
        <line num="290" count="10" type="cond" truecount="1" falsecount="1"/>
        <line num="296" count="10" type="cond" truecount="3" falsecount="0"/>
        <line num="297" count="10" type="cond" truecount="2" falsecount="0"/>
        <line num="300" count="10" type="cond" truecount="1" falsecount="1"/>
        <line num="301" count="10" type="stmt"/>
        <line num="305" count="0" type="stmt"/>
        <line num="314" count="510" type="stmt"/>
        <line num="318" count="2" type="cond" truecount="2" falsecount="0"/>
        <line num="319" count="1" type="stmt"/>
        <line num="320" count="1" type="stmt"/>
        <line num="322" count="1" type="stmt"/>
        <line num="327" count="2" type="cond" truecount="2" falsecount="0"/>
        <line num="328" count="1" type="stmt"/>
        <line num="329" count="1" type="stmt"/>
        <line num="331" count="1" type="stmt"/>
        <line num="336" count="9" type="cond" truecount="2" falsecount="0"/>
        <line num="337" count="8" type="stmt"/>
        <line num="338" count="8" type="stmt"/>
        <line num="340" count="2" type="stmt"/>
        <line num="345" count="8" type="cond" truecount="2" falsecount="0"/>
        <line num="346" count="7" type="stmt"/>
        <line num="347" count="7" type="stmt"/>
        <line num="348" count="6" type="cond" truecount="4" falsecount="0"/>
        <line num="350" count="2" type="stmt"/>
        <line num="352" count="2" type="cond" truecount="2" falsecount="0"/>
        <line num="355" count="1" type="stmt"/>
        <line num="357" count="1" type="stmt"/>
        <line num="360" count="1" type="stmt"/>
        <line num="365" count="3" type="cond" truecount="2" falsecount="0"/>
        <line num="366" count="2" type="stmt"/>
        <line num="367" count="2" type="stmt"/>
        <line num="369" count="1" type="stmt"/>
        <line num="374" count="4" type="cond" truecount="2" falsecount="0"/>
        <line num="375" count="3" type="stmt"/>
      </file>
      <file name="index.ts" path="/Users/jdavidoa91/Documents/GitHub/atemporal/src/index.ts">
        <metrics statements="22" coveredstatements="22" conditionals="8" coveredconditionals="8" methods="3" coveredmethods="2"/>
        <line num="8" count="10" type="stmt"/>
        <line num="10" count="10" type="stmt"/>
        <line num="11" count="10" type="stmt"/>
        <line num="12" count="10" type="stmt"/>
        <line num="16" count="10" type="stmt"/>
        <line num="25" count="10" type="stmt"/>
        <line num="27" count="96" type="cond" truecount="2" falsecount="0"/>
        <line num="28" count="2" type="cond" truecount="2" falsecount="0"/>
        <line num="31" count="94" type="cond" truecount="2" falsecount="0"/>
        <line num="33" count="50" type="cond" truecount="2" falsecount="0"/>
        <line num="34" count="50" type="stmt"/>
        <line num="38" count="44" type="stmt"/>
        <line num="42" count="10" type="stmt"/>
        <line num="50" count="10" type="stmt"/>
        <line num="56" count="10" type="stmt"/>
        <line num="62" count="10" type="stmt"/>
        <line num="68" count="10" type="stmt"/>
        <line num="74" count="10" type="stmt"/>
        <line num="80" count="10" type="stmt"/>
        <line num="86" count="10" type="stmt"/>
        <line num="87" count="5" type="stmt"/>
        <line num="91" count="10" type="stmt"/>
      </file>
    </package>
    <package name="src.plugins">
      <metrics statements="72" coveredstatements="72" conditionals="43" coveredconditionals="41" methods="9" coveredmethods="9"/>
      <file name="customParseFormat.ts" path="/Users/jdavidoa91/Documents/GitHub/atemporal/src/plugins/customParseFormat.ts">
        <metrics statements="31" coveredstatements="31" conditionals="25" coveredconditionals="23" methods="5" coveredmethods="5"/>
        <line num="6" count="2" type="stmt"/>
        <line num="27" count="2" type="stmt"/>
        <line num="42" count="2" type="stmt"/>
        <line num="50" count="15" type="stmt"/>
        <line num="52" count="15" type="stmt"/>
        <line num="54" count="15" type="stmt"/>
        <line num="55" count="48" type="stmt"/>
        <line num="56" count="48" type="stmt"/>
        <line num="60" count="15" type="stmt"/>
        <line num="61" count="15" type="stmt"/>
        <line num="63" count="15" type="cond" truecount="2" falsecount="0"/>
        <line num="64" count="5" type="stmt"/>
        <line num="67" count="10" type="stmt"/>
        <line num="68" count="10" type="stmt"/>
        <line num="70" count="36" type="stmt"/>
        <line num="74" count="10" type="cond" truecount="4" falsecount="0"/>
        <line num="77" count="10" type="cond" truecount="2" falsecount="0"/>
        <line num="78" count="1" type="stmt"/>
        <line num="82" count="9" type="cond" truecount="2" falsecount="1"/>
        <line num="83" count="9" type="cond" truecount="2" falsecount="1"/>
        <line num="84" count="9" type="cond" truecount="3" falsecount="0"/>
        <line num="85" count="9" type="cond" truecount="3" falsecount="0"/>
        <line num="86" count="9" type="cond" truecount="3" falsecount="0"/>
        <line num="88" count="9" type="stmt"/>
        <line num="92" count="2" type="stmt"/>
        <line num="93" count="2" type="stmt"/>
        <line num="98" count="15" type="stmt"/>
        <line num="101" count="15" type="cond" truecount="2" falsecount="0"/>
        <line num="102" count="6" type="stmt"/>
        <line num="106" count="9" type="stmt"/>
        <line num="110" count="2" type="stmt"/>
      </file>
      <file name="relativeTime.ts" path="/Users/jdavidoa91/Documents/GitHub/atemporal/src/plugins/relativeTime.ts">
        <metrics statements="41" coveredstatements="41" conditionals="18" coveredconditionals="18" methods="4" coveredmethods="4"/>
        <line num="46" count="3" type="stmt"/>
        <line num="52" count="40" type="cond" truecount="4" falsecount="0"/>
        <line num="53" count="2" type="stmt"/>
        <line num="57" count="38" type="stmt"/>
        <line num="65" count="38" type="stmt"/>
        <line num="66" count="38" type="stmt"/>
        <line num="67" count="38" type="stmt"/>
        <line num="68" count="38" type="stmt"/>
        <line num="69" count="38" type="stmt"/>
        <line num="70" count="38" type="stmt"/>
        <line num="76" count="38" type="cond" truecount="2" falsecount="0"/>
        <line num="77" count="4" type="stmt"/>
        <line num="78" count="4" type="stmt"/>
        <line num="79" count="34" type="cond" truecount="2" falsecount="0"/>
        <line num="80" count="9" type="stmt"/>
        <line num="81" count="9" type="stmt"/>
        <line num="82" count="25" type="cond" truecount="2" falsecount="0"/>
        <line num="83" count="6" type="stmt"/>
        <line num="84" count="6" type="stmt"/>
        <line num="85" count="19" type="cond" truecount="2" falsecount="0"/>
        <line num="86" count="11" type="stmt"/>
        <line num="87" count="11" type="stmt"/>
        <line num="88" count="8" type="cond" truecount="2" falsecount="0"/>
        <line num="89" count="3" type="stmt"/>
        <line num="90" count="3" type="stmt"/>
        <line num="92" count="5" type="stmt"/>
        <line num="93" count="5" type="stmt"/>
        <line num="96" count="38" type="cond" truecount="2" falsecount="0"/>
        <line num="99" count="7" type="stmt"/>
        <line num="107" count="31" type="stmt"/>
        <line num="108" count="31" type="stmt"/>
        <line num="112" count="3" type="stmt"/>
        <line num="113" count="3" type="cond" truecount="1" falsecount="0"/>
        <line num="114" count="27" type="stmt"/>
        <line num="115" count="27" type="stmt"/>
        <line num="116" count="27" type="stmt"/>
        <line num="119" count="3" type="cond" truecount="1" falsecount="0"/>
        <line num="120" count="13" type="stmt"/>
        <line num="121" count="13" type="stmt"/>
        <line num="122" count="13" type="stmt"/>
        <line num="126" count="3" type="stmt"/>
      </file>
    </package>
  </project>
</coverage>
