<?xml version="1.0" encoding="UTF-8"?>
<coverage generated="1752094294415" clover="3.2.0">
  <project timestamp="1752094294415" name="All files">
    <metrics statements="289" coveredstatements="277" conditionals="186" coveredconditionals="161" methods="80" coveredmethods="75" elements="555" coveredelements="513" complexity="0" loc="289" ncloc="289" packages="2" files="5" classes="5"/>
    <package name="src">
      <metrics statements="217" coveredstatements="205" conditionals="143" coveredconditionals="120" methods="71" coveredmethods="66"/>
      <file name="TemporalUtils.ts" path="/Users/jdavidoa91/Documents/GitHub/atemporal/src/TemporalUtils.ts">
        <metrics statements="55" coveredstatements="47" conditionals="41" coveredconditionals="32" methods="13" coveredmethods="11"/>
        <line num="9" count="9" type="stmt"/>
        <line num="12" count="9" type="stmt"/>
        <line num="14" count="9" type="stmt"/>
        <line num="15" count="9" type="stmt"/>
        <line num="21" count="19" type="stmt"/>
        <line num="28" count="42" type="stmt"/>
        <line num="36" count="5" type="stmt"/>
        <line num="39" count="5" type="stmt"/>
        <line num="40" count="4" type="stmt"/>
        <line num="42" count="1" type="stmt"/>
        <line num="50" count="645" type="stmt"/>
        <line num="59" count="605" type="cond" truecount="2" falsecount="0"/>
        <line num="61" count="605" type="cond" truecount="3" falsecount="1"/>
        <line num="62" count="0" type="stmt"/>
        <line num="66" count="605" type="cond" truecount="2" falsecount="0"/>
        <line num="67" count="295" type="cond" truecount="2" falsecount="2"/>
        <line num="69" count="310" type="cond" truecount="5" falsecount="0"/>
        <line num="70" count="249" type="stmt"/>
        <line num="71" count="249" type="cond" truecount="3" falsecount="1"/>
        <line num="73" count="61" type="cond" truecount="2" falsecount="0"/>
        <line num="74" count="1" type="stmt"/>
        <line num="78" count="60" type="cond" truecount="1" falsecount="1"/>
        <line num="79" count="0" type="stmt"/>
        <line num="83" count="60" type="cond" truecount="2" falsecount="0"/>
        <line num="84" count="58" type="stmt"/>
        <line num="88" count="58" type="stmt"/>
        <line num="89" count="16" type="stmt"/>
        <line num="91" count="16" type="cond" truecount="3" falsecount="1"/>
        <line num="93" count="42" type="stmt"/>
        <line num="96" count="42" type="stmt"/>
        <line num="97" count="20" type="stmt"/>
        <line num="100" count="22" type="stmt"/>
        <line num="106" count="2" type="cond" truecount="1" falsecount="1"/>
        <line num="107" count="0" type="stmt"/>
        <line num="111" count="2" type="stmt"/>
        <line num="118" count="2" type="stmt"/>
        <line num="125" count="231" type="stmt"/>
        <line num="126" count="231" type="stmt"/>
        <line num="131" count="230" type="stmt"/>
        <line num="138" count="1" type="stmt"/>
        <line num="145" count="1" type="stmt"/>
        <line num="152" count="8" type="stmt"/>
        <line num="153" count="8" type="stmt"/>
        <line num="154" count="7" type="stmt"/>
        <line num="156" count="6" type="stmt"/>
        <line num="157" count="6" type="stmt"/>
        <line num="159" count="6" type="cond" truecount="2" falsecount="0"/>
        <line num="163" count="6" type="cond" truecount="2" falsecount="0"/>
        <line num="167" count="6" type="cond" truecount="2" falsecount="0"/>
        <line num="174" count="0" type="stmt"/>
        <line num="181" count="2" type="stmt"/>
        <line num="188" count="0" type="stmt"/>
        <line num="189" count="0" type="stmt"/>
        <line num="190" count="0" type="stmt"/>
        <line num="192" count="0" type="stmt"/>
      </file>
      <file name="TemporalWrapper.ts" path="/Users/jdavidoa91/Documents/GitHub/atemporal/src/TemporalWrapper.ts">
        <metrics statements="142" coveredstatements="138" conditionals="94" coveredconditionals="80" methods="55" coveredmethods="53"/>
        <line num="8" count="9" type="stmt"/>
        <line num="16" count="47" type="cond" truecount="2" falsecount="0"/>
        <line num="17" count="44" type="stmt"/>
        <line num="25" count="9" type="stmt"/>
        <line num="28" count="21" type="cond" truecount="2" falsecount="0"/>
        <line num="29" count="2" type="stmt"/>
        <line num="31" count="19" type="stmt"/>
        <line num="32" count="15" type="stmt"/>
        <line num="33" count="1" type="stmt"/>
        <line num="34" count="15" type="stmt"/>
        <line num="35" count="1" type="stmt"/>
        <line num="36" count="15" type="stmt"/>
        <line num="37" count="1" type="stmt"/>
        <line num="38" count="14" type="stmt"/>
        <line num="39" count="1" type="stmt"/>
        <line num="40" count="14" type="stmt"/>
        <line num="41" count="1" type="stmt"/>
        <line num="42" count="9" type="stmt"/>
        <line num="43" count="1" type="stmt"/>
        <line num="44" count="4" type="stmt"/>
        <line num="45" count="2" type="stmt"/>
        <line num="46" count="0" type="cond" truecount="0" falsecount="2"/>
        <line num="48" count="3" type="stmt"/>
        <line num="49" count="0" type="stmt"/>
        <line num="51" count="19" type="stmt"/>
        <line num="52" count="19" type="stmt"/>
        <line num="55" count="9" type="stmt"/>
        <line num="63" count="106" type="stmt"/>
        <line num="64" count="106" type="stmt"/>
        <line num="65" count="89" type="stmt"/>
        <line num="67" count="17" type="stmt"/>
        <line num="68" count="17" type="stmt"/>
        <line num="76" count="104" type="stmt"/>
        <line num="85" count="58" type="stmt"/>
        <line num="86" count="58" type="stmt"/>
        <line num="87" count="58" type="stmt"/>
        <line num="88" count="58" type="stmt"/>
        <line num="96" count="58" type="stmt"/>
        <line num="100" count="1539" type="stmt"/>
        <line num="104" count="954" type="cond" truecount="4" falsecount="0"/>
        <line num="105" count="1" type="stmt"/>
        <line num="107" count="953" type="stmt"/>
        <line num="111" count="2" type="cond" truecount="1" falsecount="1"/>
        <line num="114" count="2" type="stmt"/>
        <line num="118" count="23" type="cond" truecount="2" falsecount="0"/>
        <line num="119" count="22" type="stmt"/>
        <line num="120" count="22" type="stmt"/>
        <line num="121" count="22" type="stmt"/>
        <line num="125" count="26" type="cond" truecount="2" falsecount="0"/>
        <line num="126" count="25" type="stmt"/>
        <line num="127" count="25" type="stmt"/>
        <line num="128" count="25" type="stmt"/>
        <line num="132" count="1" type="cond" truecount="1" falsecount="1"/>
        <line num="133" count="1" type="stmt"/>
        <line num="134" count="1" type="stmt"/>
        <line num="142" count="10" type="cond" truecount="2" falsecount="0"/>
        <line num="143" count="9" type="cond" truecount="7" falsecount="0"/>
        <line num="145" count="2" type="stmt"/>
        <line num="146" count="2" type="stmt"/>
        <line num="149" count="2" type="stmt"/>
        <line num="150" count="2" type="stmt"/>
        <line num="154" count="1" type="stmt"/>
        <line num="155" count="1" type="stmt"/>
        <line num="156" count="1" type="stmt"/>
        <line num="157" count="1" type="stmt"/>
        <line num="160" count="1" type="stmt"/>
        <line num="164" count="3" type="stmt"/>
        <line num="165" count="3" type="stmt"/>
        <line num="170" count="3" type="cond" truecount="1" falsecount="1"/>
        <line num="171" count="3" type="stmt"/>
        <line num="172" count="3" type="stmt"/>
        <line num="173" count="3" type="stmt"/>
        <line num="177" count="2" type="cond" truecount="2" falsecount="0"/>
        <line num="178" count="1" type="stmt"/>
        <line num="182" count="2" type="cond" truecount="1" falsecount="1"/>
        <line num="183" count="2" type="stmt"/>
        <line num="187" count="23" type="cond" truecount="2" falsecount="0"/>
        <line num="188" count="23" type="cond" truecount="2" falsecount="0"/>
        <line num="189" count="22" type="cond" truecount="2" falsecount="0"/>
        <line num="191" count="2" type="cond" truecount="1" falsecount="1"/>
        <line num="192" count="2" type="stmt"/>
        <line num="193" count="2" type="stmt"/>
        <line num="195" count="21" type="cond" truecount="2" falsecount="0"/>
        <line num="196" count="18" type="cond" truecount="2" falsecount="0"/>
        <line num="197" count="13" type="cond" truecount="2" falsecount="0"/>
        <line num="198" count="5" type="cond" truecount="2" falsecount="0"/>
        <line num="199" count="1" type="cond" truecount="1" falsecount="1"/>
        <line num="200" count="1" type="cond" truecount="1" falsecount="1"/>
        <line num="206" count="24" type="cond" truecount="2" falsecount="0"/>
        <line num="207" count="1" type="stmt"/>
        <line num="210" count="23" type="cond" truecount="2" falsecount="0"/>
        <line num="211" count="21" type="stmt"/>
        <line num="212" count="21" type="stmt"/>
        <line num="215" count="21" type="stmt"/>
        <line num="217" count="21" type="stmt"/>
        <line num="219" count="98" type="cond" truecount="2" falsecount="0"/>
        <line num="220" count="1" type="stmt"/>
        <line num="224" count="97" type="cond" truecount="1" falsecount="1"/>
        <line num="225" count="97" type="stmt"/>
        <line num="229" count="0" type="stmt"/>
        <line num="233" count="2" type="stmt"/>
        <line num="234" count="2" type="cond" truecount="1" falsecount="1"/>
        <line num="238" count="2" type="cond" truecount="5" falsecount="0"/>
        <line num="240" count="1" type="stmt"/>
        <line num="247" count="1" type="stmt"/>
        <line num="252" count="1" type="stmt"/>
        <line num="261" count="232" type="cond" truecount="2" falsecount="0"/>
        <line num="262" count="231" type="stmt"/>
        <line num="263" count="231" type="stmt"/>
        <line num="265" count="1" type="stmt"/>
        <line num="270" count="2" type="cond" truecount="1" falsecount="1"/>
        <line num="271" count="2" type="stmt"/>
        <line num="275" count="3" type="cond" truecount="1" falsecount="1"/>
        <line num="276" count="3" type="stmt"/>
        <line num="280" count="504" type="stmt"/>
        <line num="284" count="2" type="cond" truecount="2" falsecount="0"/>
        <line num="285" count="1" type="stmt"/>
        <line num="286" count="1" type="stmt"/>
        <line num="288" count="1" type="stmt"/>
        <line num="293" count="2" type="cond" truecount="2" falsecount="0"/>
        <line num="294" count="1" type="stmt"/>
        <line num="295" count="1" type="stmt"/>
        <line num="297" count="1" type="stmt"/>
        <line num="302" count="9" type="cond" truecount="2" falsecount="0"/>
        <line num="303" count="8" type="stmt"/>
        <line num="304" count="8" type="stmt"/>
        <line num="306" count="2" type="stmt"/>
        <line num="311" count="7" type="cond" truecount="2" falsecount="0"/>
        <line num="312" count="6" type="stmt"/>
        <line num="313" count="6" type="stmt"/>
        <line num="314" count="5" type="cond" truecount="3" falsecount="1"/>
        <line num="316" count="2" type="stmt"/>
        <line num="318" count="2" type="cond" truecount="2" falsecount="0"/>
        <line num="321" count="1" type="stmt"/>
        <line num="323" count="0" type="stmt"/>
        <line num="326" count="1" type="stmt"/>
        <line num="331" count="3" type="cond" truecount="2" falsecount="0"/>
        <line num="332" count="2" type="stmt"/>
        <line num="333" count="2" type="stmt"/>
        <line num="335" count="1" type="stmt"/>
        <line num="340" count="4" type="cond" truecount="2" falsecount="0"/>
        <line num="341" count="3" type="stmt"/>
      </file>
      <file name="index.ts" path="/Users/jdavidoa91/Documents/GitHub/atemporal/src/index.ts">
        <metrics statements="20" coveredstatements="20" conditionals="8" coveredconditionals="8" methods="3" coveredmethods="2"/>
        <line num="10" count="9" type="stmt"/>
        <line num="13" count="9" type="stmt"/>
        <line num="14" count="9" type="stmt"/>
        <line num="15" count="9" type="stmt"/>
        <line num="19" count="9" type="stmt"/>
        <line num="28" count="9" type="stmt"/>
        <line num="30" count="91" type="cond" truecount="2" falsecount="0"/>
        <line num="31" count="2" type="cond" truecount="2" falsecount="0"/>
        <line num="36" count="89" type="cond" truecount="2" falsecount="0"/>
        <line num="39" count="50" type="cond" truecount="2" falsecount="0"/>
        <line num="40" count="50" type="stmt"/>
        <line num="44" count="39" type="stmt"/>
        <line num="49" count="9" type="stmt"/>
        <line num="55" count="9" type="stmt"/>
        <line num="61" count="9" type="stmt"/>
        <line num="67" count="9" type="stmt"/>
        <line num="73" count="9" type="stmt"/>
        <line num="79" count="9" type="stmt"/>
        <line num="80" count="5" type="stmt"/>
        <line num="84" count="9" type="stmt"/>
      </file>
    </package>
    <package name="src.plugins">
      <metrics statements="72" coveredstatements="72" conditionals="43" coveredconditionals="41" methods="9" coveredmethods="9"/>
      <file name="customParseFormat.ts" path="/Users/jdavidoa91/Documents/GitHub/atemporal/src/plugins/customParseFormat.ts">
        <metrics statements="31" coveredstatements="31" conditionals="25" coveredconditionals="23" methods="5" coveredmethods="5"/>
        <line num="6" count="2" type="stmt"/>
        <line num="27" count="2" type="stmt"/>
        <line num="42" count="2" type="stmt"/>
        <line num="50" count="15" type="stmt"/>
        <line num="52" count="15" type="stmt"/>
        <line num="54" count="15" type="stmt"/>
        <line num="55" count="48" type="stmt"/>
        <line num="56" count="48" type="stmt"/>
        <line num="60" count="15" type="stmt"/>
        <line num="61" count="15" type="stmt"/>
        <line num="63" count="15" type="cond" truecount="2" falsecount="0"/>
        <line num="64" count="5" type="stmt"/>
        <line num="67" count="10" type="stmt"/>
        <line num="68" count="10" type="stmt"/>
        <line num="70" count="36" type="stmt"/>
        <line num="74" count="10" type="cond" truecount="4" falsecount="0"/>
        <line num="77" count="10" type="cond" truecount="2" falsecount="0"/>
        <line num="78" count="1" type="stmt"/>
        <line num="82" count="9" type="cond" truecount="2" falsecount="1"/>
        <line num="83" count="9" type="cond" truecount="2" falsecount="1"/>
        <line num="84" count="9" type="cond" truecount="3" falsecount="0"/>
        <line num="85" count="9" type="cond" truecount="3" falsecount="0"/>
        <line num="86" count="9" type="cond" truecount="3" falsecount="0"/>
        <line num="88" count="9" type="stmt"/>
        <line num="92" count="2" type="stmt"/>
        <line num="93" count="2" type="stmt"/>
        <line num="98" count="15" type="stmt"/>
        <line num="101" count="15" type="cond" truecount="2" falsecount="0"/>
        <line num="102" count="6" type="stmt"/>
        <line num="106" count="9" type="stmt"/>
        <line num="110" count="2" type="stmt"/>
      </file>
      <file name="relativeTime.ts" path="/Users/jdavidoa91/Documents/GitHub/atemporal/src/plugins/relativeTime.ts">
        <metrics statements="41" coveredstatements="41" conditionals="18" coveredconditionals="18" methods="4" coveredmethods="4"/>
        <line num="46" count="3" type="stmt"/>
        <line num="52" count="40" type="cond" truecount="4" falsecount="0"/>
        <line num="53" count="2" type="stmt"/>
        <line num="57" count="38" type="stmt"/>
        <line num="65" count="38" type="stmt"/>
        <line num="66" count="38" type="stmt"/>
        <line num="67" count="38" type="stmt"/>
        <line num="68" count="38" type="stmt"/>
        <line num="69" count="38" type="stmt"/>
        <line num="70" count="38" type="stmt"/>
        <line num="76" count="38" type="cond" truecount="2" falsecount="0"/>
        <line num="77" count="4" type="stmt"/>
        <line num="78" count="4" type="stmt"/>
        <line num="79" count="34" type="cond" truecount="2" falsecount="0"/>
        <line num="80" count="9" type="stmt"/>
        <line num="81" count="9" type="stmt"/>
        <line num="82" count="25" type="cond" truecount="2" falsecount="0"/>
        <line num="83" count="6" type="stmt"/>
        <line num="84" count="6" type="stmt"/>
        <line num="85" count="19" type="cond" truecount="2" falsecount="0"/>
        <line num="86" count="11" type="stmt"/>
        <line num="87" count="11" type="stmt"/>
        <line num="88" count="8" type="cond" truecount="2" falsecount="0"/>
        <line num="89" count="3" type="stmt"/>
        <line num="90" count="3" type="stmt"/>
        <line num="92" count="5" type="stmt"/>
        <line num="93" count="5" type="stmt"/>
        <line num="96" count="38" type="cond" truecount="2" falsecount="0"/>
        <line num="99" count="7" type="stmt"/>
        <line num="107" count="31" type="stmt"/>
        <line num="108" count="31" type="stmt"/>
        <line num="112" count="3" type="stmt"/>
        <line num="113" count="3" type="cond" truecount="1" falsecount="0"/>
        <line num="114" count="27" type="stmt"/>
        <line num="115" count="27" type="stmt"/>
        <line num="116" count="27" type="stmt"/>
        <line num="119" count="3" type="cond" truecount="1" falsecount="0"/>
        <line num="120" count="13" type="stmt"/>
        <line num="121" count="13" type="stmt"/>
        <line num="122" count="13" type="stmt"/>
        <line num="126" count="3" type="stmt"/>
      </file>
    </package>
  </project>
</coverage>
