{"/Users/jdavidoa91/Documents/GitHub/atemporal/src/TemporalUtils.ts": {"path":"/Users/jdavidoa91/Documents/GitHub/atemporal/src/TemporalUtils.ts","statementMap":{"0":{"start":{"line":9,"column":0},"end":{"line":9,"column":49}},"1":{"start":{"line":21,"column":8},"end":{"line":21,"column":44}},"2":{"start":{"line":28,"column":8},"end":{"line":28,"column":44}},"3":{"start":{"line":36,"column":8},"end":{"line":43,"column":9}},"4":{"start":{"line":39,"column":12},"end":{"line":39,"column":63}},"5":{"start":{"line":40,"column":12},"end":{"line":40,"column":48}},"6":{"start":{"line":42,"column":12},"end":{"line":42,"column":56}},"7":{"start":{"line":50,"column":8},"end":{"line":50,"column":46}},"8":{"start":{"line":59,"column":19},"end":{"line":59,"column":60}},"9":{"start":{"line":61,"column":8},"end":{"line":63,"column":9}},"10":{"start":{"line":62,"column":12},"end":{"line":62,"column":53}},"11":{"start":{"line":66,"column":8},"end":{"line":68,"column":9}},"12":{"start":{"line":67,"column":12},"end":{"line":67,"column":100}},"13":{"start":{"line":69,"column":8},"end":{"line":72,"column":9}},"14":{"start":{"line":70,"column":25},"end":{"line":70,"column":68}},"15":{"start":{"line":71,"column":12},"end":{"line":71,"column":94}},"16":{"start":{"line":73,"column":8},"end":{"line":75,"column":9}},"17":{"start":{"line":74,"column":12},"end":{"line":74,"column":45}},"18":{"start":{"line":78,"column":8},"end":{"line":80,"column":9}},"19":{"start":{"line":79,"column":12},"end":{"line":79,"column":98}},"20":{"start":{"line":83,"column":8},"end":{"line":103,"column":9}},"21":{"start":{"line":84,"column":12},"end":{"line":102,"column":13}},"22":{"start":{"line":88,"column":32},"end":{"line":88,"column":60}},"23":{"start":{"line":89,"column":28},"end":{"line":89,"column":58}},"24":{"start":{"line":91,"column":16},"end":{"line":91,"column":92}},"25":{"start":{"line":93,"column":16},"end":{"line":101,"column":17}},"26":{"start":{"line":96,"column":32},"end":{"line":96,"column":66}},"27":{"start":{"line":97,"column":20},"end":{"line":97,"column":51}},"28":{"start":{"line":100,"column":20},"end":{"line":100,"column":69}},"29":{"start":{"line":106,"column":8},"end":{"line":108,"column":9}},"30":{"start":{"line":107,"column":12},"end":{"line":107,"column":88}},"31":{"start":{"line":111,"column":8},"end":{"line":111,"column":72}},"32":{"start":{"line":118,"column":8},"end":{"line":118,"column":52}},"33":{"start":{"line":125,"column":19},"end":{"line":125,"column":40}},"34":{"start":{"line":126,"column":19},"end":{"line":126,"column":40}},"35":{"start":{"line":131,"column":8},"end":{"line":131,"column":79}},"36":{"start":{"line":138,"column":8},"end":{"line":138,"column":99}},"37":{"start":{"line":145,"column":8},"end":{"line":145,"column":98}},"38":{"start":{"line":152,"column":21},"end":{"line":152,"column":42}},"39":{"start":{"line":153,"column":22},"end":{"line":153,"column":43}},"40":{"start":{"line":154,"column":20},"end":{"line":154,"column":41}},"41":{"start":{"line":156,"column":33},"end":{"line":156,"column":76}},"42":{"start":{"line":157,"column":31},"end":{"line":157,"column":72}},"43":{"start":{"line":159,"column":29},"end":{"line":161,"column":34}},"44":{"start":{"line":163,"column":28},"end":{"line":165,"column":32}},"45":{"start":{"line":167,"column":8},"end":{"line":167,"column":43}},"46":{"start":{"line":174,"column":8},"end":{"line":174,"column":98}},"47":{"start":{"line":181,"column":8},"end":{"line":181,"column":95}},"48":{"start":{"line":188,"column":8},"end":{"line":193,"column":9}},"49":{"start":{"line":189,"column":12},"end":{"line":189,"column":38}},"50":{"start":{"line":190,"column":12},"end":{"line":190,"column":24}},"51":{"start":{"line":192,"column":12},"end":{"line":192,"column":25}},"52":{"start":{"line":12,"column":0},"end":{"line":12,"column":13}},"53":{"start":{"line":14,"column":19},"end":{"line":14,"column":44}},"54":{"start":{"line":15,"column":19},"end":{"line":15,"column":44}}},"fnMap":{"0":{"name":"(anonymous_0)","decl":{"start":{"line":20,"column":4},"end":{"line":20,"column":10}},"loc":{"start":{"line":20,"column":40},"end":{"line":22,"column":5}}},"1":{"name":"(anonymous_1)","decl":{"start":{"line":27,"column":4},"end":{"line":27,"column":10}},"loc":{"start":{"line":27,"column":27},"end":{"line":29,"column":5}}},"2":{"name":"(anonymous_2)","decl":{"start":{"line":35,"column":4},"end":{"line":35,"column":10}},"loc":{"start":{"line":35,"column":40},"end":{"line":44,"column":5}}},"3":{"name":"(anonymous_3)","decl":{"start":{"line":49,"column":4},"end":{"line":49,"column":10}},"loc":{"start":{"line":49,"column":30},"end":{"line":51,"column":5}}},"4":{"name":"(anonymous_4)","decl":{"start":{"line":58,"column":4},"end":{"line":58,"column":10}},"loc":{"start":{"line":58,"column":52},"end":{"line":112,"column":5}}},"5":{"name":"(anonymous_5)","decl":{"start":{"line":117,"column":4},"end":{"line":117,"column":10}},"loc":{"start":{"line":117,"column":50},"end":{"line":119,"column":5}}},"6":{"name":"(anonymous_6)","decl":{"start":{"line":124,"column":4},"end":{"line":124,"column":10}},"loc":{"start":{"line":124,"column":74},"end":{"line":132,"column":5}}},"7":{"name":"(anonymous_7)","decl":{"start":{"line":137,"column":4},"end":{"line":137,"column":10}},"loc":{"start":{"line":137,"column":46},"end":{"line":139,"column":5}}},"8":{"name":"(anonymous_8)","decl":{"start":{"line":144,"column":4},"end":{"line":144,"column":10}},"loc":{"start":{"line":144,"column":45},"end":{"line":146,"column":5}}},"9":{"name":"(anonymous_9)","decl":{"start":{"line":151,"column":4},"end":{"line":151,"column":10}},"loc":{"start":{"line":151,"column":108},"end":{"line":168,"column":5}}},"10":{"name":"(anonymous_10)","decl":{"start":{"line":173,"column":4},"end":{"line":173,"column":10}},"loc":{"start":{"line":173,"column":44},"end":{"line":175,"column":5}}},"11":{"name":"(anonymous_11)","decl":{"start":{"line":180,"column":4},"end":{"line":180,"column":10}},"loc":{"start":{"line":180,"column":47},"end":{"line":182,"column":5}}},"12":{"name":"(anonymous_12)","decl":{"start":{"line":187,"column":4},"end":{"line":187,"column":10}},"loc":{"start":{"line":187,"column":29},"end":{"line":194,"column":5}}}},"branchMap":{"0":{"loc":{"start":{"line":59,"column":19},"end":{"line":59,"column":60}},"type":"binary-expr","locations":[{"start":{"line":59,"column":19},"end":{"line":59,"column":27}},{"start":{"line":59,"column":31},"end":{"line":59,"column":60}}]},"1":{"loc":{"start":{"line":61,"column":8},"end":{"line":63,"column":9}},"type":"if","locations":[{"start":{"line":61,"column":8},"end":{"line":63,"column":9}},{"start":{},"end":{}}]},"2":{"loc":{"start":{"line":61,"column":12},"end":{"line":61,"column":49}},"type":"binary-expr","locations":[{"start":{"line":61,"column":12},"end":{"line":61,"column":31}},{"start":{"line":61,"column":35},"end":{"line":61,"column":49}}]},"3":{"loc":{"start":{"line":66,"column":8},"end":{"line":68,"column":9}},"type":"if","locations":[{"start":{"line":66,"column":8},"end":{"line":68,"column":9}},{"start":{},"end":{}}]},"4":{"loc":{"start":{"line":67,"column":19},"end":{"line":67,"column":99}},"type":"cond-expr","locations":[{"start":{"line":67,"column":63},"end":{"line":67,"column":91}},{"start":{"line":67,"column":94},"end":{"line":67,"column":99}}]},"5":{"loc":{"start":{"line":67,"column":19},"end":{"line":67,"column":60}},"type":"binary-expr","locations":[{"start":{"line":67,"column":19},"end":{"line":67,"column":27}},{"start":{"line":67,"column":31},"end":{"line":67,"column":60}}]},"6":{"loc":{"start":{"line":69,"column":8},"end":{"line":72,"column":9}},"type":"if","locations":[{"start":{"line":69,"column":8},"end":{"line":72,"column":9}},{"start":{},"end":{}}]},"7":{"loc":{"start":{"line":69,"column":12},"end":{"line":69,"column":111}},"type":"binary-expr","locations":[{"start":{"line":69,"column":12},"end":{"line":69,"column":37}},{"start":{"line":69,"column":41},"end":{"line":69,"column":55}},{"start":{"line":69,"column":60},"end":{"line":69,"column":111}}]},"8":{"loc":{"start":{"line":71,"column":19},"end":{"line":71,"column":93}},"type":"cond-expr","locations":[{"start":{"line":71,"column":61},"end":{"line":71,"column":87}},{"start":{"line":71,"column":90},"end":{"line":71,"column":93}}]},"9":{"loc":{"start":{"line":71,"column":19},"end":{"line":71,"column":58}},"type":"binary-expr","locations":[{"start":{"line":71,"column":19},"end":{"line":71,"column":27}},{"start":{"line":71,"column":31},"end":{"line":71,"column":58}}]},"10":{"loc":{"start":{"line":73,"column":8},"end":{"line":75,"column":9}},"type":"if","locations":[{"start":{"line":73,"column":8},"end":{"line":75,"column":9}},{"start":{},"end":{}}]},"11":{"loc":{"start":{"line":78,"column":8},"end":{"line":80,"column":9}},"type":"if","locations":[{"start":{"line":78,"column":8},"end":{"line":80,"column":9}},{"start":{},"end":{}}]},"12":{"loc":{"start":{"line":83,"column":8},"end":{"line":103,"column":9}},"type":"if","locations":[{"start":{"line":83,"column":8},"end":{"line":103,"column":9}},{"start":{},"end":{}}]},"13":{"loc":{"start":{"line":91,"column":23},"end":{"line":91,"column":91}},"type":"cond-expr","locations":[{"start":{"line":91,"column":59},"end":{"line":91,"column":85}},{"start":{"line":91,"column":88},"end":{"line":91,"column":91}}]},"14":{"loc":{"start":{"line":91,"column":23},"end":{"line":91,"column":56}},"type":"binary-expr","locations":[{"start":{"line":91,"column":23},"end":{"line":91,"column":31}},{"start":{"line":91,"column":35},"end":{"line":91,"column":56}}]},"15":{"loc":{"start":{"line":106,"column":8},"end":{"line":108,"column":9}},"type":"if","locations":[{"start":{"line":106,"column":8},"end":{"line":108,"column":9}},{"start":{},"end":{}}]},"16":{"loc":{"start":{"line":124,"column":44},"end":{"line":124,"column":74}},"type":"default-arg","locations":[{"start":{"line":124,"column":61},"end":{"line":124,"column":74}}]},"17":{"loc":{"start":{"line":151,"column":63},"end":{"line":151,"column":108}},"type":"default-arg","locations":[{"start":{"line":151,"column":104},"end":{"line":151,"column":108}}]},"18":{"loc":{"start":{"line":159,"column":29},"end":{"line":161,"column":34}},"type":"cond-expr","locations":[{"start":{"line":160,"column":14},"end":{"line":160,"column":35}},{"start":{"line":161,"column":14},"end":{"line":161,"column":34}}]},"19":{"loc":{"start":{"line":163,"column":28},"end":{"line":165,"column":32}},"type":"cond-expr","locations":[{"start":{"line":164,"column":14},"end":{"line":164,"column":33}},{"start":{"line":165,"column":14},"end":{"line":165,"column":32}}]},"20":{"loc":{"start":{"line":167,"column":15},"end":{"line":167,"column":42}},"type":"binary-expr","locations":[{"start":{"line":167,"column":15},"end":{"line":167,"column":27}},{"start":{"line":167,"column":31},"end":{"line":167,"column":42}}]}},"s":{"0":9,"1":19,"2":42,"3":5,"4":5,"5":4,"6":1,"7":645,"8":605,"9":605,"10":0,"11":605,"12":295,"13":310,"14":249,"15":249,"16":61,"17":1,"18":60,"19":0,"20":60,"21":58,"22":58,"23":16,"24":16,"25":42,"26":42,"27":20,"28":22,"29":2,"30":0,"31":2,"32":2,"33":231,"34":231,"35":230,"36":1,"37":1,"38":8,"39":8,"40":7,"41":6,"42":6,"43":6,"44":6,"45":6,"46":0,"47":2,"48":0,"49":0,"50":0,"51":0,"52":9,"53":9,"54":9},"f":{"0":19,"1":42,"2":5,"3":645,"4":605,"5":2,"6":231,"7":1,"8":1,"9":8,"10":0,"11":2,"12":0},"b":{"0":[605,595],"1":[0,605],"2":[605,605],"3":[295,310],"4":[0,295],"5":[295,0],"6":[249,61],"7":[310,251,249],"8":[0,249],"9":[249,5],"10":[1,60],"11":[0,60],"12":[58,2],"13":[0,16],"14":[16,2],"15":[0,2],"16":[0],"17":[0],"18":[3,3],"19":[3,3],"20":[6,3]}}
,"/Users/jdavidoa91/Documents/GitHub/atemporal/src/TemporalWrapper.ts": {"path":"/Users/jdavidoa91/Documents/GitHub/atemporal/src/TemporalWrapper.ts","statementMap":{"0":{"start":{"line":8,"column":0},"end":{"line":8,"column":48}},"1":{"start":{"line":16,"column":4},"end":{"line":16,"column":54}},"2":{"start":{"line":16,"column":32},"end":{"line":16,"column":54}},"3":{"start":{"line":17,"column":4},"end":{"line":17,"column":22}},"4":{"start":{"line":25,"column":32},"end":{"line":25,"column":78}},"5":{"start":{"line":28,"column":4},"end":{"line":30,"column":5}},"6":{"start":{"line":29,"column":8},"end":{"line":29,"column":54}},"7":{"start":{"line":31,"column":41},"end":{"line":50,"column":6}},"8":{"start":{"line":32,"column":20},"end":{"line":32,"column":44}},"9":{"start":{"line":33,"column":18},"end":{"line":33,"column":52}},"10":{"start":{"line":34,"column":18},"end":{"line":34,"column":60}},"11":{"start":{"line":35,"column":17},"end":{"line":35,"column":42}},"12":{"start":{"line":36,"column":18},"end":{"line":36,"column":58}},"13":{"start":{"line":37,"column":17},"end":{"line":37,"column":40}},"14":{"start":{"line":38,"column":18},"end":{"line":38,"column":59}},"15":{"start":{"line":39,"column":17},"end":{"line":39,"column":41}},"16":{"start":{"line":40,"column":18},"end":{"line":40,"column":61}},"17":{"start":{"line":41,"column":17},"end":{"line":41,"column":43}},"18":{"start":{"line":42,"column":18},"end":{"line":42,"column":61}},"19":{"start":{"line":43,"column":17},"end":{"line":43,"column":43}},"20":{"start":{"line":44,"column":19},"end":{"line":44,"column":67}},"21":{"start":{"line":45,"column":20},"end":{"line":45,"column":42}},"22":{"start":{"line":46,"column":19},"end":{"line":46,"column":112}},"23":{"start":{"line":48,"column":17},"end":{"line":48,"column":36}},"24":{"start":{"line":49,"column":18},"end":{"line":49,"column":54}},"25":{"start":{"line":51,"column":4},"end":{"line":51,"column":56}},"26":{"start":{"line":52,"column":4},"end":{"line":52,"column":24}},"27":{"start":{"line":63,"column":8},"end":{"line":69,"column":9}},"28":{"start":{"line":64,"column":12},"end":{"line":64,"column":65}},"29":{"start":{"line":65,"column":12},"end":{"line":65,"column":33}},"30":{"start":{"line":67,"column":12},"end":{"line":67,"column":34}},"31":{"start":{"line":68,"column":12},"end":{"line":68,"column":34}},"32":{"start":{"line":76,"column":8},"end":{"line":76,"column":46}},"33":{"start":{"line":85,"column":24},"end":{"line":85,"column":64}},"34":{"start":{"line":86,"column":8},"end":{"line":86,"column":37}},"35":{"start":{"line":87,"column":8},"end":{"line":87,"column":32}},"36":{"start":{"line":88,"column":8},"end":{"line":88,"column":23}},"37":{"start":{"line":96,"column":8},"end":{"line":96,"column":63}},"38":{"start":{"line":100,"column":8},"end":{"line":100,"column":29}},"39":{"start":{"line":104,"column":8},"end":{"line":106,"column":9}},"40":{"start":{"line":105,"column":12},"end":{"line":105,"column":89}},"41":{"start":{"line":107,"column":8},"end":{"line":107,"column":30}},"42":{"start":{"line":111,"column":8},"end":{"line":111,"column":41}},"43":{"start":{"line":111,"column":29},"end":{"line":111,"column":41}},"44":{"start":{"line":114,"column":8},"end":{"line":114,"column":67}},"45":{"start":{"line":118,"column":8},"end":{"line":118,"column":41}},"46":{"start":{"line":118,"column":29},"end":{"line":118,"column":41}},"47":{"start":{"line":119,"column":25},"end":{"line":119,"column":59}},"48":{"start":{"line":120,"column":24},"end":{"line":120,"column":51}},"49":{"start":{"line":121,"column":8},"end":{"line":121,"column":40}},"50":{"start":{"line":125,"column":8},"end":{"line":125,"column":41}},"51":{"start":{"line":125,"column":29},"end":{"line":125,"column":41}},"52":{"start":{"line":126,"column":25},"end":{"line":126,"column":59}},"53":{"start":{"line":127,"column":24},"end":{"line":127,"column":56}},"54":{"start":{"line":128,"column":8},"end":{"line":128,"column":40}},"55":{"start":{"line":132,"column":8},"end":{"line":132,"column":41}},"56":{"start":{"line":132,"column":29},"end":{"line":132,"column":41}},"57":{"start":{"line":133,"column":24},"end":{"line":133,"column":61}},"58":{"start":{"line":134,"column":8},"end":{"line":134,"column":40}},"59":{"start":{"line":142,"column":8},"end":{"line":142,"column":41}},"60":{"start":{"line":142,"column":29},"end":{"line":142,"column":41}},"61":{"start":{"line":143,"column":8},"end":{"line":166,"column":9}},"62":{"start":{"line":145,"column":36},"end":{"line":145,"column":89}},"63":{"start":{"line":146,"column":16},"end":{"line":146,"column":52}},"64":{"start":{"line":149,"column":36},"end":{"line":149,"column":79}},"65":{"start":{"line":150,"column":16},"end":{"line":150,"column":52}},"66":{"start":{"line":154,"column":34},"end":{"line":154,"column":57}},"67":{"start":{"line":155,"column":39},"end":{"line":155,"column":52}},"68":{"start":{"line":156,"column":36},"end":{"line":156,"column":84}},"69":{"start":{"line":157,"column":16},"end":{"line":157,"column":65}},"70":{"start":{"line":160,"column":16},"end":{"line":160,"column":67}},"71":{"start":{"line":164,"column":32},"end":{"line":164,"column":98}},"72":{"start":{"line":165,"column":16},"end":{"line":165,"column":48}},"73":{"start":{"line":170,"column":8},"end":{"line":170,"column":41}},"74":{"start":{"line":170,"column":29},"end":{"line":170,"column":41}},"75":{"start":{"line":171,"column":22},"end":{"line":171,"column":40}},"76":{"start":{"line":172,"column":26},"end":{"line":172,"column":44}},"77":{"start":{"line":173,"column":8},"end":{"line":173,"column":52}},"78":{"start":{"line":177,"column":8},"end":{"line":177,"column":41}},"79":{"start":{"line":177,"column":29},"end":{"line":177,"column":41}},"80":{"start":{"line":178,"column":8},"end":{"line":178,"column":46}},"81":{"start":{"line":182,"column":8},"end":{"line":182,"column":40}},"82":{"start":{"line":182,"column":29},"end":{"line":182,"column":40}},"83":{"start":{"line":183,"column":8},"end":{"line":183,"column":35}},"84":{"start":{"line":187,"column":25},"end":{"line":187,"column":74}},"85":{"start":{"line":188,"column":26},"end":{"line":188,"column":76}},"86":{"start":{"line":189,"column":24},"end":{"line":189,"column":72}},"87":{"start":{"line":191,"column":8},"end":{"line":191,"column":51}},"88":{"start":{"line":191,"column":29},"end":{"line":191,"column":51}},"89":{"start":{"line":192,"column":23},"end":{"line":192,"column":55}},"90":{"start":{"line":193,"column":8},"end":{"line":193,"column":73}},"91":{"start":{"line":195,"column":25},"end":{"line":195,"column":74}},"92":{"start":{"line":196,"column":27},"end":{"line":196,"column":78}},"93":{"start":{"line":197,"column":27},"end":{"line":197,"column":78}},"94":{"start":{"line":198,"column":32},"end":{"line":198,"column":88}},"95":{"start":{"line":199,"column":28},"end":{"line":199,"column":93}},"96":{"start":{"line":200,"column":31},"end":{"line":200,"column":87}},"97":{"start":{"line":206,"column":8},"end":{"line":208,"column":9}},"98":{"start":{"line":207,"column":12},"end":{"line":207,"column":34}},"99":{"start":{"line":210,"column":8},"end":{"line":231,"column":9}},"100":{"start":{"line":211,"column":33},"end":{"line":211,"column":50}},"101":{"start":{"line":212,"column":33},"end":{"line":212,"column":74}},"102":{"start":{"line":215,"column":31},"end":{"line":215,"column":96}},"103":{"start":{"line":217,"column":12},"end":{"line":230,"column":15}},"104":{"start":{"line":219,"column":16},"end":{"line":221,"column":17}},"105":{"start":{"line":220,"column":20},"end":{"line":220,"column":35}},"106":{"start":{"line":224,"column":16},"end":{"line":226,"column":17}},"107":{"start":{"line":225,"column":20},"end":{"line":225,"column":51}},"108":{"start":{"line":229,"column":16},"end":{"line":229,"column":29}},"109":{"start":{"line":233,"column":24},"end":{"line":233,"column":71}},"110":{"start":{"line":234,"column":23},"end":{"line":234,"column":69}},"111":{"start":{"line":238,"column":8},"end":{"line":244,"column":9}},"112":{"start":{"line":240,"column":12},"end":{"line":243,"column":37}},"113":{"start":{"line":247,"column":59},"end":{"line":250,"column":10}},"114":{"start":{"line":252,"column":8},"end":{"line":256,"column":33}},"115":{"start":{"line":261,"column":8},"end":{"line":261,"column":40}},"116":{"start":{"line":261,"column":29},"end":{"line":261,"column":40}},"117":{"start":{"line":262,"column":8},"end":{"line":266,"column":9}},"118":{"start":{"line":263,"column":12},"end":{"line":263,"column":66}},"119":{"start":{"line":265,"column":12},"end":{"line":265,"column":23}},"120":{"start":{"line":270,"column":8},"end":{"line":270,"column":50}},"121":{"start":{"line":270,"column":29},"end":{"line":270,"column":50}},"122":{"start":{"line":271,"column":8},"end":{"line":271,"column":51}},"123":{"start":{"line":275,"column":8},"end":{"line":275,"column":51}},"124":{"start":{"line":275,"column":29},"end":{"line":275,"column":51}},"125":{"start":{"line":276,"column":8},"end":{"line":276,"column":40}},"126":{"start":{"line":280,"column":8},"end":{"line":280,"column":29}},"127":{"start":{"line":284,"column":8},"end":{"line":284,"column":42}},"128":{"start":{"line":284,"column":29},"end":{"line":284,"column":42}},"129":{"start":{"line":285,"column":8},"end":{"line":289,"column":9}},"130":{"start":{"line":286,"column":12},"end":{"line":286,"column":64}},"131":{"start":{"line":288,"column":12},"end":{"line":288,"column":25}},"132":{"start":{"line":293,"column":8},"end":{"line":293,"column":42}},"133":{"start":{"line":293,"column":29},"end":{"line":293,"column":42}},"134":{"start":{"line":294,"column":8},"end":{"line":298,"column":9}},"135":{"start":{"line":295,"column":12},"end":{"line":295,"column":63}},"136":{"start":{"line":297,"column":12},"end":{"line":297,"column":25}},"137":{"start":{"line":302,"column":8},"end":{"line":302,"column":42}},"138":{"start":{"line":302,"column":29},"end":{"line":302,"column":42}},"139":{"start":{"line":303,"column":8},"end":{"line":307,"column":9}},"140":{"start":{"line":304,"column":12},"end":{"line":304,"column":83}},"141":{"start":{"line":306,"column":12},"end":{"line":306,"column":25}},"142":{"start":{"line":311,"column":8},"end":{"line":311,"column":42}},"143":{"start":{"line":311,"column":29},"end":{"line":311,"column":42}},"144":{"start":{"line":312,"column":8},"end":{"line":327,"column":9}},"145":{"start":{"line":313,"column":34},"end":{"line":313,"column":89}},"146":{"start":{"line":314,"column":12},"end":{"line":324,"column":13}},"147":{"start":{"line":316,"column":20},"end":{"line":316,"column":69}},"148":{"start":{"line":318,"column":20},"end":{"line":319,"column":68}},"149":{"start":{"line":321,"column":20},"end":{"line":321,"column":91}},"150":{"start":{"line":323,"column":20},"end":{"line":323,"column":95}},"151":{"start":{"line":326,"column":12},"end":{"line":326,"column":25}},"152":{"start":{"line":331,"column":8},"end":{"line":331,"column":42}},"153":{"start":{"line":331,"column":29},"end":{"line":331,"column":42}},"154":{"start":{"line":332,"column":8},"end":{"line":336,"column":9}},"155":{"start":{"line":333,"column":12},"end":{"line":333,"column":65}},"156":{"start":{"line":335,"column":12},"end":{"line":335,"column":25}},"157":{"start":{"line":340,"column":8},"end":{"line":340,"column":42}},"158":{"start":{"line":340,"column":29},"end":{"line":340,"column":42}},"159":{"start":{"line":341,"column":8},"end":{"line":341,"column":40}},"160":{"start":{"line":55,"column":0},"end":{"line":55,"column":13}}},"fnMap":{"0":{"name":"getDurationUnit","decl":{"start":{"line":15,"column":9},"end":{"line":15,"column":24}},"loc":{"start":{"line":15,"column":39},"end":{"line":18,"column":1}}},"1":{"name":"createTokenReplacements","decl":{"start":{"line":27,"column":9},"end":{"line":27,"column":32}},"loc":{"start":{"line":27,"column":75},"end":{"line":53,"column":1}}},"2":{"name":"(anonymous_2)","decl":{"start":{"line":32,"column":14},"end":{"line":32,"column":17}},"loc":{"start":{"line":32,"column":20},"end":{"line":32,"column":44}}},"3":{"name":"(anonymous_3)","decl":{"start":{"line":33,"column":12},"end":{"line":33,"column":15}},"loc":{"start":{"line":33,"column":18},"end":{"line":33,"column":52}}},"4":{"name":"(anonymous_4)","decl":{"start":{"line":34,"column":12},"end":{"line":34,"column":15}},"loc":{"start":{"line":34,"column":18},"end":{"line":34,"column":60}}},"5":{"name":"(anonymous_5)","decl":{"start":{"line":35,"column":11},"end":{"line":35,"column":14}},"loc":{"start":{"line":35,"column":17},"end":{"line":35,"column":42}}},"6":{"name":"(anonymous_6)","decl":{"start":{"line":36,"column":12},"end":{"line":36,"column":15}},"loc":{"start":{"line":36,"column":18},"end":{"line":36,"column":58}}},"7":{"name":"(anonymous_7)","decl":{"start":{"line":37,"column":11},"end":{"line":37,"column":14}},"loc":{"start":{"line":37,"column":17},"end":{"line":37,"column":40}}},"8":{"name":"(anonymous_8)","decl":{"start":{"line":38,"column":12},"end":{"line":38,"column":15}},"loc":{"start":{"line":38,"column":18},"end":{"line":38,"column":59}}},"9":{"name":"(anonymous_9)","decl":{"start":{"line":39,"column":11},"end":{"line":39,"column":14}},"loc":{"start":{"line":39,"column":17},"end":{"line":39,"column":41}}},"10":{"name":"(anonymous_10)","decl":{"start":{"line":40,"column":12},"end":{"line":40,"column":15}},"loc":{"start":{"line":40,"column":18},"end":{"line":40,"column":61}}},"11":{"name":"(anonymous_11)","decl":{"start":{"line":41,"column":11},"end":{"line":41,"column":14}},"loc":{"start":{"line":41,"column":17},"end":{"line":41,"column":43}}},"12":{"name":"(anonymous_12)","decl":{"start":{"line":42,"column":12},"end":{"line":42,"column":15}},"loc":{"start":{"line":42,"column":18},"end":{"line":42,"column":61}}},"13":{"name":"(anonymous_13)","decl":{"start":{"line":43,"column":11},"end":{"line":43,"column":14}},"loc":{"start":{"line":43,"column":17},"end":{"line":43,"column":43}}},"14":{"name":"(anonymous_14)","decl":{"start":{"line":44,"column":13},"end":{"line":44,"column":16}},"loc":{"start":{"line":44,"column":19},"end":{"line":44,"column":67}}},"15":{"name":"(anonymous_15)","decl":{"start":{"line":45,"column":14},"end":{"line":45,"column":17}},"loc":{"start":{"line":45,"column":20},"end":{"line":45,"column":42}}},"16":{"name":"(anonymous_16)","decl":{"start":{"line":46,"column":13},"end":{"line":46,"column":16}},"loc":{"start":{"line":46,"column":19},"end":{"line":46,"column":112}}},"17":{"name":"(anonymous_17)","decl":{"start":{"line":48,"column":11},"end":{"line":48,"column":14}},"loc":{"start":{"line":48,"column":17},"end":{"line":48,"column":36}}},"18":{"name":"(anonymous_18)","decl":{"start":{"line":49,"column":12},"end":{"line":49,"column":15}},"loc":{"start":{"line":49,"column":18},"end":{"line":49,"column":54}}},"19":{"name":"(anonymous_19)","decl":{"start":{"line":62,"column":4},"end":{"line":62,"column":24}},"loc":{"start":{"line":62,"column":59},"end":{"line":70,"column":5}}},"20":{"name":"(anonymous_20)","decl":{"start":{"line":75,"column":4},"end":{"line":75,"column":10}},"loc":{"start":{"line":75,"column":45},"end":{"line":77,"column":5}}},"21":{"name":"(anonymous_21)","decl":{"start":{"line":83,"column":12},"end":{"line":83,"column":18}},"loc":{"start":{"line":83,"column":70},"end":{"line":89,"column":5}}},"22":{"name":"(anonymous_22)","decl":{"start":{"line":95,"column":12},"end":{"line":95,"column":22}},"loc":{"start":{"line":95,"column":58},"end":{"line":97,"column":5}}},"23":{"name":"(anonymous_23)","decl":{"start":{"line":99,"column":4},"end":{"line":99,"column":11}},"loc":{"start":{"line":99,"column":11},"end":{"line":101,"column":5}}},"24":{"name":"(anonymous_24)","decl":{"start":{"line":103,"column":4},"end":{"line":103,"column":8}},"loc":{"start":{"line":103,"column":16},"end":{"line":108,"column":5}}},"25":{"name":"(anonymous_25)","decl":{"start":{"line":110,"column":4},"end":{"line":110,"column":12}},"loc":{"start":{"line":110,"column":23},"end":{"line":115,"column":5}}},"26":{"name":"(anonymous_26)","decl":{"start":{"line":117,"column":4},"end":{"line":117,"column":7}},"loc":{"start":{"line":117,"column":37},"end":{"line":122,"column":5}}},"27":{"name":"(anonymous_27)","decl":{"start":{"line":124,"column":4},"end":{"line":124,"column":12}},"loc":{"start":{"line":124,"column":42},"end":{"line":129,"column":5}}},"28":{"name":"(anonymous_28)","decl":{"start":{"line":131,"column":4},"end":{"line":131,"column":7}},"loc":{"start":{"line":131,"column":41},"end":{"line":135,"column":5}}},"29":{"name":"(anonymous_29)","decl":{"start":{"line":141,"column":4},"end":{"line":141,"column":11}},"loc":{"start":{"line":141,"column":82},"end":{"line":167,"column":5}}},"30":{"name":"(anonymous_30)","decl":{"start":{"line":169,"column":4},"end":{"line":169,"column":9}},"loc":{"start":{"line":169,"column":80},"end":{"line":174,"column":5}}},"31":{"name":"(anonymous_31)","decl":{"start":{"line":176,"column":4},"end":{"line":176,"column":9}},"loc":{"start":{"line":176,"column":9},"end":{"line":179,"column":5}}},"32":{"name":"(anonymous_32)","decl":{"start":{"line":181,"column":4},"end":{"line":181,"column":7}},"loc":{"start":{"line":181,"column":26},"end":{"line":184,"column":5}}},"33":{"name":"(anonymous_33)","decl":{"start":{"line":187,"column":4},"end":{"line":187,"column":8}},"loc":{"start":{"line":187,"column":12},"end":{"line":187,"column":76}}},"34":{"name":"(anonymous_34)","decl":{"start":{"line":188,"column":4},"end":{"line":188,"column":8}},"loc":{"start":{"line":188,"column":13},"end":{"line":188,"column":78}}},"35":{"name":"(anonymous_35)","decl":{"start":{"line":189,"column":4},"end":{"line":189,"column":8}},"loc":{"start":{"line":189,"column":11},"end":{"line":189,"column":74}}},"36":{"name":"(anonymous_36)","decl":{"start":{"line":190,"column":4},"end":{"line":190,"column":8}},"loc":{"start":{"line":190,"column":21},"end":{"line":194,"column":5}}},"37":{"name":"(anonymous_37)","decl":{"start":{"line":195,"column":4},"end":{"line":195,"column":8}},"loc":{"start":{"line":195,"column":12},"end":{"line":195,"column":76}}},"38":{"name":"(anonymous_38)","decl":{"start":{"line":196,"column":4},"end":{"line":196,"column":8}},"loc":{"start":{"line":196,"column":14},"end":{"line":196,"column":80}}},"39":{"name":"(anonymous_39)","decl":{"start":{"line":197,"column":4},"end":{"line":197,"column":8}},"loc":{"start":{"line":197,"column":14},"end":{"line":197,"column":80}}},"40":{"name":"(anonymous_40)","decl":{"start":{"line":198,"column":4},"end":{"line":198,"column":8}},"loc":{"start":{"line":198,"column":19},"end":{"line":198,"column":90}}},"41":{"name":"(anonymous_41)","decl":{"start":{"line":199,"column":4},"end":{"line":199,"column":8}},"loc":{"start":{"line":199,"column":15},"end":{"line":199,"column":95}}},"42":{"name":"(anonymous_42)","decl":{"start":{"line":200,"column":4},"end":{"line":200,"column":8}},"loc":{"start":{"line":200,"column":18},"end":{"line":200,"column":89}}},"43":{"name":"(anonymous_43)","decl":{"start":{"line":205,"column":4},"end":{"line":205,"column":10}},"loc":{"start":{"line":205,"column":87},"end":{"line":257,"column":5}}},"44":{"name":"(anonymous_44)","decl":{"start":{"line":217,"column":52},"end":{"line":217,"column":53}},"loc":{"start":{"line":217,"column":71},"end":{"line":230,"column":13}}},"45":{"name":"(anonymous_45)","decl":{"start":{"line":260,"column":4},"end":{"line":260,"column":8}},"loc":{"start":{"line":260,"column":57},"end":{"line":267,"column":5}}},"46":{"name":"(anonymous_46)","decl":{"start":{"line":269,"column":4},"end":{"line":269,"column":10}},"loc":{"start":{"line":269,"column":10},"end":{"line":272,"column":5}}},"47":{"name":"(anonymous_47)","decl":{"start":{"line":274,"column":4},"end":{"line":274,"column":12}},"loc":{"start":{"line":274,"column":12},"end":{"line":277,"column":5}}},"48":{"name":"(anonymous_48)","decl":{"start":{"line":279,"column":4},"end":{"line":279,"column":8}},"loc":{"start":{"line":279,"column":11},"end":{"line":281,"column":5}}},"49":{"name":"(anonymous_49)","decl":{"start":{"line":283,"column":4},"end":{"line":283,"column":12}},"loc":{"start":{"line":283,"column":29},"end":{"line":290,"column":5}}},"50":{"name":"(anonymous_50)","decl":{"start":{"line":292,"column":4},"end":{"line":292,"column":11}},"loc":{"start":{"line":292,"column":28},"end":{"line":299,"column":5}}},"51":{"name":"(anonymous_51)","decl":{"start":{"line":301,"column":4},"end":{"line":301,"column":13}},"loc":{"start":{"line":301,"column":93},"end":{"line":308,"column":5}}},"52":{"name":"(anonymous_52)","decl":{"start":{"line":310,"column":4},"end":{"line":310,"column":10}},"loc":{"start":{"line":310,"column":64},"end":{"line":328,"column":5}}},"53":{"name":"(anonymous_53)","decl":{"start":{"line":330,"column":4},"end":{"line":330,"column":13}},"loc":{"start":{"line":330,"column":30},"end":{"line":337,"column":5}}},"54":{"name":"(anonymous_54)","decl":{"start":{"line":339,"column":4},"end":{"line":339,"column":14}},"loc":{"start":{"line":339,"column":14},"end":{"line":342,"column":5}}}},"branchMap":{"0":{"loc":{"start":{"line":16,"column":4},"end":{"line":16,"column":54}},"type":"if","locations":[{"start":{"line":16,"column":4},"end":{"line":16,"column":54}},{"start":{},"end":{}}]},"1":{"loc":{"start":{"line":28,"column":4},"end":{"line":30,"column":5}},"type":"if","locations":[{"start":{"line":28,"column":4},"end":{"line":30,"column":5}},{"start":{},"end":{}}]},"2":{"loc":{"start":{"line":46,"column":47},"end":{"line":46,"column":89}},"type":"binary-expr","locations":[{"start":{"line":46,"column":47},"end":{"line":46,"column":53}},{"start":{"line":46,"column":57},"end":{"line":46,"column":89}}]},"3":{"loc":{"start":{"line":104,"column":8},"end":{"line":106,"column":9}},"type":"if","locations":[{"start":{"line":104,"column":8},"end":{"line":106,"column":9}},{"start":{},"end":{}}]},"4":{"loc":{"start":{"line":104,"column":12},"end":{"line":104,"column":46}},"type":"binary-expr","locations":[{"start":{"line":104,"column":12},"end":{"line":104,"column":27}},{"start":{"line":104,"column":31},"end":{"line":104,"column":46}}]},"5":{"loc":{"start":{"line":111,"column":8},"end":{"line":111,"column":41}},"type":"if","locations":[{"start":{"line":111,"column":8},"end":{"line":111,"column":41}},{"start":{},"end":{}}]},"6":{"loc":{"start":{"line":118,"column":8},"end":{"line":118,"column":41}},"type":"if","locations":[{"start":{"line":118,"column":8},"end":{"line":118,"column":41}},{"start":{},"end":{}}]},"7":{"loc":{"start":{"line":125,"column":8},"end":{"line":125,"column":41}},"type":"if","locations":[{"start":{"line":125,"column":8},"end":{"line":125,"column":41}},{"start":{},"end":{}}]},"8":{"loc":{"start":{"line":132,"column":8},"end":{"line":132,"column":41}},"type":"if","locations":[{"start":{"line":132,"column":8},"end":{"line":132,"column":41}},{"start":{},"end":{}}]},"9":{"loc":{"start":{"line":142,"column":8},"end":{"line":142,"column":41}},"type":"if","locations":[{"start":{"line":142,"column":8},"end":{"line":142,"column":41}},{"start":{},"end":{}}]},"10":{"loc":{"start":{"line":143,"column":8},"end":{"line":166,"column":9}},"type":"switch","locations":[{"start":{"line":144,"column":12},"end":{"line":147,"column":13}},{"start":{"line":148,"column":12},"end":{"line":151,"column":13}},{"start":{"line":152,"column":12},"end":{"line":158,"column":13}},{"start":{"line":159,"column":12},"end":{"line":160,"column":67}},{"start":{"line":161,"column":12},"end":{"line":161,"column":24}},{"start":{"line":162,"column":12},"end":{"line":162,"column":26}},{"start":{"line":163,"column":12},"end":{"line":165,"column":48}}]},"11":{"loc":{"start":{"line":170,"column":8},"end":{"line":170,"column":41}},"type":"if","locations":[{"start":{"line":170,"column":8},"end":{"line":170,"column":41}},{"start":{},"end":{}}]},"12":{"loc":{"start":{"line":177,"column":8},"end":{"line":177,"column":41}},"type":"if","locations":[{"start":{"line":177,"column":8},"end":{"line":177,"column":41}},{"start":{},"end":{}}]},"13":{"loc":{"start":{"line":182,"column":8},"end":{"line":182,"column":40}},"type":"if","locations":[{"start":{"line":182,"column":8},"end":{"line":182,"column":40}},{"start":{},"end":{}}]},"14":{"loc":{"start":{"line":187,"column":32},"end":{"line":187,"column":73}},"type":"cond-expr","locations":[{"start":{"line":187,"column":49},"end":{"line":187,"column":67}},{"start":{"line":187,"column":70},"end":{"line":187,"column":73}}]},"15":{"loc":{"start":{"line":188,"column":33},"end":{"line":188,"column":75}},"type":"cond-expr","locations":[{"start":{"line":188,"column":50},"end":{"line":188,"column":69}},{"start":{"line":188,"column":72},"end":{"line":188,"column":75}}]},"16":{"loc":{"start":{"line":189,"column":31},"end":{"line":189,"column":71}},"type":"cond-expr","locations":[{"start":{"line":189,"column":48},"end":{"line":189,"column":65}},{"start":{"line":189,"column":68},"end":{"line":189,"column":71}}]},"17":{"loc":{"start":{"line":191,"column":8},"end":{"line":191,"column":51}},"type":"if","locations":[{"start":{"line":191,"column":8},"end":{"line":191,"column":51}},{"start":{},"end":{}}]},"18":{"loc":{"start":{"line":195,"column":32},"end":{"line":195,"column":73}},"type":"cond-expr","locations":[{"start":{"line":195,"column":49},"end":{"line":195,"column":67}},{"start":{"line":195,"column":70},"end":{"line":195,"column":73}}]},"19":{"loc":{"start":{"line":196,"column":34},"end":{"line":196,"column":77}},"type":"cond-expr","locations":[{"start":{"line":196,"column":51},"end":{"line":196,"column":71}},{"start":{"line":196,"column":74},"end":{"line":196,"column":77}}]},"20":{"loc":{"start":{"line":197,"column":34},"end":{"line":197,"column":77}},"type":"cond-expr","locations":[{"start":{"line":197,"column":51},"end":{"line":197,"column":71}},{"start":{"line":197,"column":74},"end":{"line":197,"column":77}}]},"21":{"loc":{"start":{"line":198,"column":39},"end":{"line":198,"column":87}},"type":"cond-expr","locations":[{"start":{"line":198,"column":56},"end":{"line":198,"column":81}},{"start":{"line":198,"column":84},"end":{"line":198,"column":87}}]},"22":{"loc":{"start":{"line":199,"column":35},"end":{"line":199,"column":92}},"type":"cond-expr","locations":[{"start":{"line":199,"column":52},"end":{"line":199,"column":86}},{"start":{"line":199,"column":89},"end":{"line":199,"column":92}}]},"23":{"loc":{"start":{"line":200,"column":38},"end":{"line":200,"column":86}},"type":"cond-expr","locations":[{"start":{"line":200,"column":55},"end":{"line":200,"column":80}},{"start":{"line":200,"column":83},"end":{"line":200,"column":86}}]},"24":{"loc":{"start":{"line":206,"column":8},"end":{"line":208,"column":9}},"type":"if","locations":[{"start":{"line":206,"column":8},"end":{"line":208,"column":9}},{"start":{},"end":{}}]},"25":{"loc":{"start":{"line":210,"column":8},"end":{"line":231,"column":9}},"type":"if","locations":[{"start":{"line":210,"column":8},"end":{"line":231,"column":9}},{"start":{},"end":{}}]},"26":{"loc":{"start":{"line":219,"column":16},"end":{"line":221,"column":17}},"type":"if","locations":[{"start":{"line":219,"column":16},"end":{"line":221,"column":17}},{"start":{},"end":{}}]},"27":{"loc":{"start":{"line":224,"column":16},"end":{"line":226,"column":17}},"type":"if","locations":[{"start":{"line":224,"column":16},"end":{"line":226,"column":17}},{"start":{},"end":{}}]},"28":{"loc":{"start":{"line":234,"column":23},"end":{"line":234,"column":69}},"type":"binary-expr","locations":[{"start":{"line":234,"column":23},"end":{"line":234,"column":33}},{"start":{"line":234,"column":37},"end":{"line":234,"column":69}}]},"29":{"loc":{"start":{"line":238,"column":8},"end":{"line":244,"column":9}},"type":"if","locations":[{"start":{"line":238,"column":8},"end":{"line":244,"column":9}},{"start":{},"end":{}}]},"30":{"loc":{"start":{"line":238,"column":12},"end":{"line":238,"column":73}},"type":"binary-expr","locations":[{"start":{"line":238,"column":12},"end":{"line":238,"column":19}},{"start":{"line":238,"column":24},"end":{"line":238,"column":46}},{"start":{"line":238,"column":50},"end":{"line":238,"column":72}}]},"31":{"loc":{"start":{"line":260,"column":27},"end":{"line":260,"column":57}},"type":"default-arg","locations":[{"start":{"line":260,"column":44},"end":{"line":260,"column":57}}]},"32":{"loc":{"start":{"line":261,"column":8},"end":{"line":261,"column":40}},"type":"if","locations":[{"start":{"line":261,"column":8},"end":{"line":261,"column":40}},{"start":{},"end":{}}]},"33":{"loc":{"start":{"line":270,"column":8},"end":{"line":270,"column":50}},"type":"if","locations":[{"start":{"line":270,"column":8},"end":{"line":270,"column":50}},{"start":{},"end":{}}]},"34":{"loc":{"start":{"line":275,"column":8},"end":{"line":275,"column":51}},"type":"if","locations":[{"start":{"line":275,"column":8},"end":{"line":275,"column":51}},{"start":{},"end":{}}]},"35":{"loc":{"start":{"line":284,"column":8},"end":{"line":284,"column":42}},"type":"if","locations":[{"start":{"line":284,"column":8},"end":{"line":284,"column":42}},{"start":{},"end":{}}]},"36":{"loc":{"start":{"line":293,"column":8},"end":{"line":293,"column":42}},"type":"if","locations":[{"start":{"line":293,"column":8},"end":{"line":293,"column":42}},{"start":{},"end":{}}]},"37":{"loc":{"start":{"line":301,"column":48},"end":{"line":301,"column":93}},"type":"default-arg","locations":[{"start":{"line":301,"column":89},"end":{"line":301,"column":93}}]},"38":{"loc":{"start":{"line":302,"column":8},"end":{"line":302,"column":42}},"type":"if","locations":[{"start":{"line":302,"column":8},"end":{"line":302,"column":42}},{"start":{},"end":{}}]},"39":{"loc":{"start":{"line":311,"column":8},"end":{"line":311,"column":42}},"type":"if","locations":[{"start":{"line":311,"column":8},"end":{"line":311,"column":42}},{"start":{},"end":{}}]},"40":{"loc":{"start":{"line":314,"column":12},"end":{"line":324,"column":13}},"type":"switch","locations":[{"start":{"line":315,"column":16},"end":{"line":316,"column":69}},{"start":{"line":317,"column":16},"end":{"line":319,"column":68}},{"start":{"line":320,"column":16},"end":{"line":321,"column":91}},{"start":{"line":322,"column":16},"end":{"line":323,"column":95}}]},"41":{"loc":{"start":{"line":318,"column":27},"end":{"line":319,"column":67}},"type":"binary-expr","locations":[{"start":{"line":318,"column":27},"end":{"line":318,"column":68}},{"start":{"line":319,"column":24},"end":{"line":319,"column":67}}]},"42":{"loc":{"start":{"line":331,"column":8},"end":{"line":331,"column":42}},"type":"if","locations":[{"start":{"line":331,"column":8},"end":{"line":331,"column":42}},{"start":{},"end":{}}]},"43":{"loc":{"start":{"line":340,"column":8},"end":{"line":340,"column":42}},"type":"if","locations":[{"start":{"line":340,"column":8},"end":{"line":340,"column":42}},{"start":{},"end":{}}]}},"s":{"0":9,"1":47,"2":3,"3":44,"4":9,"5":21,"6":2,"7":19,"8":15,"9":1,"10":15,"11":1,"12":15,"13":1,"14":14,"15":1,"16":14,"17":1,"18":9,"19":1,"20":4,"21":2,"22":0,"23":3,"24":0,"25":19,"26":19,"27":106,"28":106,"29":89,"30":17,"31":17,"32":104,"33":58,"34":58,"35":58,"36":58,"37":58,"38":1539,"39":954,"40":1,"41":953,"42":2,"43":0,"44":2,"45":23,"46":1,"47":22,"48":22,"49":22,"50":26,"51":1,"52":25,"53":25,"54":25,"55":1,"56":0,"57":1,"58":1,"59":10,"60":1,"61":9,"62":2,"63":2,"64":2,"65":2,"66":1,"67":1,"68":1,"69":1,"70":1,"71":3,"72":3,"73":3,"74":0,"75":3,"76":3,"77":3,"78":2,"79":1,"80":1,"81":2,"82":0,"83":2,"84":23,"85":23,"86":22,"87":2,"88":0,"89":2,"90":2,"91":21,"92":18,"93":13,"94":5,"95":1,"96":1,"97":24,"98":1,"99":23,"100":21,"101":21,"102":21,"103":21,"104":98,"105":1,"106":97,"107":97,"108":0,"109":2,"110":2,"111":2,"112":1,"113":1,"114":1,"115":232,"116":1,"117":231,"118":231,"119":1,"120":2,"121":0,"122":2,"123":3,"124":0,"125":3,"126":504,"127":2,"128":1,"129":1,"130":1,"131":1,"132":2,"133":1,"134":1,"135":1,"136":1,"137":9,"138":1,"139":8,"140":8,"141":2,"142":7,"143":1,"144":6,"145":6,"146":5,"147":2,"148":2,"149":1,"150":0,"151":1,"152":3,"153":1,"154":2,"155":2,"156":1,"157":4,"158":1,"159":3,"160":9},"f":{"0":47,"1":21,"2":15,"3":1,"4":15,"5":1,"6":15,"7":1,"8":14,"9":1,"10":14,"11":1,"12":9,"13":1,"14":4,"15":2,"16":0,"17":3,"18":0,"19":106,"20":104,"21":58,"22":58,"23":1539,"24":954,"25":2,"26":23,"27":26,"28":1,"29":10,"30":3,"31":2,"32":2,"33":23,"34":23,"35":22,"36":2,"37":21,"38":18,"39":13,"40":5,"41":1,"42":1,"43":24,"44":98,"45":232,"46":2,"47":3,"48":504,"49":2,"50":2,"51":9,"52":7,"53":3,"54":4},"b":{"0":[3,44],"1":[2,19],"2":[0,0],"3":[1,953],"4":[954,953],"5":[0,2],"6":[1,22],"7":[1,25],"8":[0,1],"9":[1,9],"10":[2,2,1,1,1,2,3],"11":[0,3],"12":[1,1],"13":[0,2],"14":[22,1],"15":[22,1],"16":[21,1],"17":[0,2],"18":[20,1],"19":[17,1],"20":[12,1],"21":[4,1],"22":[0,1],"23":[0,1],"24":[1,23],"25":[21,2],"26":[1,97],"27":[97,0],"28":[2,0],"29":[1,1],"30":[2,2,1],"31":[2],"32":[1,231],"33":[0,2],"34":[0,3],"35":[1,1],"36":[1,1],"37":[4],"38":[1,8],"39":[1,6],"40":[2,2,1,0],"41":[2,2],"42":[1,2],"43":[1,3]}}
,"/Users/jdavidoa91/Documents/GitHub/atemporal/src/index.ts": {"path":"/Users/jdavidoa91/Documents/GitHub/atemporal/src/index.ts","statementMap":{"0":{"start":{"line":10,"column":0},"end":{"line":10,"column":31}},"1":{"start":{"line":13,"column":0},"end":{"line":13,"column":49}},"2":{"start":{"line":14,"column":0},"end":{"line":14,"column":9}},"3":{"start":{"line":19,"column":28},"end":{"line":14,"column":52}},"4":{"start":{"line":15,"column":0},"end":{"line":15,"column":48}},"5":{"start":{"line":28,"column":39},"end":{"line":45,"column":1}},"6":{"start":{"line":30,"column":4},"end":{"line":32,"column":5}},"7":{"start":{"line":31,"column":8},"end":{"line":31,"column":67}},"8":{"start":{"line":36,"column":4},"end":{"line":41,"column":5}},"9":{"start":{"line":39,"column":28},"end":{"line":39,"column":100}},"10":{"start":{"line":40,"column":8},"end":{"line":40,"column":49}},"11":{"start":{"line":44,"column":4},"end":{"line":44,"column":49}},"12":{"start":{"line":49,"column":18},"end":{"line":49,"column":49}},"13":{"start":{"line":55,"column":0},"end":{"line":55,"column":42}},"14":{"start":{"line":61,"column":0},"end":{"line":61,"column":60}},"15":{"start":{"line":67,"column":0},"end":{"line":67,"column":64}},"16":{"start":{"line":73,"column":0},"end":{"line":73,"column":60}},"17":{"start":{"line":79,"column":0},"end":{"line":81,"column":2}},"18":{"start":{"line":80,"column":4},"end":{"line":80,"column":48}},"19":{"start":{"line":84,"column":0},"end":{"line":84,"column":25}}},"fnMap":{"0":{"name":"(anonymous_0)","decl":{"start":{"line":19,"column":28},"end":{"line":19,"column":37}},"loc":{"start":{"line":19,"column":28},"end":{"line":14,"column":52}}},"1":{"name":"(anonymous_1)","decl":{"start":{"line":28,"column":39},"end":{"line":28,"column":40}},"loc":{"start":{"line":28,"column":80},"end":{"line":45,"column":1}}},"2":{"name":"(anonymous_2)","decl":{"start":{"line":79,"column":19},"end":{"line":79,"column":20}},"loc":{"start":{"line":79,"column":47},"end":{"line":81,"column":1}}}},"branchMap":{"0":{"loc":{"start":{"line":30,"column":4},"end":{"line":32,"column":5}},"type":"if","locations":[{"start":{"line":30,"column":4},"end":{"line":32,"column":5}},{"start":{},"end":{}}]},"1":{"loc":{"start":{"line":31,"column":15},"end":{"line":31,"column":66}},"type":"cond-expr","locations":[{"start":{"line":31,"column":26},"end":{"line":31,"column":50}},{"start":{"line":31,"column":53},"end":{"line":31,"column":66}}]},"2":{"loc":{"start":{"line":36,"column":4},"end":{"line":41,"column":5}},"type":"if","locations":[{"start":{"line":36,"column":4},"end":{"line":41,"column":5}},{"start":{},"end":{}}]},"3":{"loc":{"start":{"line":39,"column":58},"end":{"line":39,"column":99}},"type":"binary-expr","locations":[{"start":{"line":39,"column":58},"end":{"line":39,"column":66}},{"start":{"line":39,"column":70},"end":{"line":39,"column":99}}]}},"s":{"0":9,"1":9,"2":9,"3":9,"4":9,"5":9,"6":91,"7":2,"8":89,"9":50,"10":50,"11":39,"12":9,"13":9,"14":9,"15":9,"16":9,"17":9,"18":5,"19":9},"f":{"0":0,"1":91,"2":5},"b":{"0":[2,89],"1":[1,1],"2":[50,39],"3":[50,50]}}
,"/Users/jdavidoa91/Documents/GitHub/atemporal/src/plugins/customParseFormat.ts": {"path":"/Users/jdavidoa91/Documents/GitHub/atemporal/src/plugins/customParseFormat.ts","statementMap":{"0":{"start":{"line":6,"column":0},"end":{"line":6,"column":53}},"1":{"start":{"line":27,"column":44},"end":{"line":40,"column":2}},"2":{"start":{"line":42,"column":19},"end":{"line":42,"column":54}},"3":{"start":{"line":50,"column":35},"end":{"line":50,"column":37}},"4":{"start":{"line":52,"column":29},"end":{"line":52,"column":82}},"5":{"start":{"line":54,"column":24},"end":{"line":57,"column":6}},"6":{"start":{"line":55,"column":8},"end":{"line":55,"column":33}},"7":{"start":{"line":56,"column":8},"end":{"line":56,"column":31}},"8":{"start":{"line":60,"column":23},"end":{"line":60,"column":53}},"9":{"start":{"line":61,"column":19},"end":{"line":61,"column":47}},"10":{"start":{"line":63,"column":4},"end":{"line":65,"column":5}},"11":{"start":{"line":64,"column":8},"end":{"line":64,"column":20}},"12":{"start":{"line":67,"column":49},"end":{"line":67,"column":51}},"13":{"start":{"line":68,"column":4},"end":{"line":71,"column":7}},"14":{"start":{"line":70,"column":8},"end":{"line":70,"column":45}},"15":{"start":{"line":74,"column":17},"end":{"line":74,"column":78}},"16":{"start":{"line":77,"column":4},"end":{"line":79,"column":5}},"17":{"start":{"line":78,"column":8},"end":{"line":78,"column":20}},"18":{"start":{"line":82,"column":18},"end":{"line":82,"column":72}},"19":{"start":{"line":83,"column":16},"end":{"line":83,"column":70}},"20":{"start":{"line":84,"column":17},"end":{"line":84,"column":71}},"21":{"start":{"line":85,"column":19},"end":{"line":85,"column":73}},"22":{"start":{"line":86,"column":19},"end":{"line":86,"column":73}},"23":{"start":{"line":88,"column":4},"end":{"line":88,"column":65}},"24":{"start":{"line":92,"column":40},"end":{"line":108,"column":1}},"25":{"start":{"line":93,"column":4},"end":{"line":107,"column":6}},"26":{"start":{"line":98,"column":26},"end":{"line":98,"column":62}},"27":{"start":{"line":101,"column":8},"end":{"line":103,"column":9}},"28":{"start":{"line":102,"column":12},"end":{"line":102,"column":56}},"29":{"start":{"line":106,"column":8},"end":{"line":106,"column":57}},"30":{"start":{"line":110,"column":0},"end":{"line":110,"column":39}}},"fnMap":{"0":{"name":"parseToISO","decl":{"start":{"line":49,"column":9},"end":{"line":49,"column":19}},"loc":{"start":{"line":49,"column":60},"end":{"line":89,"column":1}}},"1":{"name":"(anonymous_1)","decl":{"start":{"line":54,"column":61},"end":{"line":54,"column":62}},"loc":{"start":{"line":54,"column":71},"end":{"line":57,"column":5}}},"2":{"name":"(anonymous_2)","decl":{"start":{"line":68,"column":25},"end":{"line":68,"column":26}},"loc":{"start":{"line":68,"column":42},"end":{"line":71,"column":5}}},"3":{"name":"(anonymous_3)","decl":{"start":{"line":92,"column":40},"end":{"line":92,"column":41}},"loc":{"start":{"line":92,"column":83},"end":{"line":108,"column":1}}},"4":{"name":"(anonymous_4)","decl":{"start":{"line":93,"column":27},"end":{"line":93,"column":null}},"loc":{"start":{"line":96,"column":25},"end":{"line":107,"column":5}}}},"branchMap":{"0":{"loc":{"start":{"line":63,"column":4},"end":{"line":65,"column":5}},"type":"if","locations":[{"start":{"line":63,"column":4},"end":{"line":65,"column":5}},{"start":{},"end":{}}]},"1":{"loc":{"start":{"line":74,"column":17},"end":{"line":74,"column":78}},"type":"binary-expr","locations":[{"start":{"line":74,"column":17},"end":{"line":74,"column":31}},{"start":{"line":74,"column":36},"end":{"line":74,"column":77}}]},"2":{"loc":{"start":{"line":74,"column":36},"end":{"line":74,"column":77}},"type":"cond-expr","locations":[{"start":{"line":74,"column":51},"end":{"line":74,"column":70}},{"start":{"line":74,"column":73},"end":{"line":74,"column":77}}]},"3":{"loc":{"start":{"line":77,"column":4},"end":{"line":79,"column":5}},"type":"if","locations":[{"start":{"line":77,"column":4},"end":{"line":79,"column":5}},{"start":{},"end":{}}]},"4":{"loc":{"start":{"line":82,"column":19},"end":{"line":82,"column":54}},"type":"binary-expr","locations":[{"start":{"line":82,"column":19},"end":{"line":82,"column":31}},{"start":{"line":82,"column":35},"end":{"line":82,"column":46}},{"start":{"line":82,"column":50},"end":{"line":82,"column":54}}]},"5":{"loc":{"start":{"line":83,"column":17},"end":{"line":83,"column":52}},"type":"binary-expr","locations":[{"start":{"line":83,"column":17},"end":{"line":83,"column":29}},{"start":{"line":83,"column":33},"end":{"line":83,"column":44}},{"start":{"line":83,"column":48},"end":{"line":83,"column":52}}]},"6":{"loc":{"start":{"line":84,"column":18},"end":{"line":84,"column":53}},"type":"binary-expr","locations":[{"start":{"line":84,"column":18},"end":{"line":84,"column":30}},{"start":{"line":84,"column":34},"end":{"line":84,"column":45}},{"start":{"line":84,"column":49},"end":{"line":84,"column":53}}]},"7":{"loc":{"start":{"line":85,"column":20},"end":{"line":85,"column":55}},"type":"binary-expr","locations":[{"start":{"line":85,"column":20},"end":{"line":85,"column":32}},{"start":{"line":85,"column":36},"end":{"line":85,"column":47}},{"start":{"line":85,"column":51},"end":{"line":85,"column":55}}]},"8":{"loc":{"start":{"line":86,"column":20},"end":{"line":86,"column":55}},"type":"binary-expr","locations":[{"start":{"line":86,"column":20},"end":{"line":86,"column":32}},{"start":{"line":86,"column":36},"end":{"line":86,"column":47}},{"start":{"line":86,"column":51},"end":{"line":86,"column":55}}]},"9":{"loc":{"start":{"line":101,"column":8},"end":{"line":103,"column":9}},"type":"if","locations":[{"start":{"line":101,"column":8},"end":{"line":103,"column":9}},{"start":{},"end":{}}]}},"s":{"0":2,"1":2,"2":2,"3":15,"4":15,"5":15,"6":48,"7":48,"8":15,"9":15,"10":15,"11":5,"12":10,"13":10,"14":36,"15":10,"16":10,"17":1,"18":9,"19":9,"20":9,"21":9,"22":9,"23":9,"24":2,"25":2,"26":15,"27":15,"28":6,"29":9,"30":2},"f":{"0":15,"1":48,"2":36,"3":2,"4":15},"b":{"0":[5,10],"1":[10,2],"2":[1,1],"3":[1,9],"4":[9,1,0],"5":[9,1,0],"6":[9,6,6],"7":[9,6,6],"8":[9,8,8],"9":[6,9]}}
,"/Users/jdavidoa91/Documents/GitHub/atemporal/src/plugins/relativeTime.ts": {"path":"/Users/jdavidoa91/Documents/GitHub/atemporal/src/plugins/relativeTime.ts","statementMap":{"0":{"start":{"line":46,"column":24},"end":{"line":109,"column":1}},"1":{"start":{"line":52,"column":4},"end":{"line":54,"column":5}},"2":{"start":{"line":53,"column":8},"end":{"line":53,"column":30}},"3":{"start":{"line":57,"column":23},"end":{"line":63,"column":6}},"4":{"start":{"line":65,"column":24},"end":{"line":65,"column":63}},"5":{"start":{"line":66,"column":24},"end":{"line":66,"column":63}},"6":{"start":{"line":67,"column":22},"end":{"line":67,"column":59}},"7":{"start":{"line":68,"column":21},"end":{"line":68,"column":57}},"8":{"start":{"line":69,"column":23},"end":{"line":69,"column":61}},"9":{"start":{"line":70,"column":22},"end":{"line":70,"column":59}},"10":{"start":{"line":76,"column":4},"end":{"line":94,"column":5}},"11":{"start":{"line":77,"column":8},"end":{"line":77,"column":28}},"12":{"start":{"line":78,"column":8},"end":{"line":78,"column":43}},"13":{"start":{"line":79,"column":11},"end":{"line":94,"column":5}},"14":{"start":{"line":80,"column":8},"end":{"line":80,"column":28}},"15":{"start":{"line":81,"column":8},"end":{"line":81,"column":43}},"16":{"start":{"line":82,"column":11},"end":{"line":94,"column":5}},"17":{"start":{"line":83,"column":8},"end":{"line":83,"column":26}},"18":{"start":{"line":84,"column":8},"end":{"line":84,"column":41}},"19":{"start":{"line":85,"column":11},"end":{"line":94,"column":5}},"20":{"start":{"line":86,"column":8},"end":{"line":86,"column":25}},"21":{"start":{"line":87,"column":8},"end":{"line":87,"column":40}},"22":{"start":{"line":88,"column":11},"end":{"line":94,"column":5}},"23":{"start":{"line":89,"column":8},"end":{"line":89,"column":27}},"24":{"start":{"line":90,"column":8},"end":{"line":90,"column":42}},"25":{"start":{"line":92,"column":8},"end":{"line":92,"column":26}},"26":{"start":{"line":93,"column":8},"end":{"line":93,"column":41}},"27":{"start":{"line":96,"column":4},"end":{"line":104,"column":5}},"28":{"start":{"line":99,"column":8},"end":{"line":103,"column":38}},"29":{"start":{"line":107,"column":16},"end":{"line":107,"column":72}},"30":{"start":{"line":108,"column":4},"end":{"line":108,"column":42}},"31":{"start":{"line":112,"column":35},"end":{"line":124,"column":1}},"32":{"start":{"line":113,"column":4},"end":{"line":117,"column":6}},"33":{"start":{"line":114,"column":20},"end":{"line":114,"column":31}},"34":{"start":{"line":115,"column":23},"end":{"line":115,"column":51}},"35":{"start":{"line":116,"column":8},"end":{"line":116,"column":65}},"36":{"start":{"line":119,"column":4},"end":{"line":123,"column":6}},"37":{"start":{"line":120,"column":20},"end":{"line":120,"column":31}},"38":{"start":{"line":121,"column":23},"end":{"line":121,"column":51}},"39":{"start":{"line":122,"column":8},"end":{"line":122,"column":65}},"40":{"start":{"line":126,"column":0},"end":{"line":126,"column":34}}},"fnMap":{"0":{"name":"(anonymous_0)","decl":{"start":{"line":46,"column":24},"end":{"line":46,"column":null}},"loc":{"start":{"line":51,"column":12},"end":{"line":109,"column":1}}},"1":{"name":"(anonymous_1)","decl":{"start":{"line":112,"column":35},"end":{"line":112,"column":36}},"loc":{"start":{"line":112,"column":78},"end":{"line":124,"column":1}}},"2":{"name":"(anonymous_2)","decl":{"start":{"line":113,"column":34},"end":{"line":113,"column":67}},"loc":{"start":{"line":113,"column":88},"end":{"line":117,"column":5}}},"3":{"name":"(anonymous_3)","decl":{"start":{"line":119,"column":32},"end":{"line":119,"column":65}},"loc":{"start":{"line":119,"column":86},"end":{"line":123,"column":5}}}},"branchMap":{"0":{"loc":{"start":{"line":52,"column":4},"end":{"line":54,"column":5}},"type":"if","locations":[{"start":{"line":52,"column":4},"end":{"line":54,"column":5}},{"start":{},"end":{}}]},"1":{"loc":{"start":{"line":52,"column":8},"end":{"line":52,"column":56}},"type":"binary-expr","locations":[{"start":{"line":52,"column":8},"end":{"line":52,"column":27}},{"start":{"line":52,"column":31},"end":{"line":52,"column":56}}]},"2":{"loc":{"start":{"line":76,"column":4},"end":{"line":94,"column":5}},"type":"if","locations":[{"start":{"line":76,"column":4},"end":{"line":94,"column":5}},{"start":{"line":79,"column":11},"end":{"line":94,"column":5}}]},"3":{"loc":{"start":{"line":79,"column":11},"end":{"line":94,"column":5}},"type":"if","locations":[{"start":{"line":79,"column":11},"end":{"line":94,"column":5}},{"start":{"line":82,"column":11},"end":{"line":94,"column":5}}]},"4":{"loc":{"start":{"line":82,"column":11},"end":{"line":94,"column":5}},"type":"if","locations":[{"start":{"line":82,"column":11},"end":{"line":94,"column":5}},{"start":{"line":85,"column":11},"end":{"line":94,"column":5}}]},"5":{"loc":{"start":{"line":85,"column":11},"end":{"line":94,"column":5}},"type":"if","locations":[{"start":{"line":85,"column":11},"end":{"line":94,"column":5}},{"start":{"line":88,"column":11},"end":{"line":94,"column":5}}]},"6":{"loc":{"start":{"line":88,"column":11},"end":{"line":94,"column":5}},"type":"if","locations":[{"start":{"line":88,"column":11},"end":{"line":94,"column":5}},{"start":{"line":91,"column":11},"end":{"line":94,"column":5}}]},"7":{"loc":{"start":{"line":96,"column":4},"end":{"line":104,"column":5}},"type":"if","locations":[{"start":{"line":96,"column":4},"end":{"line":104,"column":5}},{"start":{},"end":{}}]},"8":{"loc":{"start":{"line":113,"column":67},"end":{"line":113,"column":88}},"type":"default-arg","locations":[{"start":{"line":113,"column":83},"end":{"line":113,"column":88}}]},"9":{"loc":{"start":{"line":119,"column":65},"end":{"line":119,"column":86}},"type":"default-arg","locations":[{"start":{"line":119,"column":81},"end":{"line":119,"column":86}}]}},"s":{"0":3,"1":40,"2":2,"3":38,"4":38,"5":38,"6":38,"7":38,"8":38,"9":38,"10":38,"11":4,"12":4,"13":34,"14":9,"15":9,"16":25,"17":6,"18":6,"19":19,"20":11,"21":11,"22":8,"23":3,"24":3,"25":5,"26":5,"27":38,"28":7,"29":31,"30":31,"31":3,"32":3,"33":27,"34":27,"35":27,"36":3,"37":13,"38":13,"39":13,"40":3},"f":{"0":40,"1":3,"2":27,"3":13},"b":{"0":[2,38],"1":[40,39],"2":[4,34],"3":[9,25],"4":[6,19],"5":[11,8],"6":[3,5],"7":[7,31],"8":[22],"9":[11]}}
}
