{"/Users/jdavidoa91/Documents/GitHub/atemporal/src/TemporalUtils.ts": {"path":"/Users/jdavidoa91/Documents/GitHub/atemporal/src/TemporalUtils.ts","statementMap":{"0":{"start":{"line":9,"column":0},"end":{"line":9,"column":49}},"1":{"start":{"line":21,"column":8},"end":{"line":21,"column":44}},"2":{"start":{"line":28,"column":8},"end":{"line":28,"column":44}},"3":{"start":{"line":36,"column":8},"end":{"line":43,"column":9}},"4":{"start":{"line":39,"column":12},"end":{"line":39,"column":63}},"5":{"start":{"line":40,"column":12},"end":{"line":40,"column":48}},"6":{"start":{"line":42,"column":12},"end":{"line":42,"column":56}},"7":{"start":{"line":50,"column":8},"end":{"line":50,"column":46}},"8":{"start":{"line":59,"column":19},"end":{"line":59,"column":60}},"9":{"start":{"line":61,"column":8},"end":{"line":63,"column":9}},"10":{"start":{"line":62,"column":12},"end":{"line":62,"column":53}},"11":{"start":{"line":66,"column":8},"end":{"line":68,"column":9}},"12":{"start":{"line":67,"column":12},"end":{"line":67,"column":100}},"13":{"start":{"line":69,"column":8},"end":{"line":72,"column":9}},"14":{"start":{"line":70,"column":25},"end":{"line":70,"column":68}},"15":{"start":{"line":71,"column":12},"end":{"line":71,"column":94}},"16":{"start":{"line":73,"column":8},"end":{"line":75,"column":9}},"17":{"start":{"line":74,"column":12},"end":{"line":74,"column":45}},"18":{"start":{"line":78,"column":8},"end":{"line":80,"column":9}},"19":{"start":{"line":79,"column":12},"end":{"line":79,"column":98}},"20":{"start":{"line":83,"column":8},"end":{"line":103,"column":9}},"21":{"start":{"line":84,"column":12},"end":{"line":102,"column":13}},"22":{"start":{"line":88,"column":32},"end":{"line":88,"column":60}},"23":{"start":{"line":89,"column":28},"end":{"line":89,"column":58}},"24":{"start":{"line":91,"column":16},"end":{"line":91,"column":92}},"25":{"start":{"line":93,"column":16},"end":{"line":101,"column":17}},"26":{"start":{"line":96,"column":32},"end":{"line":96,"column":66}},"27":{"start":{"line":97,"column":20},"end":{"line":97,"column":51}},"28":{"start":{"line":100,"column":20},"end":{"line":100,"column":69}},"29":{"start":{"line":106,"column":8},"end":{"line":108,"column":9}},"30":{"start":{"line":107,"column":12},"end":{"line":107,"column":88}},"31":{"start":{"line":111,"column":8},"end":{"line":111,"column":72}},"32":{"start":{"line":118,"column":8},"end":{"line":118,"column":52}},"33":{"start":{"line":125,"column":19},"end":{"line":125,"column":40}},"34":{"start":{"line":126,"column":19},"end":{"line":126,"column":40}},"35":{"start":{"line":131,"column":8},"end":{"line":131,"column":79}},"36":{"start":{"line":138,"column":8},"end":{"line":138,"column":99}},"37":{"start":{"line":145,"column":8},"end":{"line":145,"column":98}},"38":{"start":{"line":152,"column":21},"end":{"line":152,"column":42}},"39":{"start":{"line":153,"column":22},"end":{"line":153,"column":43}},"40":{"start":{"line":154,"column":20},"end":{"line":154,"column":41}},"41":{"start":{"line":156,"column":33},"end":{"line":156,"column":76}},"42":{"start":{"line":157,"column":31},"end":{"line":157,"column":72}},"43":{"start":{"line":159,"column":29},"end":{"line":161,"column":34}},"44":{"start":{"line":163,"column":28},"end":{"line":165,"column":32}},"45":{"start":{"line":167,"column":8},"end":{"line":167,"column":43}},"46":{"start":{"line":174,"column":8},"end":{"line":174,"column":98}},"47":{"start":{"line":181,"column":8},"end":{"line":181,"column":95}},"48":{"start":{"line":188,"column":8},"end":{"line":193,"column":9}},"49":{"start":{"line":189,"column":12},"end":{"line":189,"column":38}},"50":{"start":{"line":190,"column":12},"end":{"line":190,"column":24}},"51":{"start":{"line":192,"column":12},"end":{"line":192,"column":25}},"52":{"start":{"line":12,"column":0},"end":{"line":12,"column":13}},"53":{"start":{"line":14,"column":19},"end":{"line":14,"column":44}},"54":{"start":{"line":15,"column":19},"end":{"line":15,"column":44}}},"fnMap":{"0":{"name":"(anonymous_0)","decl":{"start":{"line":20,"column":4},"end":{"line":20,"column":10}},"loc":{"start":{"line":20,"column":40},"end":{"line":22,"column":5}}},"1":{"name":"(anonymous_1)","decl":{"start":{"line":27,"column":4},"end":{"line":27,"column":10}},"loc":{"start":{"line":27,"column":27},"end":{"line":29,"column":5}}},"2":{"name":"(anonymous_2)","decl":{"start":{"line":35,"column":4},"end":{"line":35,"column":10}},"loc":{"start":{"line":35,"column":40},"end":{"line":44,"column":5}}},"3":{"name":"(anonymous_3)","decl":{"start":{"line":49,"column":4},"end":{"line":49,"column":10}},"loc":{"start":{"line":49,"column":30},"end":{"line":51,"column":5}}},"4":{"name":"(anonymous_4)","decl":{"start":{"line":58,"column":4},"end":{"line":58,"column":10}},"loc":{"start":{"line":58,"column":52},"end":{"line":112,"column":5}}},"5":{"name":"(anonymous_5)","decl":{"start":{"line":117,"column":4},"end":{"line":117,"column":10}},"loc":{"start":{"line":117,"column":50},"end":{"line":119,"column":5}}},"6":{"name":"(anonymous_6)","decl":{"start":{"line":124,"column":4},"end":{"line":124,"column":10}},"loc":{"start":{"line":124,"column":74},"end":{"line":132,"column":5}}},"7":{"name":"(anonymous_7)","decl":{"start":{"line":137,"column":4},"end":{"line":137,"column":10}},"loc":{"start":{"line":137,"column":46},"end":{"line":139,"column":5}}},"8":{"name":"(anonymous_8)","decl":{"start":{"line":144,"column":4},"end":{"line":144,"column":10}},"loc":{"start":{"line":144,"column":45},"end":{"line":146,"column":5}}},"9":{"name":"(anonymous_9)","decl":{"start":{"line":151,"column":4},"end":{"line":151,"column":10}},"loc":{"start":{"line":151,"column":108},"end":{"line":168,"column":5}}},"10":{"name":"(anonymous_10)","decl":{"start":{"line":173,"column":4},"end":{"line":173,"column":10}},"loc":{"start":{"line":173,"column":44},"end":{"line":175,"column":5}}},"11":{"name":"(anonymous_11)","decl":{"start":{"line":180,"column":4},"end":{"line":180,"column":10}},"loc":{"start":{"line":180,"column":47},"end":{"line":182,"column":5}}},"12":{"name":"(anonymous_12)","decl":{"start":{"line":187,"column":4},"end":{"line":187,"column":10}},"loc":{"start":{"line":187,"column":29},"end":{"line":194,"column":5}}}},"branchMap":{"0":{"loc":{"start":{"line":59,"column":19},"end":{"line":59,"column":60}},"type":"binary-expr","locations":[{"start":{"line":59,"column":19},"end":{"line":59,"column":27}},{"start":{"line":59,"column":31},"end":{"line":59,"column":60}}]},"1":{"loc":{"start":{"line":61,"column":8},"end":{"line":63,"column":9}},"type":"if","locations":[{"start":{"line":61,"column":8},"end":{"line":63,"column":9}},{"start":{},"end":{}}]},"2":{"loc":{"start":{"line":61,"column":12},"end":{"line":61,"column":49}},"type":"binary-expr","locations":[{"start":{"line":61,"column":12},"end":{"line":61,"column":31}},{"start":{"line":61,"column":35},"end":{"line":61,"column":49}}]},"3":{"loc":{"start":{"line":66,"column":8},"end":{"line":68,"column":9}},"type":"if","locations":[{"start":{"line":66,"column":8},"end":{"line":68,"column":9}},{"start":{},"end":{}}]},"4":{"loc":{"start":{"line":67,"column":19},"end":{"line":67,"column":99}},"type":"cond-expr","locations":[{"start":{"line":67,"column":63},"end":{"line":67,"column":91}},{"start":{"line":67,"column":94},"end":{"line":67,"column":99}}]},"5":{"loc":{"start":{"line":67,"column":19},"end":{"line":67,"column":60}},"type":"binary-expr","locations":[{"start":{"line":67,"column":19},"end":{"line":67,"column":27}},{"start":{"line":67,"column":31},"end":{"line":67,"column":60}}]},"6":{"loc":{"start":{"line":69,"column":8},"end":{"line":72,"column":9}},"type":"if","locations":[{"start":{"line":69,"column":8},"end":{"line":72,"column":9}},{"start":{},"end":{}}]},"7":{"loc":{"start":{"line":69,"column":12},"end":{"line":69,"column":111}},"type":"binary-expr","locations":[{"start":{"line":69,"column":12},"end":{"line":69,"column":37}},{"start":{"line":69,"column":41},"end":{"line":69,"column":55}},{"start":{"line":69,"column":60},"end":{"line":69,"column":111}}]},"8":{"loc":{"start":{"line":71,"column":19},"end":{"line":71,"column":93}},"type":"cond-expr","locations":[{"start":{"line":71,"column":61},"end":{"line":71,"column":87}},{"start":{"line":71,"column":90},"end":{"line":71,"column":93}}]},"9":{"loc":{"start":{"line":71,"column":19},"end":{"line":71,"column":58}},"type":"binary-expr","locations":[{"start":{"line":71,"column":19},"end":{"line":71,"column":27}},{"start":{"line":71,"column":31},"end":{"line":71,"column":58}}]},"10":{"loc":{"start":{"line":73,"column":8},"end":{"line":75,"column":9}},"type":"if","locations":[{"start":{"line":73,"column":8},"end":{"line":75,"column":9}},{"start":{},"end":{}}]},"11":{"loc":{"start":{"line":78,"column":8},"end":{"line":80,"column":9}},"type":"if","locations":[{"start":{"line":78,"column":8},"end":{"line":80,"column":9}},{"start":{},"end":{}}]},"12":{"loc":{"start":{"line":83,"column":8},"end":{"line":103,"column":9}},"type":"if","locations":[{"start":{"line":83,"column":8},"end":{"line":103,"column":9}},{"start":{},"end":{}}]},"13":{"loc":{"start":{"line":91,"column":23},"end":{"line":91,"column":91}},"type":"cond-expr","locations":[{"start":{"line":91,"column":59},"end":{"line":91,"column":85}},{"start":{"line":91,"column":88},"end":{"line":91,"column":91}}]},"14":{"loc":{"start":{"line":91,"column":23},"end":{"line":91,"column":56}},"type":"binary-expr","locations":[{"start":{"line":91,"column":23},"end":{"line":91,"column":31}},{"start":{"line":91,"column":35},"end":{"line":91,"column":56}}]},"15":{"loc":{"start":{"line":106,"column":8},"end":{"line":108,"column":9}},"type":"if","locations":[{"start":{"line":106,"column":8},"end":{"line":108,"column":9}},{"start":{},"end":{}}]},"16":{"loc":{"start":{"line":124,"column":44},"end":{"line":124,"column":74}},"type":"default-arg","locations":[{"start":{"line":124,"column":61},"end":{"line":124,"column":74}}]},"17":{"loc":{"start":{"line":151,"column":63},"end":{"line":151,"column":108}},"type":"default-arg","locations":[{"start":{"line":151,"column":104},"end":{"line":151,"column":108}}]},"18":{"loc":{"start":{"line":159,"column":29},"end":{"line":161,"column":34}},"type":"cond-expr","locations":[{"start":{"line":160,"column":14},"end":{"line":160,"column":35}},{"start":{"line":161,"column":14},"end":{"line":161,"column":34}}]},"19":{"loc":{"start":{"line":163,"column":28},"end":{"line":165,"column":32}},"type":"cond-expr","locations":[{"start":{"line":164,"column":14},"end":{"line":164,"column":33}},{"start":{"line":165,"column":14},"end":{"line":165,"column":32}}]},"20":{"loc":{"start":{"line":167,"column":15},"end":{"line":167,"column":42}},"type":"binary-expr","locations":[{"start":{"line":167,"column":15},"end":{"line":167,"column":27}},{"start":{"line":167,"column":31},"end":{"line":167,"column":42}}]}},"s":{"0":10,"1":19,"2":42,"3":5,"4":5,"5":4,"6":1,"7":653,"8":616,"9":616,"10":0,"11":616,"12":295,"13":321,"14":250,"15":250,"16":71,"17":1,"18":70,"19":0,"20":70,"21":60,"22":60,"23":16,"24":16,"25":44,"26":44,"27":22,"28":22,"29":10,"30":8,"31":2,"32":2,"33":231,"34":231,"35":230,"36":1,"37":1,"38":8,"39":8,"40":7,"41":6,"42":6,"43":6,"44":6,"45":6,"46":0,"47":2,"48":0,"49":0,"50":0,"51":0,"52":10,"53":10,"54":10},"f":{"0":19,"1":42,"2":5,"3":653,"4":616,"5":2,"6":231,"7":1,"8":1,"9":8,"10":0,"11":2,"12":0},"b":{"0":[616,603],"1":[0,616],"2":[616,616],"3":[295,321],"4":[0,295],"5":[295,0],"6":[250,71],"7":[321,252,250],"8":[0,250],"9":[250,6],"10":[1,70],"11":[0,70],"12":[60,10],"13":[0,16],"14":[16,2],"15":[8,2],"16":[0],"17":[0],"18":[3,3],"19":[3,3],"20":[6,3]}}
,"/Users/jdavidoa91/Documents/GitHub/atemporal/src/TemporalWrapper.ts": {"path":"/Users/jdavidoa91/Documents/GitHub/atemporal/src/TemporalWrapper.ts","statementMap":{"0":{"start":{"line":8,"column":0},"end":{"line":8,"column":48}},"1":{"start":{"line":16,"column":4},"end":{"line":16,"column":54}},"2":{"start":{"line":16,"column":32},"end":{"line":16,"column":54}},"3":{"start":{"line":17,"column":4},"end":{"line":17,"column":22}},"4":{"start":{"line":25,"column":32},"end":{"line":25,"column":78}},"5":{"start":{"line":28,"column":4},"end":{"line":30,"column":5}},"6":{"start":{"line":29,"column":8},"end":{"line":29,"column":54}},"7":{"start":{"line":31,"column":41},"end":{"line":51,"column":6}},"8":{"start":{"line":32,"column":20},"end":{"line":32,"column":44}},"9":{"start":{"line":33,"column":18},"end":{"line":33,"column":52}},"10":{"start":{"line":34,"column":18},"end":{"line":34,"column":60}},"11":{"start":{"line":35,"column":17},"end":{"line":35,"column":42}},"12":{"start":{"line":36,"column":18},"end":{"line":36,"column":58}},"13":{"start":{"line":37,"column":17},"end":{"line":37,"column":40}},"14":{"start":{"line":38,"column":18},"end":{"line":38,"column":59}},"15":{"start":{"line":39,"column":17},"end":{"line":39,"column":41}},"16":{"start":{"line":40,"column":18},"end":{"line":40,"column":61}},"17":{"start":{"line":41,"column":17},"end":{"line":41,"column":43}},"18":{"start":{"line":42,"column":18},"end":{"line":42,"column":61}},"19":{"start":{"line":43,"column":17},"end":{"line":43,"column":43}},"20":{"start":{"line":44,"column":19},"end":{"line":44,"column":67}},"21":{"start":{"line":45,"column":20},"end":{"line":45,"column":42}},"22":{"start":{"line":46,"column":19},"end":{"line":46,"column":112}},"23":{"start":{"line":48,"column":17},"end":{"line":48,"column":36}},"24":{"start":{"line":49,"column":18},"end":{"line":49,"column":54}},"25":{"start":{"line":50,"column":17},"end":{"line":50,"column":40}},"26":{"start":{"line":52,"column":4},"end":{"line":52,"column":56}},"27":{"start":{"line":53,"column":4},"end":{"line":53,"column":24}},"28":{"start":{"line":64,"column":8},"end":{"line":70,"column":9}},"29":{"start":{"line":65,"column":12},"end":{"line":65,"column":65}},"30":{"start":{"line":66,"column":12},"end":{"line":66,"column":33}},"31":{"start":{"line":68,"column":12},"end":{"line":68,"column":34}},"32":{"start":{"line":69,"column":12},"end":{"line":69,"column":34}},"33":{"start":{"line":77,"column":8},"end":{"line":77,"column":46}},"34":{"start":{"line":85,"column":30},"end":{"line":85,"column":55}},"35":{"start":{"line":86,"column":8},"end":{"line":86,"column":50}},"36":{"start":{"line":95,"column":24},"end":{"line":95,"column":64}},"37":{"start":{"line":96,"column":8},"end":{"line":96,"column":37}},"38":{"start":{"line":97,"column":8},"end":{"line":97,"column":32}},"39":{"start":{"line":98,"column":8},"end":{"line":98,"column":23}},"40":{"start":{"line":106,"column":8},"end":{"line":106,"column":63}},"41":{"start":{"line":110,"column":8},"end":{"line":110,"column":29}},"42":{"start":{"line":114,"column":8},"end":{"line":116,"column":9}},"43":{"start":{"line":115,"column":12},"end":{"line":115,"column":89}},"44":{"start":{"line":117,"column":8},"end":{"line":117,"column":30}},"45":{"start":{"line":121,"column":8},"end":{"line":121,"column":41}},"46":{"start":{"line":121,"column":29},"end":{"line":121,"column":41}},"47":{"start":{"line":124,"column":8},"end":{"line":124,"column":67}},"48":{"start":{"line":128,"column":8},"end":{"line":128,"column":41}},"49":{"start":{"line":128,"column":29},"end":{"line":128,"column":41}},"50":{"start":{"line":129,"column":25},"end":{"line":129,"column":59}},"51":{"start":{"line":130,"column":24},"end":{"line":130,"column":51}},"52":{"start":{"line":131,"column":8},"end":{"line":131,"column":40}},"53":{"start":{"line":135,"column":8},"end":{"line":135,"column":41}},"54":{"start":{"line":135,"column":29},"end":{"line":135,"column":41}},"55":{"start":{"line":136,"column":25},"end":{"line":136,"column":59}},"56":{"start":{"line":137,"column":24},"end":{"line":137,"column":56}},"57":{"start":{"line":138,"column":8},"end":{"line":138,"column":40}},"58":{"start":{"line":142,"column":8},"end":{"line":142,"column":41}},"59":{"start":{"line":142,"column":29},"end":{"line":142,"column":41}},"60":{"start":{"line":143,"column":24},"end":{"line":143,"column":61}},"61":{"start":{"line":144,"column":8},"end":{"line":144,"column":40}},"62":{"start":{"line":152,"column":8},"end":{"line":152,"column":41}},"63":{"start":{"line":152,"column":29},"end":{"line":152,"column":41}},"64":{"start":{"line":153,"column":8},"end":{"line":176,"column":9}},"65":{"start":{"line":155,"column":36},"end":{"line":155,"column":89}},"66":{"start":{"line":156,"column":16},"end":{"line":156,"column":52}},"67":{"start":{"line":159,"column":36},"end":{"line":159,"column":79}},"68":{"start":{"line":160,"column":16},"end":{"line":160,"column":52}},"69":{"start":{"line":164,"column":34},"end":{"line":164,"column":57}},"70":{"start":{"line":165,"column":39},"end":{"line":165,"column":52}},"71":{"start":{"line":166,"column":36},"end":{"line":166,"column":84}},"72":{"start":{"line":167,"column":16},"end":{"line":167,"column":65}},"73":{"start":{"line":170,"column":16},"end":{"line":170,"column":67}},"74":{"start":{"line":174,"column":32},"end":{"line":174,"column":98}},"75":{"start":{"line":175,"column":16},"end":{"line":175,"column":48}},"76":{"start":{"line":180,"column":8},"end":{"line":180,"column":41}},"77":{"start":{"line":180,"column":29},"end":{"line":180,"column":41}},"78":{"start":{"line":181,"column":22},"end":{"line":181,"column":40}},"79":{"start":{"line":182,"column":26},"end":{"line":182,"column":44}},"80":{"start":{"line":183,"column":8},"end":{"line":183,"column":52}},"81":{"start":{"line":187,"column":8},"end":{"line":187,"column":41}},"82":{"start":{"line":187,"column":29},"end":{"line":187,"column":41}},"83":{"start":{"line":188,"column":8},"end":{"line":188,"column":46}},"84":{"start":{"line":192,"column":8},"end":{"line":192,"column":40}},"85":{"start":{"line":192,"column":29},"end":{"line":192,"column":40}},"86":{"start":{"line":193,"column":8},"end":{"line":193,"column":35}},"87":{"start":{"line":197,"column":25},"end":{"line":197,"column":74}},"88":{"start":{"line":198,"column":26},"end":{"line":198,"column":76}},"89":{"start":{"line":199,"column":24},"end":{"line":199,"column":72}},"90":{"start":{"line":201,"column":8},"end":{"line":201,"column":51}},"91":{"start":{"line":201,"column":29},"end":{"line":201,"column":51}},"92":{"start":{"line":202,"column":23},"end":{"line":202,"column":55}},"93":{"start":{"line":203,"column":8},"end":{"line":203,"column":73}},"94":{"start":{"line":205,"column":25},"end":{"line":205,"column":74}},"95":{"start":{"line":206,"column":27},"end":{"line":206,"column":78}},"96":{"start":{"line":207,"column":27},"end":{"line":207,"column":78}},"97":{"start":{"line":208,"column":32},"end":{"line":208,"column":88}},"98":{"start":{"line":209,"column":28},"end":{"line":209,"column":93}},"99":{"start":{"line":210,"column":31},"end":{"line":210,"column":87}},"100":{"start":{"line":216,"column":8},"end":{"line":218,"column":9}},"101":{"start":{"line":217,"column":12},"end":{"line":217,"column":34}},"102":{"start":{"line":220,"column":8},"end":{"line":241,"column":9}},"103":{"start":{"line":221,"column":33},"end":{"line":221,"column":50}},"104":{"start":{"line":222,"column":33},"end":{"line":222,"column":74}},"105":{"start":{"line":225,"column":31},"end":{"line":225,"column":98}},"106":{"start":{"line":227,"column":12},"end":{"line":240,"column":15}},"107":{"start":{"line":229,"column":16},"end":{"line":231,"column":17}},"108":{"start":{"line":230,"column":20},"end":{"line":230,"column":35}},"109":{"start":{"line":234,"column":16},"end":{"line":236,"column":17}},"110":{"start":{"line":235,"column":20},"end":{"line":235,"column":51}},"111":{"start":{"line":239,"column":16},"end":{"line":239,"column":29}},"112":{"start":{"line":243,"column":24},"end":{"line":243,"column":71}},"113":{"start":{"line":244,"column":23},"end":{"line":244,"column":69}},"114":{"start":{"line":248,"column":8},"end":{"line":254,"column":9}},"115":{"start":{"line":250,"column":12},"end":{"line":253,"column":37}},"116":{"start":{"line":257,"column":59},"end":{"line":260,"column":10}},"117":{"start":{"line":262,"column":8},"end":{"line":266,"column":33}},"118":{"start":{"line":271,"column":8},"end":{"line":271,"column":40}},"119":{"start":{"line":271,"column":29},"end":{"line":271,"column":40}},"120":{"start":{"line":272,"column":8},"end":{"line":276,"column":9}},"121":{"start":{"line":273,"column":12},"end":{"line":273,"column":66}},"122":{"start":{"line":275,"column":12},"end":{"line":275,"column":23}},"123":{"start":{"line":280,"column":8},"end":{"line":280,"column":50}},"124":{"start":{"line":280,"column":29},"end":{"line":280,"column":50}},"125":{"start":{"line":281,"column":8},"end":{"line":281,"column":51}},"126":{"start":{"line":290,"column":8},"end":{"line":290,"column":51}},"127":{"start":{"line":290,"column":29},"end":{"line":290,"column":51}},"128":{"start":{"line":296,"column":30},"end":{"line":296,"column":124}},"129":{"start":{"line":297,"column":57},"end":{"line":297,"column":78}},"130":{"start":{"line":300,"column":8},"end":{"line":302,"column":9}},"131":{"start":{"line":301,"column":12},"end":{"line":301,"column":82}},"132":{"start":{"line":305,"column":8},"end":{"line":309,"column":11}},"133":{"start":{"line":314,"column":8},"end":{"line":314,"column":29}},"134":{"start":{"line":318,"column":8},"end":{"line":318,"column":42}},"135":{"start":{"line":318,"column":29},"end":{"line":318,"column":42}},"136":{"start":{"line":319,"column":8},"end":{"line":323,"column":9}},"137":{"start":{"line":320,"column":12},"end":{"line":320,"column":64}},"138":{"start":{"line":322,"column":12},"end":{"line":322,"column":25}},"139":{"start":{"line":327,"column":8},"end":{"line":327,"column":42}},"140":{"start":{"line":327,"column":29},"end":{"line":327,"column":42}},"141":{"start":{"line":328,"column":8},"end":{"line":332,"column":9}},"142":{"start":{"line":329,"column":12},"end":{"line":329,"column":63}},"143":{"start":{"line":331,"column":12},"end":{"line":331,"column":25}},"144":{"start":{"line":336,"column":8},"end":{"line":336,"column":42}},"145":{"start":{"line":336,"column":29},"end":{"line":336,"column":42}},"146":{"start":{"line":337,"column":8},"end":{"line":341,"column":9}},"147":{"start":{"line":338,"column":12},"end":{"line":338,"column":83}},"148":{"start":{"line":340,"column":12},"end":{"line":340,"column":25}},"149":{"start":{"line":345,"column":8},"end":{"line":345,"column":42}},"150":{"start":{"line":345,"column":29},"end":{"line":345,"column":42}},"151":{"start":{"line":346,"column":8},"end":{"line":361,"column":9}},"152":{"start":{"line":347,"column":34},"end":{"line":347,"column":89}},"153":{"start":{"line":348,"column":12},"end":{"line":358,"column":13}},"154":{"start":{"line":350,"column":20},"end":{"line":350,"column":69}},"155":{"start":{"line":352,"column":20},"end":{"line":353,"column":68}},"156":{"start":{"line":355,"column":20},"end":{"line":355,"column":91}},"157":{"start":{"line":357,"column":20},"end":{"line":357,"column":95}},"158":{"start":{"line":360,"column":12},"end":{"line":360,"column":25}},"159":{"start":{"line":365,"column":8},"end":{"line":365,"column":42}},"160":{"start":{"line":365,"column":29},"end":{"line":365,"column":42}},"161":{"start":{"line":366,"column":8},"end":{"line":370,"column":9}},"162":{"start":{"line":367,"column":12},"end":{"line":367,"column":65}},"163":{"start":{"line":369,"column":12},"end":{"line":369,"column":25}},"164":{"start":{"line":374,"column":8},"end":{"line":374,"column":42}},"165":{"start":{"line":374,"column":29},"end":{"line":374,"column":42}},"166":{"start":{"line":375,"column":8},"end":{"line":375,"column":40}},"167":{"start":{"line":56,"column":0},"end":{"line":56,"column":13}}},"fnMap":{"0":{"name":"getDurationUnit","decl":{"start":{"line":15,"column":9},"end":{"line":15,"column":24}},"loc":{"start":{"line":15,"column":39},"end":{"line":18,"column":1}}},"1":{"name":"createTokenReplacements","decl":{"start":{"line":27,"column":9},"end":{"line":27,"column":32}},"loc":{"start":{"line":27,"column":75},"end":{"line":54,"column":1}}},"2":{"name":"(anonymous_2)","decl":{"start":{"line":32,"column":14},"end":{"line":32,"column":17}},"loc":{"start":{"line":32,"column":20},"end":{"line":32,"column":44}}},"3":{"name":"(anonymous_3)","decl":{"start":{"line":33,"column":12},"end":{"line":33,"column":15}},"loc":{"start":{"line":33,"column":18},"end":{"line":33,"column":52}}},"4":{"name":"(anonymous_4)","decl":{"start":{"line":34,"column":12},"end":{"line":34,"column":15}},"loc":{"start":{"line":34,"column":18},"end":{"line":34,"column":60}}},"5":{"name":"(anonymous_5)","decl":{"start":{"line":35,"column":11},"end":{"line":35,"column":14}},"loc":{"start":{"line":35,"column":17},"end":{"line":35,"column":42}}},"6":{"name":"(anonymous_6)","decl":{"start":{"line":36,"column":12},"end":{"line":36,"column":15}},"loc":{"start":{"line":36,"column":18},"end":{"line":36,"column":58}}},"7":{"name":"(anonymous_7)","decl":{"start":{"line":37,"column":11},"end":{"line":37,"column":14}},"loc":{"start":{"line":37,"column":17},"end":{"line":37,"column":40}}},"8":{"name":"(anonymous_8)","decl":{"start":{"line":38,"column":12},"end":{"line":38,"column":15}},"loc":{"start":{"line":38,"column":18},"end":{"line":38,"column":59}}},"9":{"name":"(anonymous_9)","decl":{"start":{"line":39,"column":11},"end":{"line":39,"column":14}},"loc":{"start":{"line":39,"column":17},"end":{"line":39,"column":41}}},"10":{"name":"(anonymous_10)","decl":{"start":{"line":40,"column":12},"end":{"line":40,"column":15}},"loc":{"start":{"line":40,"column":18},"end":{"line":40,"column":61}}},"11":{"name":"(anonymous_11)","decl":{"start":{"line":41,"column":11},"end":{"line":41,"column":14}},"loc":{"start":{"line":41,"column":17},"end":{"line":41,"column":43}}},"12":{"name":"(anonymous_12)","decl":{"start":{"line":42,"column":12},"end":{"line":42,"column":15}},"loc":{"start":{"line":42,"column":18},"end":{"line":42,"column":61}}},"13":{"name":"(anonymous_13)","decl":{"start":{"line":43,"column":11},"end":{"line":43,"column":14}},"loc":{"start":{"line":43,"column":17},"end":{"line":43,"column":43}}},"14":{"name":"(anonymous_14)","decl":{"start":{"line":44,"column":13},"end":{"line":44,"column":16}},"loc":{"start":{"line":44,"column":19},"end":{"line":44,"column":67}}},"15":{"name":"(anonymous_15)","decl":{"start":{"line":45,"column":14},"end":{"line":45,"column":17}},"loc":{"start":{"line":45,"column":20},"end":{"line":45,"column":42}}},"16":{"name":"(anonymous_16)","decl":{"start":{"line":46,"column":13},"end":{"line":46,"column":16}},"loc":{"start":{"line":46,"column":19},"end":{"line":46,"column":112}}},"17":{"name":"(anonymous_17)","decl":{"start":{"line":48,"column":11},"end":{"line":48,"column":14}},"loc":{"start":{"line":48,"column":17},"end":{"line":48,"column":36}}},"18":{"name":"(anonymous_18)","decl":{"start":{"line":49,"column":12},"end":{"line":49,"column":15}},"loc":{"start":{"line":49,"column":18},"end":{"line":49,"column":54}}},"19":{"name":"(anonymous_19)","decl":{"start":{"line":50,"column":11},"end":{"line":50,"column":14}},"loc":{"start":{"line":50,"column":17},"end":{"line":50,"column":40}}},"20":{"name":"(anonymous_20)","decl":{"start":{"line":63,"column":4},"end":{"line":63,"column":24}},"loc":{"start":{"line":63,"column":59},"end":{"line":71,"column":5}}},"21":{"name":"(anonymous_21)","decl":{"start":{"line":76,"column":4},"end":{"line":76,"column":10}},"loc":{"start":{"line":76,"column":45},"end":{"line":78,"column":5}}},"22":{"name":"(anonymous_22)","decl":{"start":{"line":83,"column":4},"end":{"line":83,"column":10}},"loc":{"start":{"line":83,"column":42},"end":{"line":87,"column":5}}},"23":{"name":"(anonymous_23)","decl":{"start":{"line":93,"column":12},"end":{"line":93,"column":18}},"loc":{"start":{"line":93,"column":70},"end":{"line":99,"column":5}}},"24":{"name":"(anonymous_24)","decl":{"start":{"line":105,"column":12},"end":{"line":105,"column":22}},"loc":{"start":{"line":105,"column":58},"end":{"line":107,"column":5}}},"25":{"name":"(anonymous_25)","decl":{"start":{"line":109,"column":4},"end":{"line":109,"column":11}},"loc":{"start":{"line":109,"column":11},"end":{"line":111,"column":5}}},"26":{"name":"(anonymous_26)","decl":{"start":{"line":113,"column":4},"end":{"line":113,"column":8}},"loc":{"start":{"line":113,"column":16},"end":{"line":118,"column":5}}},"27":{"name":"(anonymous_27)","decl":{"start":{"line":120,"column":4},"end":{"line":120,"column":12}},"loc":{"start":{"line":120,"column":23},"end":{"line":125,"column":5}}},"28":{"name":"(anonymous_28)","decl":{"start":{"line":127,"column":4},"end":{"line":127,"column":7}},"loc":{"start":{"line":127,"column":37},"end":{"line":132,"column":5}}},"29":{"name":"(anonymous_29)","decl":{"start":{"line":134,"column":4},"end":{"line":134,"column":12}},"loc":{"start":{"line":134,"column":42},"end":{"line":139,"column":5}}},"30":{"name":"(anonymous_30)","decl":{"start":{"line":141,"column":4},"end":{"line":141,"column":7}},"loc":{"start":{"line":141,"column":41},"end":{"line":145,"column":5}}},"31":{"name":"(anonymous_31)","decl":{"start":{"line":151,"column":4},"end":{"line":151,"column":11}},"loc":{"start":{"line":151,"column":82},"end":{"line":177,"column":5}}},"32":{"name":"(anonymous_32)","decl":{"start":{"line":179,"column":4},"end":{"line":179,"column":9}},"loc":{"start":{"line":179,"column":80},"end":{"line":184,"column":5}}},"33":{"name":"(anonymous_33)","decl":{"start":{"line":186,"column":4},"end":{"line":186,"column":9}},"loc":{"start":{"line":186,"column":9},"end":{"line":189,"column":5}}},"34":{"name":"(anonymous_34)","decl":{"start":{"line":191,"column":4},"end":{"line":191,"column":7}},"loc":{"start":{"line":191,"column":26},"end":{"line":194,"column":5}}},"35":{"name":"(anonymous_35)","decl":{"start":{"line":197,"column":4},"end":{"line":197,"column":8}},"loc":{"start":{"line":197,"column":12},"end":{"line":197,"column":76}}},"36":{"name":"(anonymous_36)","decl":{"start":{"line":198,"column":4},"end":{"line":198,"column":8}},"loc":{"start":{"line":198,"column":13},"end":{"line":198,"column":78}}},"37":{"name":"(anonymous_37)","decl":{"start":{"line":199,"column":4},"end":{"line":199,"column":8}},"loc":{"start":{"line":199,"column":11},"end":{"line":199,"column":74}}},"38":{"name":"(anonymous_38)","decl":{"start":{"line":200,"column":4},"end":{"line":200,"column":8}},"loc":{"start":{"line":200,"column":21},"end":{"line":204,"column":5}}},"39":{"name":"(anonymous_39)","decl":{"start":{"line":205,"column":4},"end":{"line":205,"column":8}},"loc":{"start":{"line":205,"column":12},"end":{"line":205,"column":76}}},"40":{"name":"(anonymous_40)","decl":{"start":{"line":206,"column":4},"end":{"line":206,"column":8}},"loc":{"start":{"line":206,"column":14},"end":{"line":206,"column":80}}},"41":{"name":"(anonymous_41)","decl":{"start":{"line":207,"column":4},"end":{"line":207,"column":8}},"loc":{"start":{"line":207,"column":14},"end":{"line":207,"column":80}}},"42":{"name":"(anonymous_42)","decl":{"start":{"line":208,"column":4},"end":{"line":208,"column":8}},"loc":{"start":{"line":208,"column":19},"end":{"line":208,"column":90}}},"43":{"name":"(anonymous_43)","decl":{"start":{"line":209,"column":4},"end":{"line":209,"column":8}},"loc":{"start":{"line":209,"column":15},"end":{"line":209,"column":95}}},"44":{"name":"(anonymous_44)","decl":{"start":{"line":210,"column":4},"end":{"line":210,"column":8}},"loc":{"start":{"line":210,"column":18},"end":{"line":210,"column":89}}},"45":{"name":"(anonymous_45)","decl":{"start":{"line":215,"column":4},"end":{"line":215,"column":10}},"loc":{"start":{"line":215,"column":87},"end":{"line":267,"column":5}}},"46":{"name":"(anonymous_46)","decl":{"start":{"line":227,"column":52},"end":{"line":227,"column":53}},"loc":{"start":{"line":227,"column":71},"end":{"line":240,"column":13}}},"47":{"name":"(anonymous_47)","decl":{"start":{"line":270,"column":4},"end":{"line":270,"column":8}},"loc":{"start":{"line":270,"column":57},"end":{"line":277,"column":5}}},"48":{"name":"(anonymous_48)","decl":{"start":{"line":279,"column":4},"end":{"line":279,"column":10}},"loc":{"start":{"line":279,"column":10},"end":{"line":282,"column":5}}},"49":{"name":"(anonymous_49)","decl":{"start":{"line":289,"column":4},"end":{"line":289,"column":12}},"loc":{"start":{"line":289,"column":12},"end":{"line":310,"column":5}}},"50":{"name":"(anonymous_50)","decl":{"start":{"line":313,"column":4},"end":{"line":313,"column":8}},"loc":{"start":{"line":313,"column":11},"end":{"line":315,"column":5}}},"51":{"name":"(anonymous_51)","decl":{"start":{"line":317,"column":4},"end":{"line":317,"column":12}},"loc":{"start":{"line":317,"column":29},"end":{"line":324,"column":5}}},"52":{"name":"(anonymous_52)","decl":{"start":{"line":326,"column":4},"end":{"line":326,"column":11}},"loc":{"start":{"line":326,"column":28},"end":{"line":333,"column":5}}},"53":{"name":"(anonymous_53)","decl":{"start":{"line":335,"column":4},"end":{"line":335,"column":13}},"loc":{"start":{"line":335,"column":93},"end":{"line":342,"column":5}}},"54":{"name":"(anonymous_54)","decl":{"start":{"line":344,"column":4},"end":{"line":344,"column":10}},"loc":{"start":{"line":344,"column":64},"end":{"line":362,"column":5}}},"55":{"name":"(anonymous_55)","decl":{"start":{"line":364,"column":4},"end":{"line":364,"column":13}},"loc":{"start":{"line":364,"column":30},"end":{"line":371,"column":5}}},"56":{"name":"(anonymous_56)","decl":{"start":{"line":373,"column":4},"end":{"line":373,"column":14}},"loc":{"start":{"line":373,"column":14},"end":{"line":376,"column":5}}}},"branchMap":{"0":{"loc":{"start":{"line":16,"column":4},"end":{"line":16,"column":54}},"type":"if","locations":[{"start":{"line":16,"column":4},"end":{"line":16,"column":54}},{"start":{},"end":{}}]},"1":{"loc":{"start":{"line":28,"column":4},"end":{"line":30,"column":5}},"type":"if","locations":[{"start":{"line":28,"column":4},"end":{"line":30,"column":5}},{"start":{},"end":{}}]},"2":{"loc":{"start":{"line":46,"column":47},"end":{"line":46,"column":89}},"type":"binary-expr","locations":[{"start":{"line":46,"column":47},"end":{"line":46,"column":53}},{"start":{"line":46,"column":57},"end":{"line":46,"column":89}}]},"3":{"loc":{"start":{"line":114,"column":8},"end":{"line":116,"column":9}},"type":"if","locations":[{"start":{"line":114,"column":8},"end":{"line":116,"column":9}},{"start":{},"end":{}}]},"4":{"loc":{"start":{"line":114,"column":12},"end":{"line":114,"column":46}},"type":"binary-expr","locations":[{"start":{"line":114,"column":12},"end":{"line":114,"column":27}},{"start":{"line":114,"column":31},"end":{"line":114,"column":46}}]},"5":{"loc":{"start":{"line":121,"column":8},"end":{"line":121,"column":41}},"type":"if","locations":[{"start":{"line":121,"column":8},"end":{"line":121,"column":41}},{"start":{},"end":{}}]},"6":{"loc":{"start":{"line":128,"column":8},"end":{"line":128,"column":41}},"type":"if","locations":[{"start":{"line":128,"column":8},"end":{"line":128,"column":41}},{"start":{},"end":{}}]},"7":{"loc":{"start":{"line":135,"column":8},"end":{"line":135,"column":41}},"type":"if","locations":[{"start":{"line":135,"column":8},"end":{"line":135,"column":41}},{"start":{},"end":{}}]},"8":{"loc":{"start":{"line":142,"column":8},"end":{"line":142,"column":41}},"type":"if","locations":[{"start":{"line":142,"column":8},"end":{"line":142,"column":41}},{"start":{},"end":{}}]},"9":{"loc":{"start":{"line":152,"column":8},"end":{"line":152,"column":41}},"type":"if","locations":[{"start":{"line":152,"column":8},"end":{"line":152,"column":41}},{"start":{},"end":{}}]},"10":{"loc":{"start":{"line":153,"column":8},"end":{"line":176,"column":9}},"type":"switch","locations":[{"start":{"line":154,"column":12},"end":{"line":157,"column":13}},{"start":{"line":158,"column":12},"end":{"line":161,"column":13}},{"start":{"line":162,"column":12},"end":{"line":168,"column":13}},{"start":{"line":169,"column":12},"end":{"line":170,"column":67}},{"start":{"line":171,"column":12},"end":{"line":171,"column":24}},{"start":{"line":172,"column":12},"end":{"line":172,"column":26}},{"start":{"line":173,"column":12},"end":{"line":175,"column":48}}]},"11":{"loc":{"start":{"line":180,"column":8},"end":{"line":180,"column":41}},"type":"if","locations":[{"start":{"line":180,"column":8},"end":{"line":180,"column":41}},{"start":{},"end":{}}]},"12":{"loc":{"start":{"line":187,"column":8},"end":{"line":187,"column":41}},"type":"if","locations":[{"start":{"line":187,"column":8},"end":{"line":187,"column":41}},{"start":{},"end":{}}]},"13":{"loc":{"start":{"line":192,"column":8},"end":{"line":192,"column":40}},"type":"if","locations":[{"start":{"line":192,"column":8},"end":{"line":192,"column":40}},{"start":{},"end":{}}]},"14":{"loc":{"start":{"line":197,"column":32},"end":{"line":197,"column":73}},"type":"cond-expr","locations":[{"start":{"line":197,"column":49},"end":{"line":197,"column":67}},{"start":{"line":197,"column":70},"end":{"line":197,"column":73}}]},"15":{"loc":{"start":{"line":198,"column":33},"end":{"line":198,"column":75}},"type":"cond-expr","locations":[{"start":{"line":198,"column":50},"end":{"line":198,"column":69}},{"start":{"line":198,"column":72},"end":{"line":198,"column":75}}]},"16":{"loc":{"start":{"line":199,"column":31},"end":{"line":199,"column":71}},"type":"cond-expr","locations":[{"start":{"line":199,"column":48},"end":{"line":199,"column":65}},{"start":{"line":199,"column":68},"end":{"line":199,"column":71}}]},"17":{"loc":{"start":{"line":201,"column":8},"end":{"line":201,"column":51}},"type":"if","locations":[{"start":{"line":201,"column":8},"end":{"line":201,"column":51}},{"start":{},"end":{}}]},"18":{"loc":{"start":{"line":205,"column":32},"end":{"line":205,"column":73}},"type":"cond-expr","locations":[{"start":{"line":205,"column":49},"end":{"line":205,"column":67}},{"start":{"line":205,"column":70},"end":{"line":205,"column":73}}]},"19":{"loc":{"start":{"line":206,"column":34},"end":{"line":206,"column":77}},"type":"cond-expr","locations":[{"start":{"line":206,"column":51},"end":{"line":206,"column":71}},{"start":{"line":206,"column":74},"end":{"line":206,"column":77}}]},"20":{"loc":{"start":{"line":207,"column":34},"end":{"line":207,"column":77}},"type":"cond-expr","locations":[{"start":{"line":207,"column":51},"end":{"line":207,"column":71}},{"start":{"line":207,"column":74},"end":{"line":207,"column":77}}]},"21":{"loc":{"start":{"line":208,"column":39},"end":{"line":208,"column":87}},"type":"cond-expr","locations":[{"start":{"line":208,"column":56},"end":{"line":208,"column":81}},{"start":{"line":208,"column":84},"end":{"line":208,"column":87}}]},"22":{"loc":{"start":{"line":209,"column":35},"end":{"line":209,"column":92}},"type":"cond-expr","locations":[{"start":{"line":209,"column":52},"end":{"line":209,"column":86}},{"start":{"line":209,"column":89},"end":{"line":209,"column":92}}]},"23":{"loc":{"start":{"line":210,"column":38},"end":{"line":210,"column":86}},"type":"cond-expr","locations":[{"start":{"line":210,"column":55},"end":{"line":210,"column":80}},{"start":{"line":210,"column":83},"end":{"line":210,"column":86}}]},"24":{"loc":{"start":{"line":216,"column":8},"end":{"line":218,"column":9}},"type":"if","locations":[{"start":{"line":216,"column":8},"end":{"line":218,"column":9}},{"start":{},"end":{}}]},"25":{"loc":{"start":{"line":220,"column":8},"end":{"line":241,"column":9}},"type":"if","locations":[{"start":{"line":220,"column":8},"end":{"line":241,"column":9}},{"start":{},"end":{}}]},"26":{"loc":{"start":{"line":229,"column":16},"end":{"line":231,"column":17}},"type":"if","locations":[{"start":{"line":229,"column":16},"end":{"line":231,"column":17}},{"start":{},"end":{}}]},"27":{"loc":{"start":{"line":234,"column":16},"end":{"line":236,"column":17}},"type":"if","locations":[{"start":{"line":234,"column":16},"end":{"line":236,"column":17}},{"start":{},"end":{}}]},"28":{"loc":{"start":{"line":244,"column":23},"end":{"line":244,"column":69}},"type":"binary-expr","locations":[{"start":{"line":244,"column":23},"end":{"line":244,"column":33}},{"start":{"line":244,"column":37},"end":{"line":244,"column":69}}]},"29":{"loc":{"start":{"line":248,"column":8},"end":{"line":254,"column":9}},"type":"if","locations":[{"start":{"line":248,"column":8},"end":{"line":254,"column":9}},{"start":{},"end":{}}]},"30":{"loc":{"start":{"line":248,"column":12},"end":{"line":248,"column":73}},"type":"binary-expr","locations":[{"start":{"line":248,"column":12},"end":{"line":248,"column":19}},{"start":{"line":248,"column":24},"end":{"line":248,"column":46}},{"start":{"line":248,"column":50},"end":{"line":248,"column":72}}]},"31":{"loc":{"start":{"line":270,"column":27},"end":{"line":270,"column":57}},"type":"default-arg","locations":[{"start":{"line":270,"column":44},"end":{"line":270,"column":57}}]},"32":{"loc":{"start":{"line":271,"column":8},"end":{"line":271,"column":40}},"type":"if","locations":[{"start":{"line":271,"column":8},"end":{"line":271,"column":40}},{"start":{},"end":{}}]},"33":{"loc":{"start":{"line":280,"column":8},"end":{"line":280,"column":50}},"type":"if","locations":[{"start":{"line":280,"column":8},"end":{"line":280,"column":50}},{"start":{},"end":{}}]},"34":{"loc":{"start":{"line":290,"column":8},"end":{"line":290,"column":51}},"type":"if","locations":[{"start":{"line":290,"column":8},"end":{"line":290,"column":51}},{"start":{},"end":{}}]},"35":{"loc":{"start":{"line":296,"column":30},"end":{"line":296,"column":124}},"type":"binary-expr","locations":[{"start":{"line":296,"column":30},"end":{"line":296,"column":59}},{"start":{"line":296,"column":63},"end":{"line":296,"column":92}},{"start":{"line":296,"column":96},"end":{"line":296,"column":124}}]},"36":{"loc":{"start":{"line":297,"column":57},"end":{"line":297,"column":78}},"type":"cond-expr","locations":[{"start":{"line":297,"column":73},"end":{"line":297,"column":74}},{"start":{"line":297,"column":77},"end":{"line":297,"column":78}}]},"37":{"loc":{"start":{"line":300,"column":8},"end":{"line":302,"column":9}},"type":"if","locations":[{"start":{"line":300,"column":8},"end":{"line":302,"column":9}},{"start":{},"end":{}}]},"38":{"loc":{"start":{"line":318,"column":8},"end":{"line":318,"column":42}},"type":"if","locations":[{"start":{"line":318,"column":8},"end":{"line":318,"column":42}},{"start":{},"end":{}}]},"39":{"loc":{"start":{"line":327,"column":8},"end":{"line":327,"column":42}},"type":"if","locations":[{"start":{"line":327,"column":8},"end":{"line":327,"column":42}},{"start":{},"end":{}}]},"40":{"loc":{"start":{"line":335,"column":48},"end":{"line":335,"column":93}},"type":"default-arg","locations":[{"start":{"line":335,"column":89},"end":{"line":335,"column":93}}]},"41":{"loc":{"start":{"line":336,"column":8},"end":{"line":336,"column":42}},"type":"if","locations":[{"start":{"line":336,"column":8},"end":{"line":336,"column":42}},{"start":{},"end":{}}]},"42":{"loc":{"start":{"line":345,"column":8},"end":{"line":345,"column":42}},"type":"if","locations":[{"start":{"line":345,"column":8},"end":{"line":345,"column":42}},{"start":{},"end":{}}]},"43":{"loc":{"start":{"line":348,"column":12},"end":{"line":358,"column":13}},"type":"switch","locations":[{"start":{"line":349,"column":16},"end":{"line":350,"column":69}},{"start":{"line":351,"column":16},"end":{"line":353,"column":68}},{"start":{"line":354,"column":16},"end":{"line":355,"column":91}},{"start":{"line":356,"column":16},"end":{"line":357,"column":95}}]},"44":{"loc":{"start":{"line":352,"column":27},"end":{"line":353,"column":67}},"type":"binary-expr","locations":[{"start":{"line":352,"column":27},"end":{"line":352,"column":68}},{"start":{"line":353,"column":24},"end":{"line":353,"column":67}}]},"45":{"loc":{"start":{"line":365,"column":8},"end":{"line":365,"column":42}},"type":"if","locations":[{"start":{"line":365,"column":8},"end":{"line":365,"column":42}},{"start":{},"end":{}}]},"46":{"loc":{"start":{"line":374,"column":8},"end":{"line":374,"column":42}},"type":"if","locations":[{"start":{"line":374,"column":8},"end":{"line":374,"column":42}},{"start":{},"end":{}}]}},"s":{"0":10,"1":47,"2":3,"3":44,"4":10,"5":24,"6":2,"7":22,"8":17,"9":1,"10":17,"11":1,"12":17,"13":1,"14":16,"15":1,"16":16,"17":1,"18":10,"19":1,"20":4,"21":2,"22":0,"23":4,"24":0,"25":2,"26":22,"27":22,"28":116,"29":116,"30":99,"31":17,"32":17,"33":109,"34":5,"35":5,"36":58,"37":58,"38":58,"39":58,"40":58,"41":1633,"42":1020,"43":1,"44":1019,"45":2,"46":0,"47":2,"48":23,"49":1,"50":22,"51":22,"52":22,"53":26,"54":1,"55":25,"56":25,"57":25,"58":1,"59":0,"60":1,"61":1,"62":10,"63":1,"64":9,"65":2,"66":2,"67":2,"68":2,"69":1,"70":1,"71":1,"72":1,"73":1,"74":3,"75":3,"76":3,"77":0,"78":3,"79":3,"80":3,"81":2,"82":1,"83":1,"84":2,"85":0,"86":2,"87":26,"88":26,"89":25,"90":2,"91":0,"92":2,"93":2,"94":23,"95":20,"96":14,"97":6,"98":1,"99":1,"100":27,"101":1,"102":26,"103":24,"104":24,"105":24,"106":24,"107":112,"108":1,"109":111,"110":111,"111":0,"112":2,"113":2,"114":2,"115":1,"116":1,"117":1,"118":232,"119":1,"120":231,"121":231,"122":1,"123":2,"124":0,"125":2,"126":10,"127":0,"128":10,"129":10,"130":10,"131":10,"132":0,"133":510,"134":2,"135":1,"136":1,"137":1,"138":1,"139":2,"140":1,"141":1,"142":1,"143":1,"144":9,"145":1,"146":8,"147":8,"148":2,"149":8,"150":1,"151":7,"152":7,"153":6,"154":2,"155":2,"156":1,"157":1,"158":1,"159":3,"160":1,"161":2,"162":2,"163":1,"164":4,"165":1,"166":3,"167":10},"f":{"0":47,"1":24,"2":17,"3":1,"4":17,"5":1,"6":17,"7":1,"8":16,"9":1,"10":16,"11":1,"12":10,"13":1,"14":4,"15":2,"16":0,"17":4,"18":0,"19":2,"20":116,"21":109,"22":5,"23":58,"24":58,"25":1633,"26":1020,"27":2,"28":23,"29":26,"30":1,"31":10,"32":3,"33":2,"34":2,"35":26,"36":26,"37":25,"38":2,"39":23,"40":20,"41":14,"42":6,"43":1,"44":1,"45":27,"46":112,"47":232,"48":2,"49":10,"50":510,"51":2,"52":2,"53":9,"54":8,"55":3,"56":4},"b":{"0":[3,44],"1":[2,22],"2":[0,0],"3":[1,1019],"4":[1020,1019],"5":[0,2],"6":[1,22],"7":[1,25],"8":[0,1],"9":[1,9],"10":[2,2,1,1,1,2,3],"11":[0,3],"12":[1,1],"13":[0,2],"14":[25,1],"15":[25,1],"16":[24,1],"17":[0,2],"18":[22,1],"19":[19,1],"20":[13,1],"21":[5,1],"22":[0,1],"23":[0,1],"24":[1,26],"25":[24,2],"26":[1,111],"27":[111,0],"28":[2,0],"29":[1,1],"30":[2,2,1],"31":[2],"32":[1,231],"33":[0,2],"34":[0,10],"35":[10,8,8],"36":[2,8],"37":[10,0],"38":[1,1],"39":[1,1],"40":[4],"41":[1,8],"42":[1,7],"43":[2,2,1,1],"44":[2,2],"45":[1,2],"46":[1,3]}}
,"/Users/jdavidoa91/Documents/GitHub/atemporal/src/index.ts": {"path":"/Users/jdavidoa91/Documents/GitHub/atemporal/src/index.ts","statementMap":{"0":{"start":{"line":8,"column":0},"end":{"line":8,"column":31}},"1":{"start":{"line":10,"column":0},"end":{"line":10,"column":49}},"2":{"start":{"line":11,"column":0},"end":{"line":11,"column":9}},"3":{"start":{"line":16,"column":28},"end":{"line":11,"column":52}},"4":{"start":{"line":12,"column":0},"end":{"line":12,"column":48}},"5":{"start":{"line":25,"column":39},"end":{"line":39,"column":1}},"6":{"start":{"line":27,"column":4},"end":{"line":29,"column":5}},"7":{"start":{"line":28,"column":8},"end":{"line":28,"column":67}},"8":{"start":{"line":31,"column":4},"end":{"line":35,"column":5}},"9":{"start":{"line":33,"column":28},"end":{"line":33,"column":100}},"10":{"start":{"line":34,"column":8},"end":{"line":34,"column":49}},"11":{"start":{"line":38,"column":4},"end":{"line":38,"column":49}},"12":{"start":{"line":42,"column":18},"end":{"line":42,"column":49}},"13":{"start":{"line":50,"column":0},"end":{"line":50,"column":38}},"14":{"start":{"line":56,"column":0},"end":{"line":56,"column":38}},"15":{"start":{"line":62,"column":0},"end":{"line":62,"column":42}},"16":{"start":{"line":68,"column":0},"end":{"line":68,"column":60}},"17":{"start":{"line":74,"column":0},"end":{"line":74,"column":64}},"18":{"start":{"line":80,"column":0},"end":{"line":80,"column":60}},"19":{"start":{"line":86,"column":0},"end":{"line":88,"column":2}},"20":{"start":{"line":87,"column":4},"end":{"line":87,"column":48}},"21":{"start":{"line":91,"column":0},"end":{"line":91,"column":25}}},"fnMap":{"0":{"name":"(anonymous_0)","decl":{"start":{"line":16,"column":28},"end":{"line":16,"column":37}},"loc":{"start":{"line":16,"column":28},"end":{"line":11,"column":52}}},"1":{"name":"(anonymous_1)","decl":{"start":{"line":25,"column":39},"end":{"line":25,"column":40}},"loc":{"start":{"line":25,"column":80},"end":{"line":39,"column":1}}},"2":{"name":"(anonymous_2)","decl":{"start":{"line":86,"column":19},"end":{"line":86,"column":20}},"loc":{"start":{"line":86,"column":47},"end":{"line":88,"column":1}}}},"branchMap":{"0":{"loc":{"start":{"line":27,"column":4},"end":{"line":29,"column":5}},"type":"if","locations":[{"start":{"line":27,"column":4},"end":{"line":29,"column":5}},{"start":{},"end":{}}]},"1":{"loc":{"start":{"line":28,"column":15},"end":{"line":28,"column":66}},"type":"cond-expr","locations":[{"start":{"line":28,"column":26},"end":{"line":28,"column":50}},{"start":{"line":28,"column":53},"end":{"line":28,"column":66}}]},"2":{"loc":{"start":{"line":31,"column":4},"end":{"line":35,"column":5}},"type":"if","locations":[{"start":{"line":31,"column":4},"end":{"line":35,"column":5}},{"start":{},"end":{}}]},"3":{"loc":{"start":{"line":33,"column":58},"end":{"line":33,"column":99}},"type":"binary-expr","locations":[{"start":{"line":33,"column":58},"end":{"line":33,"column":66}},{"start":{"line":33,"column":70},"end":{"line":33,"column":99}}]}},"s":{"0":10,"1":10,"2":10,"3":10,"4":10,"5":10,"6":96,"7":2,"8":94,"9":50,"10":50,"11":44,"12":10,"13":10,"14":10,"15":10,"16":10,"17":10,"18":10,"19":10,"20":5,"21":10},"f":{"0":0,"1":96,"2":5},"b":{"0":[2,94],"1":[1,1],"2":[50,44],"3":[50,50]}}
,"/Users/jdavidoa91/Documents/GitHub/atemporal/src/plugins/customParseFormat.ts": {"path":"/Users/jdavidoa91/Documents/GitHub/atemporal/src/plugins/customParseFormat.ts","statementMap":{"0":{"start":{"line":6,"column":0},"end":{"line":6,"column":53}},"1":{"start":{"line":27,"column":44},"end":{"line":40,"column":2}},"2":{"start":{"line":42,"column":19},"end":{"line":42,"column":54}},"3":{"start":{"line":50,"column":35},"end":{"line":50,"column":37}},"4":{"start":{"line":52,"column":29},"end":{"line":52,"column":82}},"5":{"start":{"line":54,"column":24},"end":{"line":57,"column":6}},"6":{"start":{"line":55,"column":8},"end":{"line":55,"column":33}},"7":{"start":{"line":56,"column":8},"end":{"line":56,"column":31}},"8":{"start":{"line":60,"column":23},"end":{"line":60,"column":53}},"9":{"start":{"line":61,"column":19},"end":{"line":61,"column":47}},"10":{"start":{"line":63,"column":4},"end":{"line":65,"column":5}},"11":{"start":{"line":64,"column":8},"end":{"line":64,"column":20}},"12":{"start":{"line":67,"column":49},"end":{"line":67,"column":51}},"13":{"start":{"line":68,"column":4},"end":{"line":71,"column":7}},"14":{"start":{"line":70,"column":8},"end":{"line":70,"column":45}},"15":{"start":{"line":74,"column":17},"end":{"line":74,"column":78}},"16":{"start":{"line":77,"column":4},"end":{"line":79,"column":5}},"17":{"start":{"line":78,"column":8},"end":{"line":78,"column":20}},"18":{"start":{"line":82,"column":18},"end":{"line":82,"column":72}},"19":{"start":{"line":83,"column":16},"end":{"line":83,"column":70}},"20":{"start":{"line":84,"column":17},"end":{"line":84,"column":71}},"21":{"start":{"line":85,"column":19},"end":{"line":85,"column":73}},"22":{"start":{"line":86,"column":19},"end":{"line":86,"column":73}},"23":{"start":{"line":88,"column":4},"end":{"line":88,"column":65}},"24":{"start":{"line":92,"column":40},"end":{"line":108,"column":1}},"25":{"start":{"line":93,"column":4},"end":{"line":107,"column":6}},"26":{"start":{"line":98,"column":26},"end":{"line":98,"column":62}},"27":{"start":{"line":101,"column":8},"end":{"line":103,"column":9}},"28":{"start":{"line":102,"column":12},"end":{"line":102,"column":56}},"29":{"start":{"line":106,"column":8},"end":{"line":106,"column":57}},"30":{"start":{"line":110,"column":0},"end":{"line":110,"column":39}}},"fnMap":{"0":{"name":"parseToISO","decl":{"start":{"line":49,"column":9},"end":{"line":49,"column":19}},"loc":{"start":{"line":49,"column":60},"end":{"line":89,"column":1}}},"1":{"name":"(anonymous_1)","decl":{"start":{"line":54,"column":61},"end":{"line":54,"column":62}},"loc":{"start":{"line":54,"column":71},"end":{"line":57,"column":5}}},"2":{"name":"(anonymous_2)","decl":{"start":{"line":68,"column":25},"end":{"line":68,"column":26}},"loc":{"start":{"line":68,"column":42},"end":{"line":71,"column":5}}},"3":{"name":"(anonymous_3)","decl":{"start":{"line":92,"column":40},"end":{"line":92,"column":41}},"loc":{"start":{"line":92,"column":83},"end":{"line":108,"column":1}}},"4":{"name":"(anonymous_4)","decl":{"start":{"line":93,"column":27},"end":{"line":93,"column":null}},"loc":{"start":{"line":96,"column":25},"end":{"line":107,"column":5}}}},"branchMap":{"0":{"loc":{"start":{"line":63,"column":4},"end":{"line":65,"column":5}},"type":"if","locations":[{"start":{"line":63,"column":4},"end":{"line":65,"column":5}},{"start":{},"end":{}}]},"1":{"loc":{"start":{"line":74,"column":17},"end":{"line":74,"column":78}},"type":"binary-expr","locations":[{"start":{"line":74,"column":17},"end":{"line":74,"column":31}},{"start":{"line":74,"column":36},"end":{"line":74,"column":77}}]},"2":{"loc":{"start":{"line":74,"column":36},"end":{"line":74,"column":77}},"type":"cond-expr","locations":[{"start":{"line":74,"column":51},"end":{"line":74,"column":70}},{"start":{"line":74,"column":73},"end":{"line":74,"column":77}}]},"3":{"loc":{"start":{"line":77,"column":4},"end":{"line":79,"column":5}},"type":"if","locations":[{"start":{"line":77,"column":4},"end":{"line":79,"column":5}},{"start":{},"end":{}}]},"4":{"loc":{"start":{"line":82,"column":19},"end":{"line":82,"column":54}},"type":"binary-expr","locations":[{"start":{"line":82,"column":19},"end":{"line":82,"column":31}},{"start":{"line":82,"column":35},"end":{"line":82,"column":46}},{"start":{"line":82,"column":50},"end":{"line":82,"column":54}}]},"5":{"loc":{"start":{"line":83,"column":17},"end":{"line":83,"column":52}},"type":"binary-expr","locations":[{"start":{"line":83,"column":17},"end":{"line":83,"column":29}},{"start":{"line":83,"column":33},"end":{"line":83,"column":44}},{"start":{"line":83,"column":48},"end":{"line":83,"column":52}}]},"6":{"loc":{"start":{"line":84,"column":18},"end":{"line":84,"column":53}},"type":"binary-expr","locations":[{"start":{"line":84,"column":18},"end":{"line":84,"column":30}},{"start":{"line":84,"column":34},"end":{"line":84,"column":45}},{"start":{"line":84,"column":49},"end":{"line":84,"column":53}}]},"7":{"loc":{"start":{"line":85,"column":20},"end":{"line":85,"column":55}},"type":"binary-expr","locations":[{"start":{"line":85,"column":20},"end":{"line":85,"column":32}},{"start":{"line":85,"column":36},"end":{"line":85,"column":47}},{"start":{"line":85,"column":51},"end":{"line":85,"column":55}}]},"8":{"loc":{"start":{"line":86,"column":20},"end":{"line":86,"column":55}},"type":"binary-expr","locations":[{"start":{"line":86,"column":20},"end":{"line":86,"column":32}},{"start":{"line":86,"column":36},"end":{"line":86,"column":47}},{"start":{"line":86,"column":51},"end":{"line":86,"column":55}}]},"9":{"loc":{"start":{"line":101,"column":8},"end":{"line":103,"column":9}},"type":"if","locations":[{"start":{"line":101,"column":8},"end":{"line":103,"column":9}},{"start":{},"end":{}}]}},"s":{"0":2,"1":2,"2":2,"3":15,"4":15,"5":15,"6":48,"7":48,"8":15,"9":15,"10":15,"11":5,"12":10,"13":10,"14":36,"15":10,"16":10,"17":1,"18":9,"19":9,"20":9,"21":9,"22":9,"23":9,"24":2,"25":2,"26":15,"27":15,"28":6,"29":9,"30":2},"f":{"0":15,"1":48,"2":36,"3":2,"4":15},"b":{"0":[5,10],"1":[10,2],"2":[1,1],"3":[1,9],"4":[9,1,0],"5":[9,1,0],"6":[9,6,6],"7":[9,6,6],"8":[9,8,8],"9":[6,9]}}
,"/Users/jdavidoa91/Documents/GitHub/atemporal/src/plugins/relativeTime.ts": {"path":"/Users/jdavidoa91/Documents/GitHub/atemporal/src/plugins/relativeTime.ts","statementMap":{"0":{"start":{"line":46,"column":24},"end":{"line":109,"column":1}},"1":{"start":{"line":52,"column":4},"end":{"line":54,"column":5}},"2":{"start":{"line":53,"column":8},"end":{"line":53,"column":30}},"3":{"start":{"line":57,"column":23},"end":{"line":63,"column":6}},"4":{"start":{"line":65,"column":24},"end":{"line":65,"column":63}},"5":{"start":{"line":66,"column":24},"end":{"line":66,"column":63}},"6":{"start":{"line":67,"column":22},"end":{"line":67,"column":59}},"7":{"start":{"line":68,"column":21},"end":{"line":68,"column":57}},"8":{"start":{"line":69,"column":23},"end":{"line":69,"column":61}},"9":{"start":{"line":70,"column":22},"end":{"line":70,"column":59}},"10":{"start":{"line":76,"column":4},"end":{"line":94,"column":5}},"11":{"start":{"line":77,"column":8},"end":{"line":77,"column":28}},"12":{"start":{"line":78,"column":8},"end":{"line":78,"column":43}},"13":{"start":{"line":79,"column":11},"end":{"line":94,"column":5}},"14":{"start":{"line":80,"column":8},"end":{"line":80,"column":28}},"15":{"start":{"line":81,"column":8},"end":{"line":81,"column":43}},"16":{"start":{"line":82,"column":11},"end":{"line":94,"column":5}},"17":{"start":{"line":83,"column":8},"end":{"line":83,"column":26}},"18":{"start":{"line":84,"column":8},"end":{"line":84,"column":41}},"19":{"start":{"line":85,"column":11},"end":{"line":94,"column":5}},"20":{"start":{"line":86,"column":8},"end":{"line":86,"column":25}},"21":{"start":{"line":87,"column":8},"end":{"line":87,"column":40}},"22":{"start":{"line":88,"column":11},"end":{"line":94,"column":5}},"23":{"start":{"line":89,"column":8},"end":{"line":89,"column":27}},"24":{"start":{"line":90,"column":8},"end":{"line":90,"column":42}},"25":{"start":{"line":92,"column":8},"end":{"line":92,"column":26}},"26":{"start":{"line":93,"column":8},"end":{"line":93,"column":41}},"27":{"start":{"line":96,"column":4},"end":{"line":104,"column":5}},"28":{"start":{"line":99,"column":8},"end":{"line":103,"column":38}},"29":{"start":{"line":107,"column":16},"end":{"line":107,"column":72}},"30":{"start":{"line":108,"column":4},"end":{"line":108,"column":42}},"31":{"start":{"line":112,"column":35},"end":{"line":124,"column":1}},"32":{"start":{"line":113,"column":4},"end":{"line":117,"column":6}},"33":{"start":{"line":114,"column":20},"end":{"line":114,"column":31}},"34":{"start":{"line":115,"column":23},"end":{"line":115,"column":51}},"35":{"start":{"line":116,"column":8},"end":{"line":116,"column":65}},"36":{"start":{"line":119,"column":4},"end":{"line":123,"column":6}},"37":{"start":{"line":120,"column":20},"end":{"line":120,"column":31}},"38":{"start":{"line":121,"column":23},"end":{"line":121,"column":51}},"39":{"start":{"line":122,"column":8},"end":{"line":122,"column":65}},"40":{"start":{"line":126,"column":0},"end":{"line":126,"column":34}}},"fnMap":{"0":{"name":"(anonymous_0)","decl":{"start":{"line":46,"column":24},"end":{"line":46,"column":null}},"loc":{"start":{"line":51,"column":12},"end":{"line":109,"column":1}}},"1":{"name":"(anonymous_1)","decl":{"start":{"line":112,"column":35},"end":{"line":112,"column":36}},"loc":{"start":{"line":112,"column":78},"end":{"line":124,"column":1}}},"2":{"name":"(anonymous_2)","decl":{"start":{"line":113,"column":34},"end":{"line":113,"column":67}},"loc":{"start":{"line":113,"column":88},"end":{"line":117,"column":5}}},"3":{"name":"(anonymous_3)","decl":{"start":{"line":119,"column":32},"end":{"line":119,"column":65}},"loc":{"start":{"line":119,"column":86},"end":{"line":123,"column":5}}}},"branchMap":{"0":{"loc":{"start":{"line":52,"column":4},"end":{"line":54,"column":5}},"type":"if","locations":[{"start":{"line":52,"column":4},"end":{"line":54,"column":5}},{"start":{},"end":{}}]},"1":{"loc":{"start":{"line":52,"column":8},"end":{"line":52,"column":56}},"type":"binary-expr","locations":[{"start":{"line":52,"column":8},"end":{"line":52,"column":27}},{"start":{"line":52,"column":31},"end":{"line":52,"column":56}}]},"2":{"loc":{"start":{"line":76,"column":4},"end":{"line":94,"column":5}},"type":"if","locations":[{"start":{"line":76,"column":4},"end":{"line":94,"column":5}},{"start":{"line":79,"column":11},"end":{"line":94,"column":5}}]},"3":{"loc":{"start":{"line":79,"column":11},"end":{"line":94,"column":5}},"type":"if","locations":[{"start":{"line":79,"column":11},"end":{"line":94,"column":5}},{"start":{"line":82,"column":11},"end":{"line":94,"column":5}}]},"4":{"loc":{"start":{"line":82,"column":11},"end":{"line":94,"column":5}},"type":"if","locations":[{"start":{"line":82,"column":11},"end":{"line":94,"column":5}},{"start":{"line":85,"column":11},"end":{"line":94,"column":5}}]},"5":{"loc":{"start":{"line":85,"column":11},"end":{"line":94,"column":5}},"type":"if","locations":[{"start":{"line":85,"column":11},"end":{"line":94,"column":5}},{"start":{"line":88,"column":11},"end":{"line":94,"column":5}}]},"6":{"loc":{"start":{"line":88,"column":11},"end":{"line":94,"column":5}},"type":"if","locations":[{"start":{"line":88,"column":11},"end":{"line":94,"column":5}},{"start":{"line":91,"column":11},"end":{"line":94,"column":5}}]},"7":{"loc":{"start":{"line":96,"column":4},"end":{"line":104,"column":5}},"type":"if","locations":[{"start":{"line":96,"column":4},"end":{"line":104,"column":5}},{"start":{},"end":{}}]},"8":{"loc":{"start":{"line":113,"column":67},"end":{"line":113,"column":88}},"type":"default-arg","locations":[{"start":{"line":113,"column":83},"end":{"line":113,"column":88}}]},"9":{"loc":{"start":{"line":119,"column":65},"end":{"line":119,"column":86}},"type":"default-arg","locations":[{"start":{"line":119,"column":81},"end":{"line":119,"column":86}}]}},"s":{"0":3,"1":40,"2":2,"3":38,"4":38,"5":38,"6":38,"7":38,"8":38,"9":38,"10":38,"11":4,"12":4,"13":34,"14":9,"15":9,"16":25,"17":6,"18":6,"19":19,"20":11,"21":11,"22":8,"23":3,"24":3,"25":5,"26":5,"27":38,"28":7,"29":31,"30":31,"31":3,"32":3,"33":27,"34":27,"35":27,"36":3,"37":13,"38":13,"39":13,"40":3},"f":{"0":40,"1":3,"2":27,"3":13},"b":{"0":[2,38],"1":[40,39],"2":[4,34],"3":[9,25],"4":[6,19],"5":[11,8],"6":[3,5],"7":[7,31],"8":[22],"9":[11]}}
}
