TN:
SF:src/TemporalUtils.ts
FN:20,(anonymous_0)
FN:27,(anonymous_1)
FN:35,(anonymous_2)
FN:49,(anonymous_3)
FN:58,(anonymous_4)
FN:117,(anonymous_5)
FN:124,(anonymous_6)
FN:137,(anonymous_7)
FN:144,(anonymous_8)
FN:151,(anonymous_9)
FN:173,(anonymous_10)
FN:180,(anonymous_11)
FN:187,(anonymous_12)
FNF:13
FNH:11
FNDA:19,(anonymous_0)
FNDA:42,(anonymous_1)
FNDA:5,(anonymous_2)
FNDA:645,(anonymous_3)
FNDA:605,(anonymous_4)
FNDA:2,(anonymous_5)
FNDA:231,(anonymous_6)
FNDA:1,(anonymous_7)
FNDA:1,(anonymous_8)
FNDA:8,(anonymous_9)
FNDA:0,(anonymous_10)
FNDA:2,(anonymous_11)
FNDA:0,(anonymous_12)
DA:9,9
DA:12,9
DA:14,9
DA:15,9
DA:21,19
DA:28,42
DA:36,5
DA:39,5
DA:40,4
DA:42,1
DA:50,645
DA:59,605
DA:61,605
DA:62,0
DA:66,605
DA:67,295
DA:69,310
DA:70,249
DA:71,249
DA:73,61
DA:74,1
DA:78,60
DA:79,0
DA:83,60
DA:84,58
DA:88,58
DA:89,16
DA:91,16
DA:93,42
DA:96,42
DA:97,20
DA:100,22
DA:106,2
DA:107,0
DA:111,2
DA:118,2
DA:125,231
DA:126,231
DA:131,230
DA:138,1
DA:145,1
DA:152,8
DA:153,8
DA:154,7
DA:156,6
DA:157,6
DA:159,6
DA:163,6
DA:167,6
DA:174,0
DA:181,2
DA:188,0
DA:189,0
DA:190,0
DA:192,0
LF:55
LH:47
BRDA:59,0,0,605
BRDA:59,0,1,595
BRDA:61,1,0,0
BRDA:61,1,1,605
BRDA:61,2,0,605
BRDA:61,2,1,605
BRDA:66,3,0,295
BRDA:66,3,1,310
BRDA:67,4,0,0
BRDA:67,4,1,295
BRDA:67,5,0,295
BRDA:67,5,1,0
BRDA:69,6,0,249
BRDA:69,6,1,61
BRDA:69,7,0,310
BRDA:69,7,1,251
BRDA:69,7,2,249
BRDA:71,8,0,0
BRDA:71,8,1,249
BRDA:71,9,0,249
BRDA:71,9,1,5
BRDA:73,10,0,1
BRDA:73,10,1,60
BRDA:78,11,0,0
BRDA:78,11,1,60
BRDA:83,12,0,58
BRDA:83,12,1,2
BRDA:91,13,0,0
BRDA:91,13,1,16
BRDA:91,14,0,16
BRDA:91,14,1,2
BRDA:106,15,0,0
BRDA:106,15,1,2
BRDA:124,16,0,0
BRDA:151,17,0,0
BRDA:159,18,0,3
BRDA:159,18,1,3
BRDA:163,19,0,3
BRDA:163,19,1,3
BRDA:167,20,0,6
BRDA:167,20,1,3
BRF:41
BRH:32
end_of_record
TN:
SF:src/TemporalWrapper.ts
FN:15,getDurationUnit
FN:27,createTokenReplacements
FN:32,(anonymous_2)
FN:33,(anonymous_3)
FN:34,(anonymous_4)
FN:35,(anonymous_5)
FN:36,(anonymous_6)
FN:37,(anonymous_7)
FN:38,(anonymous_8)
FN:39,(anonymous_9)
FN:40,(anonymous_10)
FN:41,(anonymous_11)
FN:42,(anonymous_12)
FN:43,(anonymous_13)
FN:44,(anonymous_14)
FN:45,(anonymous_15)
FN:46,(anonymous_16)
FN:48,(anonymous_17)
FN:49,(anonymous_18)
FN:62,(anonymous_19)
FN:75,(anonymous_20)
FN:83,(anonymous_21)
FN:95,(anonymous_22)
FN:99,(anonymous_23)
FN:103,(anonymous_24)
FN:110,(anonymous_25)
FN:117,(anonymous_26)
FN:124,(anonymous_27)
FN:131,(anonymous_28)
FN:141,(anonymous_29)
FN:169,(anonymous_30)
FN:176,(anonymous_31)
FN:181,(anonymous_32)
FN:187,(anonymous_33)
FN:188,(anonymous_34)
FN:189,(anonymous_35)
FN:190,(anonymous_36)
FN:195,(anonymous_37)
FN:196,(anonymous_38)
FN:197,(anonymous_39)
FN:198,(anonymous_40)
FN:199,(anonymous_41)
FN:200,(anonymous_42)
FN:205,(anonymous_43)
FN:217,(anonymous_44)
FN:260,(anonymous_45)
FN:269,(anonymous_46)
FN:274,(anonymous_47)
FN:279,(anonymous_48)
FN:283,(anonymous_49)
FN:292,(anonymous_50)
FN:301,(anonymous_51)
FN:310,(anonymous_52)
FN:330,(anonymous_53)
FN:339,(anonymous_54)
FNF:55
FNH:53
FNDA:47,getDurationUnit
FNDA:21,createTokenReplacements
FNDA:15,(anonymous_2)
FNDA:1,(anonymous_3)
FNDA:15,(anonymous_4)
FNDA:1,(anonymous_5)
FNDA:15,(anonymous_6)
FNDA:1,(anonymous_7)
FNDA:14,(anonymous_8)
FNDA:1,(anonymous_9)
FNDA:14,(anonymous_10)
FNDA:1,(anonymous_11)
FNDA:9,(anonymous_12)
FNDA:1,(anonymous_13)
FNDA:4,(anonymous_14)
FNDA:2,(anonymous_15)
FNDA:0,(anonymous_16)
FNDA:3,(anonymous_17)
FNDA:0,(anonymous_18)
FNDA:106,(anonymous_19)
FNDA:104,(anonymous_20)
FNDA:58,(anonymous_21)
FNDA:58,(anonymous_22)
FNDA:1539,(anonymous_23)
FNDA:954,(anonymous_24)
FNDA:2,(anonymous_25)
FNDA:23,(anonymous_26)
FNDA:26,(anonymous_27)
FNDA:1,(anonymous_28)
FNDA:10,(anonymous_29)
FNDA:3,(anonymous_30)
FNDA:2,(anonymous_31)
FNDA:2,(anonymous_32)
FNDA:23,(anonymous_33)
FNDA:23,(anonymous_34)
FNDA:22,(anonymous_35)
FNDA:2,(anonymous_36)
FNDA:21,(anonymous_37)
FNDA:18,(anonymous_38)
FNDA:13,(anonymous_39)
FNDA:5,(anonymous_40)
FNDA:1,(anonymous_41)
FNDA:1,(anonymous_42)
FNDA:24,(anonymous_43)
FNDA:98,(anonymous_44)
FNDA:232,(anonymous_45)
FNDA:2,(anonymous_46)
FNDA:3,(anonymous_47)
FNDA:504,(anonymous_48)
FNDA:2,(anonymous_49)
FNDA:2,(anonymous_50)
FNDA:9,(anonymous_51)
FNDA:7,(anonymous_52)
FNDA:3,(anonymous_53)
FNDA:4,(anonymous_54)
DA:8,9
DA:16,47
DA:17,44
DA:25,9
DA:28,21
DA:29,2
DA:31,19
DA:32,15
DA:33,1
DA:34,15
DA:35,1
DA:36,15
DA:37,1
DA:38,14
DA:39,1
DA:40,14
DA:41,1
DA:42,9
DA:43,1
DA:44,4
DA:45,2
DA:46,0
DA:48,3
DA:49,0
DA:51,19
DA:52,19
DA:55,9
DA:63,106
DA:64,106
DA:65,89
DA:67,17
DA:68,17
DA:76,104
DA:85,58
DA:86,58
DA:87,58
DA:88,58
DA:96,58
DA:100,1539
DA:104,954
DA:105,1
DA:107,953
DA:111,2
DA:114,2
DA:118,23
DA:119,22
DA:120,22
DA:121,22
DA:125,26
DA:126,25
DA:127,25
DA:128,25
DA:132,1
DA:133,1
DA:134,1
DA:142,10
DA:143,9
DA:145,2
DA:146,2
DA:149,2
DA:150,2
DA:154,1
DA:155,1
DA:156,1
DA:157,1
DA:160,1
DA:164,3
DA:165,3
DA:170,3
DA:171,3
DA:172,3
DA:173,3
DA:177,2
DA:178,1
DA:182,2
DA:183,2
DA:187,23
DA:188,23
DA:189,22
DA:191,2
DA:192,2
DA:193,2
DA:195,21
DA:196,18
DA:197,13
DA:198,5
DA:199,1
DA:200,1
DA:206,24
DA:207,1
DA:210,23
DA:211,21
DA:212,21
DA:215,21
DA:217,21
DA:219,98
DA:220,1
DA:224,97
DA:225,97
DA:229,0
DA:233,2
DA:234,2
DA:238,2
DA:240,1
DA:247,1
DA:252,1
DA:261,232
DA:262,231
DA:263,231
DA:265,1
DA:270,2
DA:271,2
DA:275,3
DA:276,3
DA:280,504
DA:284,2
DA:285,1
DA:286,1
DA:288,1
DA:293,2
DA:294,1
DA:295,1
DA:297,1
DA:302,9
DA:303,8
DA:304,8
DA:306,2
DA:311,7
DA:312,6
DA:313,6
DA:314,5
DA:316,2
DA:318,2
DA:321,1
DA:323,0
DA:326,1
DA:331,3
DA:332,2
DA:333,2
DA:335,1
DA:340,4
DA:341,3
LF:142
LH:138
BRDA:16,0,0,3
BRDA:16,0,1,44
BRDA:28,1,0,2
BRDA:28,1,1,19
BRDA:46,2,0,0
BRDA:46,2,1,0
BRDA:104,3,0,1
BRDA:104,3,1,953
BRDA:104,4,0,954
BRDA:104,4,1,953
BRDA:111,5,0,0
BRDA:111,5,1,2
BRDA:118,6,0,1
BRDA:118,6,1,22
BRDA:125,7,0,1
BRDA:125,7,1,25
BRDA:132,8,0,0
BRDA:132,8,1,1
BRDA:142,9,0,1
BRDA:142,9,1,9
BRDA:143,10,0,2
BRDA:143,10,1,2
BRDA:143,10,2,1
BRDA:143,10,3,1
BRDA:143,10,4,1
BRDA:143,10,5,2
BRDA:143,10,6,3
BRDA:170,11,0,0
BRDA:170,11,1,3
BRDA:177,12,0,1
BRDA:177,12,1,1
BRDA:182,13,0,0
BRDA:182,13,1,2
BRDA:187,14,0,22
BRDA:187,14,1,1
BRDA:188,15,0,22
BRDA:188,15,1,1
BRDA:189,16,0,21
BRDA:189,16,1,1
BRDA:191,17,0,0
BRDA:191,17,1,2
BRDA:195,18,0,20
BRDA:195,18,1,1
BRDA:196,19,0,17
BRDA:196,19,1,1
BRDA:197,20,0,12
BRDA:197,20,1,1
BRDA:198,21,0,4
BRDA:198,21,1,1
BRDA:199,22,0,0
BRDA:199,22,1,1
BRDA:200,23,0,0
BRDA:200,23,1,1
BRDA:206,24,0,1
BRDA:206,24,1,23
BRDA:210,25,0,21
BRDA:210,25,1,2
BRDA:219,26,0,1
BRDA:219,26,1,97
BRDA:224,27,0,97
BRDA:224,27,1,0
BRDA:234,28,0,2
BRDA:234,28,1,0
BRDA:238,29,0,1
BRDA:238,29,1,1
BRDA:238,30,0,2
BRDA:238,30,1,2
BRDA:238,30,2,1
BRDA:260,31,0,2
BRDA:261,32,0,1
BRDA:261,32,1,231
BRDA:270,33,0,0
BRDA:270,33,1,2
BRDA:275,34,0,0
BRDA:275,34,1,3
BRDA:284,35,0,1
BRDA:284,35,1,1
BRDA:293,36,0,1
BRDA:293,36,1,1
BRDA:301,37,0,4
BRDA:302,38,0,1
BRDA:302,38,1,8
BRDA:311,39,0,1
BRDA:311,39,1,6
BRDA:314,40,0,2
BRDA:314,40,1,2
BRDA:314,40,2,1
BRDA:314,40,3,0
BRDA:318,41,0,2
BRDA:318,41,1,2
BRDA:331,42,0,1
BRDA:331,42,1,2
BRDA:340,43,0,1
BRDA:340,43,1,3
BRF:94
BRH:80
end_of_record
TN:
SF:src/index.ts
FN:19,(anonymous_0)
FN:28,(anonymous_1)
FN:79,(anonymous_2)
FNF:3
FNH:2
FNDA:0,(anonymous_0)
FNDA:91,(anonymous_1)
FNDA:5,(anonymous_2)
DA:10,9
DA:13,9
DA:14,9
DA:15,9
DA:19,9
DA:28,9
DA:30,91
DA:31,2
DA:36,89
DA:39,50
DA:40,50
DA:44,39
DA:49,9
DA:55,9
DA:61,9
DA:67,9
DA:73,9
DA:79,9
DA:80,5
DA:84,9
LF:20
LH:20
BRDA:30,0,0,2
BRDA:30,0,1,89
BRDA:31,1,0,1
BRDA:31,1,1,1
BRDA:36,2,0,50
BRDA:36,2,1,39
BRDA:39,3,0,50
BRDA:39,3,1,50
BRF:8
BRH:8
end_of_record
TN:
SF:src/plugins/customParseFormat.ts
FN:49,parseToISO
FN:54,(anonymous_1)
FN:68,(anonymous_2)
FN:92,(anonymous_3)
FN:93,(anonymous_4)
FNF:5
FNH:5
FNDA:15,parseToISO
FNDA:48,(anonymous_1)
FNDA:36,(anonymous_2)
FNDA:2,(anonymous_3)
FNDA:15,(anonymous_4)
DA:6,2
DA:27,2
DA:42,2
DA:50,15
DA:52,15
DA:54,15
DA:55,48
DA:56,48
DA:60,15
DA:61,15
DA:63,15
DA:64,5
DA:67,10
DA:68,10
DA:70,36
DA:74,10
DA:77,10
DA:78,1
DA:82,9
DA:83,9
DA:84,9
DA:85,9
DA:86,9
DA:88,9
DA:92,2
DA:93,2
DA:98,15
DA:101,15
DA:102,6
DA:106,9
DA:110,2
LF:31
LH:31
BRDA:63,0,0,5
BRDA:63,0,1,10
BRDA:74,1,0,10
BRDA:74,1,1,2
BRDA:74,2,0,1
BRDA:74,2,1,1
BRDA:77,3,0,1
BRDA:77,3,1,9
BRDA:82,4,0,9
BRDA:82,4,1,1
BRDA:82,4,2,0
BRDA:83,5,0,9
BRDA:83,5,1,1
BRDA:83,5,2,0
BRDA:84,6,0,9
BRDA:84,6,1,6
BRDA:84,6,2,6
BRDA:85,7,0,9
BRDA:85,7,1,6
BRDA:85,7,2,6
BRDA:86,8,0,9
BRDA:86,8,1,8
BRDA:86,8,2,8
BRDA:101,9,0,6
BRDA:101,9,1,9
BRF:25
BRH:23
end_of_record
TN:
SF:src/plugins/relativeTime.ts
FN:46,(anonymous_0)
FN:112,(anonymous_1)
FN:113,(anonymous_2)
FN:119,(anonymous_3)
FNF:4
FNH:4
FNDA:40,(anonymous_0)
FNDA:3,(anonymous_1)
FNDA:27,(anonymous_2)
FNDA:13,(anonymous_3)
DA:46,3
DA:52,40
DA:53,2
DA:57,38
DA:65,38
DA:66,38
DA:67,38
DA:68,38
DA:69,38
DA:70,38
DA:76,38
DA:77,4
DA:78,4
DA:79,34
DA:80,9
DA:81,9
DA:82,25
DA:83,6
DA:84,6
DA:85,19
DA:86,11
DA:87,11
DA:88,8
DA:89,3
DA:90,3
DA:92,5
DA:93,5
DA:96,38
DA:99,7
DA:107,31
DA:108,31
DA:112,3
DA:113,3
DA:114,27
DA:115,27
DA:116,27
DA:119,3
DA:120,13
DA:121,13
DA:122,13
DA:126,3
LF:41
LH:41
BRDA:52,0,0,2
BRDA:52,0,1,38
BRDA:52,1,0,40
BRDA:52,1,1,39
BRDA:76,2,0,4
BRDA:76,2,1,34
BRDA:79,3,0,9
BRDA:79,3,1,25
BRDA:82,4,0,6
BRDA:82,4,1,19
BRDA:85,5,0,11
BRDA:85,5,1,8
BRDA:88,6,0,3
BRDA:88,6,1,5
BRDA:96,7,0,7
BRDA:96,7,1,31
BRDA:113,8,0,22
BRDA:119,9,0,11
BRF:18
BRH:18
end_of_record
