TN:
SF:src/TemporalUtils.ts
FN:20,(anonymous_0)
FN:27,(anonymous_1)
FN:35,(anonymous_2)
FN:49,(anonymous_3)
FN:58,(anonymous_4)
FN:117,(anonymous_5)
FN:124,(anonymous_6)
FN:137,(anonymous_7)
FN:144,(anonymous_8)
FN:151,(anonymous_9)
FN:173,(anonymous_10)
FN:180,(anonymous_11)
FN:187,(anonymous_12)
FNF:13
FNH:11
FNDA:19,(anonymous_0)
FNDA:42,(anonymous_1)
FNDA:5,(anonymous_2)
FNDA:653,(anonymous_3)
FNDA:616,(anonymous_4)
FNDA:2,(anonymous_5)
FNDA:231,(anonymous_6)
FNDA:1,(anonymous_7)
FNDA:1,(anonymous_8)
FNDA:8,(anonymous_9)
FNDA:0,(anonymous_10)
FNDA:2,(anonymous_11)
FNDA:0,(anonymous_12)
DA:9,10
DA:12,10
DA:14,10
DA:15,10
DA:21,19
DA:28,42
DA:36,5
DA:39,5
DA:40,4
DA:42,1
DA:50,653
DA:59,616
DA:61,616
DA:62,0
DA:66,616
DA:67,295
DA:69,321
DA:70,250
DA:71,250
DA:73,71
DA:74,1
DA:78,70
DA:79,0
DA:83,70
DA:84,60
DA:88,60
DA:89,16
DA:91,16
DA:93,44
DA:96,44
DA:97,22
DA:100,22
DA:106,10
DA:107,8
DA:111,2
DA:118,2
DA:125,231
DA:126,231
DA:131,230
DA:138,1
DA:145,1
DA:152,8
DA:153,8
DA:154,7
DA:156,6
DA:157,6
DA:159,6
DA:163,6
DA:167,6
DA:174,0
DA:181,2
DA:188,0
DA:189,0
DA:190,0
DA:192,0
LF:55
LH:48
BRDA:59,0,0,616
BRDA:59,0,1,603
BRDA:61,1,0,0
BRDA:61,1,1,616
BRDA:61,2,0,616
BRDA:61,2,1,616
BRDA:66,3,0,295
BRDA:66,3,1,321
BRDA:67,4,0,0
BRDA:67,4,1,295
BRDA:67,5,0,295
BRDA:67,5,1,0
BRDA:69,6,0,250
BRDA:69,6,1,71
BRDA:69,7,0,321
BRDA:69,7,1,252
BRDA:69,7,2,250
BRDA:71,8,0,0
BRDA:71,8,1,250
BRDA:71,9,0,250
BRDA:71,9,1,6
BRDA:73,10,0,1
BRDA:73,10,1,70
BRDA:78,11,0,0
BRDA:78,11,1,70
BRDA:83,12,0,60
BRDA:83,12,1,10
BRDA:91,13,0,0
BRDA:91,13,1,16
BRDA:91,14,0,16
BRDA:91,14,1,2
BRDA:106,15,0,8
BRDA:106,15,1,2
BRDA:124,16,0,0
BRDA:151,17,0,0
BRDA:159,18,0,3
BRDA:159,18,1,3
BRDA:163,19,0,3
BRDA:163,19,1,3
BRDA:167,20,0,6
BRDA:167,20,1,3
BRF:41
BRH:33
end_of_record
TN:
SF:src/TemporalWrapper.ts
FN:15,getDurationUnit
FN:27,createTokenReplacements
FN:32,(anonymous_2)
FN:33,(anonymous_3)
FN:34,(anonymous_4)
FN:35,(anonymous_5)
FN:36,(anonymous_6)
FN:37,(anonymous_7)
FN:38,(anonymous_8)
FN:39,(anonymous_9)
FN:40,(anonymous_10)
FN:41,(anonymous_11)
FN:42,(anonymous_12)
FN:43,(anonymous_13)
FN:44,(anonymous_14)
FN:45,(anonymous_15)
FN:46,(anonymous_16)
FN:48,(anonymous_17)
FN:49,(anonymous_18)
FN:50,(anonymous_19)
FN:63,(anonymous_20)
FN:76,(anonymous_21)
FN:83,(anonymous_22)
FN:93,(anonymous_23)
FN:105,(anonymous_24)
FN:109,(anonymous_25)
FN:113,(anonymous_26)
FN:120,(anonymous_27)
FN:127,(anonymous_28)
FN:134,(anonymous_29)
FN:141,(anonymous_30)
FN:151,(anonymous_31)
FN:179,(anonymous_32)
FN:186,(anonymous_33)
FN:191,(anonymous_34)
FN:197,(anonymous_35)
FN:198,(anonymous_36)
FN:199,(anonymous_37)
FN:200,(anonymous_38)
FN:205,(anonymous_39)
FN:206,(anonymous_40)
FN:207,(anonymous_41)
FN:208,(anonymous_42)
FN:209,(anonymous_43)
FN:210,(anonymous_44)
FN:215,(anonymous_45)
FN:227,(anonymous_46)
FN:270,(anonymous_47)
FN:279,(anonymous_48)
FN:289,(anonymous_49)
FN:313,(anonymous_50)
FN:317,(anonymous_51)
FN:326,(anonymous_52)
FN:335,(anonymous_53)
FN:344,(anonymous_54)
FN:364,(anonymous_55)
FN:373,(anonymous_56)
FNF:57
FNH:55
FNDA:47,getDurationUnit
FNDA:24,createTokenReplacements
FNDA:17,(anonymous_2)
FNDA:1,(anonymous_3)
FNDA:17,(anonymous_4)
FNDA:1,(anonymous_5)
FNDA:17,(anonymous_6)
FNDA:1,(anonymous_7)
FNDA:16,(anonymous_8)
FNDA:1,(anonymous_9)
FNDA:16,(anonymous_10)
FNDA:1,(anonymous_11)
FNDA:10,(anonymous_12)
FNDA:1,(anonymous_13)
FNDA:4,(anonymous_14)
FNDA:2,(anonymous_15)
FNDA:0,(anonymous_16)
FNDA:4,(anonymous_17)
FNDA:0,(anonymous_18)
FNDA:2,(anonymous_19)
FNDA:116,(anonymous_20)
FNDA:109,(anonymous_21)
FNDA:5,(anonymous_22)
FNDA:58,(anonymous_23)
FNDA:58,(anonymous_24)
FNDA:1633,(anonymous_25)
FNDA:1020,(anonymous_26)
FNDA:2,(anonymous_27)
FNDA:23,(anonymous_28)
FNDA:26,(anonymous_29)
FNDA:1,(anonymous_30)
FNDA:10,(anonymous_31)
FNDA:3,(anonymous_32)
FNDA:2,(anonymous_33)
FNDA:2,(anonymous_34)
FNDA:26,(anonymous_35)
FNDA:26,(anonymous_36)
FNDA:25,(anonymous_37)
FNDA:2,(anonymous_38)
FNDA:23,(anonymous_39)
FNDA:20,(anonymous_40)
FNDA:14,(anonymous_41)
FNDA:6,(anonymous_42)
FNDA:1,(anonymous_43)
FNDA:1,(anonymous_44)
FNDA:27,(anonymous_45)
FNDA:112,(anonymous_46)
FNDA:232,(anonymous_47)
FNDA:2,(anonymous_48)
FNDA:10,(anonymous_49)
FNDA:510,(anonymous_50)
FNDA:2,(anonymous_51)
FNDA:2,(anonymous_52)
FNDA:9,(anonymous_53)
FNDA:8,(anonymous_54)
FNDA:3,(anonymous_55)
FNDA:4,(anonymous_56)
DA:8,10
DA:16,47
DA:17,44
DA:25,10
DA:28,24
DA:29,2
DA:31,22
DA:32,17
DA:33,1
DA:34,17
DA:35,1
DA:36,17
DA:37,1
DA:38,16
DA:39,1
DA:40,16
DA:41,1
DA:42,10
DA:43,1
DA:44,4
DA:45,2
DA:46,0
DA:48,4
DA:49,0
DA:50,2
DA:52,22
DA:53,22
DA:56,10
DA:64,116
DA:65,116
DA:66,99
DA:68,17
DA:69,17
DA:77,109
DA:85,5
DA:86,5
DA:95,58
DA:96,58
DA:97,58
DA:98,58
DA:106,58
DA:110,1633
DA:114,1020
DA:115,1
DA:117,1019
DA:121,2
DA:124,2
DA:128,23
DA:129,22
DA:130,22
DA:131,22
DA:135,26
DA:136,25
DA:137,25
DA:138,25
DA:142,1
DA:143,1
DA:144,1
DA:152,10
DA:153,9
DA:155,2
DA:156,2
DA:159,2
DA:160,2
DA:164,1
DA:165,1
DA:166,1
DA:167,1
DA:170,1
DA:174,3
DA:175,3
DA:180,3
DA:181,3
DA:182,3
DA:183,3
DA:187,2
DA:188,1
DA:192,2
DA:193,2
DA:197,26
DA:198,26
DA:199,25
DA:201,2
DA:202,2
DA:203,2
DA:205,23
DA:206,20
DA:207,14
DA:208,6
DA:209,1
DA:210,1
DA:216,27
DA:217,1
DA:220,26
DA:221,24
DA:222,24
DA:225,24
DA:227,24
DA:229,112
DA:230,1
DA:234,111
DA:235,111
DA:239,0
DA:243,2
DA:244,2
DA:248,2
DA:250,1
DA:257,1
DA:262,1
DA:271,232
DA:272,231
DA:273,231
DA:275,1
DA:280,2
DA:281,2
DA:290,10
DA:296,10
DA:297,10
DA:300,10
DA:301,10
DA:305,0
DA:314,510
DA:318,2
DA:319,1
DA:320,1
DA:322,1
DA:327,2
DA:328,1
DA:329,1
DA:331,1
DA:336,9
DA:337,8
DA:338,8
DA:340,2
DA:345,8
DA:346,7
DA:347,7
DA:348,6
DA:350,2
DA:352,2
DA:355,1
DA:357,1
DA:360,1
DA:365,3
DA:366,2
DA:367,2
DA:369,1
DA:374,4
DA:375,3
LF:149
LH:145
BRDA:16,0,0,3
BRDA:16,0,1,44
BRDA:28,1,0,2
BRDA:28,1,1,22
BRDA:46,2,0,0
BRDA:46,2,1,0
BRDA:114,3,0,1
BRDA:114,3,1,1019
BRDA:114,4,0,1020
BRDA:114,4,1,1019
BRDA:121,5,0,0
BRDA:121,5,1,2
BRDA:128,6,0,1
BRDA:128,6,1,22
BRDA:135,7,0,1
BRDA:135,7,1,25
BRDA:142,8,0,0
BRDA:142,8,1,1
BRDA:152,9,0,1
BRDA:152,9,1,9
BRDA:153,10,0,2
BRDA:153,10,1,2
BRDA:153,10,2,1
BRDA:153,10,3,1
BRDA:153,10,4,1
BRDA:153,10,5,2
BRDA:153,10,6,3
BRDA:180,11,0,0
BRDA:180,11,1,3
BRDA:187,12,0,1
BRDA:187,12,1,1
BRDA:192,13,0,0
BRDA:192,13,1,2
BRDA:197,14,0,25
BRDA:197,14,1,1
BRDA:198,15,0,25
BRDA:198,15,1,1
BRDA:199,16,0,24
BRDA:199,16,1,1
BRDA:201,17,0,0
BRDA:201,17,1,2
BRDA:205,18,0,22
BRDA:205,18,1,1
BRDA:206,19,0,19
BRDA:206,19,1,1
BRDA:207,20,0,13
BRDA:207,20,1,1
BRDA:208,21,0,5
BRDA:208,21,1,1
BRDA:209,22,0,0
BRDA:209,22,1,1
BRDA:210,23,0,0
BRDA:210,23,1,1
BRDA:216,24,0,1
BRDA:216,24,1,26
BRDA:220,25,0,24
BRDA:220,25,1,2
BRDA:229,26,0,1
BRDA:229,26,1,111
BRDA:234,27,0,111
BRDA:234,27,1,0
BRDA:244,28,0,2
BRDA:244,28,1,0
BRDA:248,29,0,1
BRDA:248,29,1,1
BRDA:248,30,0,2
BRDA:248,30,1,2
BRDA:248,30,2,1
BRDA:270,31,0,2
BRDA:271,32,0,1
BRDA:271,32,1,231
BRDA:280,33,0,0
BRDA:280,33,1,2
BRDA:290,34,0,0
BRDA:290,34,1,10
BRDA:296,35,0,10
BRDA:296,35,1,8
BRDA:296,35,2,8
BRDA:297,36,0,2
BRDA:297,36,1,8
BRDA:300,37,0,10
BRDA:300,37,1,0
BRDA:318,38,0,1
BRDA:318,38,1,1
BRDA:327,39,0,1
BRDA:327,39,1,1
BRDA:335,40,0,4
BRDA:336,41,0,1
BRDA:336,41,1,8
BRDA:345,42,0,1
BRDA:345,42,1,7
BRDA:348,43,0,2
BRDA:348,43,1,2
BRDA:348,43,2,1
BRDA:348,43,3,1
BRDA:352,44,0,2
BRDA:352,44,1,2
BRDA:365,45,0,1
BRDA:365,45,1,2
BRDA:374,46,0,1
BRDA:374,46,1,3
BRF:101
BRH:87
end_of_record
TN:
SF:src/index.ts
FN:16,(anonymous_0)
FN:25,(anonymous_1)
FN:86,(anonymous_2)
FNF:3
FNH:2
FNDA:0,(anonymous_0)
FNDA:96,(anonymous_1)
FNDA:5,(anonymous_2)
DA:8,10
DA:10,10
DA:11,10
DA:12,10
DA:16,10
DA:25,10
DA:27,96
DA:28,2
DA:31,94
DA:33,50
DA:34,50
DA:38,44
DA:42,10
DA:50,10
DA:56,10
DA:62,10
DA:68,10
DA:74,10
DA:80,10
DA:86,10
DA:87,5
DA:91,10
LF:22
LH:22
BRDA:27,0,0,2
BRDA:27,0,1,94
BRDA:28,1,0,1
BRDA:28,1,1,1
BRDA:31,2,0,50
BRDA:31,2,1,44
BRDA:33,3,0,50
BRDA:33,3,1,50
BRF:8
BRH:8
end_of_record
TN:
SF:src/plugins/customParseFormat.ts
FN:49,parseToISO
FN:54,(anonymous_1)
FN:68,(anonymous_2)
FN:92,(anonymous_3)
FN:93,(anonymous_4)
FNF:5
FNH:5
FNDA:15,parseToISO
FNDA:48,(anonymous_1)
FNDA:36,(anonymous_2)
FNDA:2,(anonymous_3)
FNDA:15,(anonymous_4)
DA:6,2
DA:27,2
DA:42,2
DA:50,15
DA:52,15
DA:54,15
DA:55,48
DA:56,48
DA:60,15
DA:61,15
DA:63,15
DA:64,5
DA:67,10
DA:68,10
DA:70,36
DA:74,10
DA:77,10
DA:78,1
DA:82,9
DA:83,9
DA:84,9
DA:85,9
DA:86,9
DA:88,9
DA:92,2
DA:93,2
DA:98,15
DA:101,15
DA:102,6
DA:106,9
DA:110,2
LF:31
LH:31
BRDA:63,0,0,5
BRDA:63,0,1,10
BRDA:74,1,0,10
BRDA:74,1,1,2
BRDA:74,2,0,1
BRDA:74,2,1,1
BRDA:77,3,0,1
BRDA:77,3,1,9
BRDA:82,4,0,9
BRDA:82,4,1,1
BRDA:82,4,2,0
BRDA:83,5,0,9
BRDA:83,5,1,1
BRDA:83,5,2,0
BRDA:84,6,0,9
BRDA:84,6,1,6
BRDA:84,6,2,6
BRDA:85,7,0,9
BRDA:85,7,1,6
BRDA:85,7,2,6
BRDA:86,8,0,9
BRDA:86,8,1,8
BRDA:86,8,2,8
BRDA:101,9,0,6
BRDA:101,9,1,9
BRF:25
BRH:23
end_of_record
TN:
SF:src/plugins/relativeTime.ts
FN:46,(anonymous_0)
FN:112,(anonymous_1)
FN:113,(anonymous_2)
FN:119,(anonymous_3)
FNF:4
FNH:4
FNDA:40,(anonymous_0)
FNDA:3,(anonymous_1)
FNDA:27,(anonymous_2)
FNDA:13,(anonymous_3)
DA:46,3
DA:52,40
DA:53,2
DA:57,38
DA:65,38
DA:66,38
DA:67,38
DA:68,38
DA:69,38
DA:70,38
DA:76,38
DA:77,4
DA:78,4
DA:79,34
DA:80,9
DA:81,9
DA:82,25
DA:83,6
DA:84,6
DA:85,19
DA:86,11
DA:87,11
DA:88,8
DA:89,3
DA:90,3
DA:92,5
DA:93,5
DA:96,38
DA:99,7
DA:107,31
DA:108,31
DA:112,3
DA:113,3
DA:114,27
DA:115,27
DA:116,27
DA:119,3
DA:120,13
DA:121,13
DA:122,13
DA:126,3
LF:41
LH:41
BRDA:52,0,0,2
BRDA:52,0,1,38
BRDA:52,1,0,40
BRDA:52,1,1,39
BRDA:76,2,0,4
BRDA:76,2,1,34
BRDA:79,3,0,9
BRDA:79,3,1,25
BRDA:82,4,0,6
BRDA:82,4,1,19
BRDA:85,5,0,11
BRDA:85,5,1,8
BRDA:88,6,0,3
BRDA:88,6,1,5
BRDA:96,7,0,7
BRDA:96,7,1,31
BRDA:113,8,0,22
BRDA:119,9,0,11
BRF:18
BRH:18
end_of_record
